The system is: Linux - 3.10.0-957.10.1.el7.x86_64 - x86_64
Compiling the C compiler identification source file "CMakeCCompilerId.c" succeeded.
Compiler: /cvmfs/sft.cern.ch/lcg/releases/gcc/7.3.0-cb1ee/x86_64-centos7/bin/gcc 
Build flags: 
Id flags:  

The output was:
0


Compilation of the C compiler identification source "CMakeCCompilerId.c" produced "a.out"

The C compiler identification is GNU, found in "/afs/cern.ch/na62/offline/NA62FW/dev/rcurrent/NA62MC/build-cc7/CMakeFiles/3.8.1/CompilerIdC/a.out"

Compiling the CXX compiler identification source file "CMakeCXXCompilerId.cpp" succeeded.
Compiler: /cvmfs/sft.cern.ch/lcg/releases/gcc/7.3.0-cb1ee/x86_64-centos7/bin/g++ 
Build flags: 
Id flags:  

The output was:
0


Compilation of the CXX compiler identification source "CMakeCXXCompilerId.cpp" produced "a.out"

The CXX compiler identification is GNU, found in "/afs/cern.ch/na62/offline/NA62FW/dev/rcurrent/NA62MC/build-cc7/CMakeFiles/3.8.1/CompilerIdCXX/a.out"

Compiling the Fortran compiler identification source file "CMakeFortranCompilerId.F" succeeded.
Compiler: /cvmfs/sft.cern.ch/lcg/releases/gcc/7.3.0-cb1ee/x86_64-centos7/bin/gfortran 
Build flags: 
Id flags: -v 

The output was:
0
Driving: /cvmfs/sft.cern.ch/lcg/releases/gcc/7.3.0-cb1ee/x86_64-centos7/bin/gfortran -v CMakeFortranCompilerId.F -l gfortran -l m -shared-libgcc
Using built-in specs.
COLLECT_GCC=/cvmfs/sft.cern.ch/lcg/releases/gcc/7.3.0-cb1ee/x86_64-centos7/bin/gfortran
COLLECT_LTO_WRAPPER=/cvmfs/sft.cern.ch/lcg/releases/gcc/7.3.0-cb1ee/x86_64-centos7/bin/../libexec/gcc/x86_64-pc-linux-gnu/7.3.0/lto-wrapper
Target: x86_64-pc-linux-gnu
Configured with: /afs/cern.ch/cms/CAF/CMSCOMM/COMM_ECAL/dkonst/GCC/build/contrib/gcc-7.3.0/src/gcc/7.3.0/configure --prefix=/afs/cern.ch/cms/CAF/CMSCOMM/COMM_ECAL/dkonst/GCC/lcgcmake-install/gcc/7.3.0/x86_64-centos7 -with-system-zlib --disable-multilib --enable-languages=all --with-gnu-ld --with-ld=/afs/cern.ch/cms/CAF/CMSCOMM/COMM_ECAL/dkonst/GCC/lcgcmake-install/binutils/2.28/x86_64-centos7/bin/ld --with-gnu-as --with-as=/afs/cern.ch/cms/CAF/CMSCOMM/COMM_ECAL/dkonst/GCC/lcgcmake-install/binutils/2.28/x86_64-centos7/bin/as
Thread model: posix
gcc version 7.3.0 (GCC) 
COLLECT_GCC_OPTIONS='-v' '-shared-libgcc' '-mtune=generic' '-march=x86-64'
 /cvmfs/sft.cern.ch/lcg/releases/gcc/7.3.0-cb1ee/x86_64-centos7/bin/../libexec/gcc/x86_64-pc-linux-gnu/7.3.0/f951 CMakeFortranCompilerId.F -ffixed-form -cpp=/tmp/ccXJJmFD.f90 -quiet -v -iprefix /cvmfs/sft.cern.ch/lcg/releases/gcc/7.3.0-cb1ee/x86_64-centos7/bin/../lib/gcc/x86_64-pc-linux-gnu/7.3.0/ -isystem /cvmfs/sft.cern.ch/lcg/releases/gcc/7.3.0-cb1ee/x86_64-centos7/include CMakeFortranCompilerId.F -quiet -dumpbase CMakeFortranCompilerId.F -mtune=generic -march=x86-64 -auxbase CMakeFortranCompilerId -version -fintrinsic-modules-path /cvmfs/sft.cern.ch/lcg/releases/gcc/7.3.0-cb1ee/x86_64-centos7/bin/../lib/gcc/x86_64-pc-linux-gnu/7.3.0/finclude -o /tmp/ccrf8PZk.s
GNU Fortran (GCC) version 7.3.0 (x86_64-pc-linux-gnu)
	compiled by GNU C version 7.3.0, GMP version 6.1.0, MPFR version 3.1.4, MPC version 1.0.3, isl version isl-0.16.1-GMP

GGC heuristics: --param ggc-min-expand=100 --param ggc-min-heapsize=131072
ignoring nonexistent directory "/cvmfs/sft.cern.ch/lcg/releases/gcc/7.3.0-cb1ee/x86_64-centos7/bin/../lib/gcc/x86_64-pc-linux-gnu/7.3.0/../../../../x86_64-pc-linux-gnu/include"
ignoring duplicate directory "/cvmfs/sft.cern.ch/lcg/releases/gcc/7.3.0-cb1ee/x86_64-centos7/bin/../lib/gcc/../../lib/gcc/x86_64-pc-linux-gnu/7.3.0/include"
ignoring duplicate directory "/cvmfs/sft.cern.ch/lcg/releases/gcc/7.3.0-cb1ee/x86_64-centos7/bin/../lib/gcc/../../lib/gcc/x86_64-pc-linux-gnu/7.3.0/include-fixed"
ignoring nonexistent directory "/cvmfs/sft.cern.ch/lcg/releases/gcc/7.3.0-cb1ee/x86_64-centos7/bin/../lib/gcc/../../lib/gcc/x86_64-pc-linux-gnu/7.3.0/../../../../x86_64-pc-linux-gnu/include"
ignoring duplicate directory "/cvmfs/sft.cern.ch/lcg/releases/gcc/7.3.0-cb1ee/x86_64-centos7/include"
  as it is a non-system directory that duplicates a system directory
#include "..." search starts here:
#include <...> search starts here:
 /cvmfs/sft.cern.ch/lcg/releases/gcc/7.3.0-cb1ee/x86_64-centos7/bin/../lib/gcc/x86_64-pc-linux-gnu/7.3.0/finclude
 /cvmfs/sft.cern.ch/lcg/releases/gcc/7.3.0-cb1ee/x86_64-centos7/bin/../lib/gcc/x86_64-pc-linux-gnu/7.3.0/include
 /cvmfs/sft.cern.ch/lcg/releases/gcc/7.3.0-cb1ee/x86_64-centos7/bin/../lib/gcc/x86_64-pc-linux-gnu/7.3.0/include-fixed
 /usr/local/include
 /cvmfs/sft.cern.ch/lcg/releases/gcc/7.3.0-cb1ee/x86_64-centos7/bin/../lib/gcc/../../include
 /usr/include
End of search list.
GNU Fortran2008 (GCC) version 7.3.0 (x86_64-pc-linux-gnu)
	compiled by GNU C version 7.3.0, GMP version 6.1.0, MPFR version 3.1.4, MPC version 1.0.3, isl version isl-0.16.1-GMP

GGC heuristics: --param ggc-min-expand=100 --param ggc-min-heapsize=131072
COLLECT_GCC_OPTIONS='-v' '-shared-libgcc' '-mtune=generic' '-march=x86-64'
 as -v --64 -o /tmp/ccSVqAq3.o /tmp/ccrf8PZk.s
GNU assembler version 2.28 (x86_64-pc-linux-gnu) using BFD version (GNU Binutils) 2.28
Reading specs from /cvmfs/sft.cern.ch/lcg/releases/gcc/7.3.0-cb1ee/x86_64-centos7/bin/../lib/gcc/x86_64-pc-linux-gnu/7.3.0/../../../../lib64/libgfortran.spec
rename spec lib to liborig
COLLECT_GCC_OPTIONS='-v' '-shared-libgcc' '-mtune=generic' '-march=x86-64'
COMPILER_PATH=/cvmfs/sft.cern.ch/lcg/releases/gcc/7.3.0-cb1ee/x86_64-centos7/bin/../libexec/gcc/x86_64-pc-linux-gnu/7.3.0/:/cvmfs/sft.cern.ch/lcg/releases/gcc/7.3.0-cb1ee/x86_64-centos7/bin/../libexec/gcc/:/cvmfs/sft.cern.ch/lcg/releases/gcc/7.3.0-cb1ee/x86_64-centos7/
LIBRARY_PATH=/cvmfs/sft.cern.ch/lcg/releases/gcc/7.3.0-cb1ee/x86_64-centos7/bin/../lib/gcc/x86_64-pc-linux-gnu/7.3.0/:/cvmfs/sft.cern.ch/lcg/releases/gcc/7.3.0-cb1ee/x86_64-centos7/bin/../lib/gcc/:/cvmfs/sft.cern.ch/lcg/releases/gcc/7.3.0-cb1ee/x86_64-centos7/bin/../lib/gcc/x86_64-pc-linux-gnu/7.3.0/../../../../lib64/:/lib/../lib64/:/usr/lib/../lib64/:/cvmfs/sft.cern.ch/lcg/releases/gcc/7.3.0-cb1ee/x86_64-centos7/bin/../lib/gcc/x86_64-pc-linux-gnu/7.3.0/../../../:/lib/:/usr/lib/
COLLECT_GCC_OPTIONS='-v' '-shared-libgcc' '-mtune=generic' '-march=x86-64'
 /cvmfs/sft.cern.ch/lcg/releases/gcc/7.3.0-cb1ee/x86_64-centos7/bin/../libexec/gcc/x86_64-pc-linux-gnu/7.3.0/collect2 -plugin /cvmfs/sft.cern.ch/lcg/releases/gcc/7.3.0-cb1ee/x86_64-centos7/bin/../libexec/gcc/x86_64-pc-linux-gnu/7.3.0/liblto_plugin.so -plugin-opt=/cvmfs/sft.cern.ch/lcg/releases/gcc/7.3.0-cb1ee/x86_64-centos7/bin/../libexec/gcc/x86_64-pc-linux-gnu/7.3.0/lto-wrapper -plugin-opt=-fresolution=/tmp/ccmiRHUL.res -plugin-opt=-pass-through=-lgcc_s -plugin-opt=-pass-through=-lgcc -plugin-opt=-pass-through=-lquadmath -plugin-opt=-pass-through=-lm -plugin-opt=-pass-through=-lgcc_s -plugin-opt=-pass-through=-lgcc -plugin-opt=-pass-through=-lc -plugin-opt=-pass-through=-lgcc_s -plugin-opt=-pass-through=-lgcc --eh-frame-hdr -m elf_x86_64 -dynamic-linker /lib64/ld-linux-x86-64.so.2 /lib/../lib64/crt1.o /lib/../lib64/crti.o /cvmfs/sft.cern.ch/lcg/releases/gcc/7.3.0-cb1ee/x86_64-centos7/bin/../lib/gcc/x86_64-pc-linux-gnu/7.3.0/crtbegin.o -L/cvmfs/sft.cern.ch/lcg/releases/gcc/7.3.0-cb1ee/x86_64-centos7/bin/../lib/gcc/x86_64-pc-linux-gnu/7.3.0 -L/cvmfs/sft.cern.ch/lcg/releases/gcc/7.3.0-cb1ee/x86_64-centos7/bin/../lib/gcc -L/cvmfs/sft.cern.ch/lcg/releases/gcc/7.3.0-cb1ee/x86_64-centos7/bin/../lib/gcc/x86_64-pc-linux-gnu/7.3.0/../../../../lib64 -L/lib/../lib64 -L/usr/lib/../lib64 -L/cvmfs/sft.cern.ch/lcg/releases/gcc/7.3.0-cb1ee/x86_64-centos7/bin/../lib/gcc/x86_64-pc-linux-gnu/7.3.0/../../.. /tmp/ccSVqAq3.o -lgfortran -lm -lgcc_s -lgcc -lquadmath -lm -lgcc_s -lgcc -lc -lgcc_s -lgcc /cvmfs/sft.cern.ch/lcg/releases/gcc/7.3.0-cb1ee/x86_64-centos7/bin/../lib/gcc/x86_64-pc-linux-gnu/7.3.0/crtend.o /lib/../lib64/crtn.o
COLLECT_GCC_OPTIONS='-v' '-shared-libgcc' '-mtune=generic' '-march=x86-64'


Compilation of the Fortran compiler identification source "CMakeFortranCompilerId.F" produced "a.out"

The Fortran compiler identification is GNU, found in "/afs/cern.ch/na62/offline/NA62FW/dev/rcurrent/NA62MC/build-cc7/CMakeFiles/3.8.1/CompilerIdFortran/a.out"

Determining if the C compiler works passed with the following output:
Change Dir: /afs/cern.ch/na62/offline/NA62FW/dev/rcurrent/NA62MC/build-cc7/CMakeFiles/CMakeTmp

Run Build Command:"/usr/bin/gmake" "cmTC_ac6f2/fast"
gmake[1]: Entering directory `/afs/cern.ch/na62/offline/NA62FW/dev/rcurrent/NA62MC/build-cc7/CMakeFiles/CMakeTmp'
/usr/bin/gmake -f CMakeFiles/cmTC_ac6f2.dir/build.make CMakeFiles/cmTC_ac6f2.dir/build
gmake[2]: Entering directory `/afs/cern.ch/na62/offline/NA62FW/dev/rcurrent/NA62MC/build-cc7/CMakeFiles/CMakeTmp'
Building C object CMakeFiles/cmTC_ac6f2.dir/testCCompiler.c.o
/cvmfs/sft.cern.ch/lcg/releases/gcc/7.3.0-cb1ee/x86_64-centos7/bin/gcc    -o CMakeFiles/cmTC_ac6f2.dir/testCCompiler.c.o   -c /afs/cern.ch/na62/offline/NA62FW/dev/rcurrent/NA62MC/build-cc7/CMakeFiles/CMakeTmp/testCCompiler.c
Linking C executable cmTC_ac6f2
/cvmfs/sft.cern.ch/lcg/contrib/CMake/3.8.1/Linux-x86_64/bin/cmake -E cmake_link_script CMakeFiles/cmTC_ac6f2.dir/link.txt --verbose=1
/cvmfs/sft.cern.ch/lcg/releases/gcc/7.3.0-cb1ee/x86_64-centos7/bin/gcc      -rdynamic CMakeFiles/cmTC_ac6f2.dir/testCCompiler.c.o  -o cmTC_ac6f2 
gmake[2]: Leaving directory `/afs/cern.ch/na62/offline/NA62FW/dev/rcurrent/NA62MC/build-cc7/CMakeFiles/CMakeTmp'
gmake[1]: Leaving directory `/afs/cern.ch/na62/offline/NA62FW/dev/rcurrent/NA62MC/build-cc7/CMakeFiles/CMakeTmp'


Detecting C compiler ABI info compiled with the following output:
Change Dir: /afs/cern.ch/na62/offline/NA62FW/dev/rcurrent/NA62MC/build-cc7/CMakeFiles/CMakeTmp

Run Build Command:"/usr/bin/gmake" "cmTC_678eb/fast"
gmake[1]: Entering directory `/afs/cern.ch/na62/offline/NA62FW/dev/rcurrent/NA62MC/build-cc7/CMakeFiles/CMakeTmp'
/usr/bin/gmake -f CMakeFiles/cmTC_678eb.dir/build.make CMakeFiles/cmTC_678eb.dir/build
gmake[2]: Entering directory `/afs/cern.ch/na62/offline/NA62FW/dev/rcurrent/NA62MC/build-cc7/CMakeFiles/CMakeTmp'
Building C object CMakeFiles/cmTC_678eb.dir/CMakeCCompilerABI.c.o
/cvmfs/sft.cern.ch/lcg/releases/gcc/7.3.0-cb1ee/x86_64-centos7/bin/gcc    -o CMakeFiles/cmTC_678eb.dir/CMakeCCompilerABI.c.o   -c /cvmfs/sft.cern.ch/lcg/contrib/CMake/3.8.1/Linux-x86_64/share/cmake-3.8/Modules/CMakeCCompilerABI.c
Linking C executable cmTC_678eb
/cvmfs/sft.cern.ch/lcg/contrib/CMake/3.8.1/Linux-x86_64/bin/cmake -E cmake_link_script CMakeFiles/cmTC_678eb.dir/link.txt --verbose=1
/cvmfs/sft.cern.ch/lcg/releases/gcc/7.3.0-cb1ee/x86_64-centos7/bin/gcc     -v -rdynamic CMakeFiles/cmTC_678eb.dir/CMakeCCompilerABI.c.o  -o cmTC_678eb 
Using built-in specs.
COLLECT_GCC=/cvmfs/sft.cern.ch/lcg/releases/gcc/7.3.0-cb1ee/x86_64-centos7/bin/gcc
COLLECT_LTO_WRAPPER=/cvmfs/sft.cern.ch/lcg/releases/gcc/7.3.0-cb1ee/x86_64-centos7/bin/../libexec/gcc/x86_64-pc-linux-gnu/7.3.0/lto-wrapper
Target: x86_64-pc-linux-gnu
Configured with: /afs/cern.ch/cms/CAF/CMSCOMM/COMM_ECAL/dkonst/GCC/build/contrib/gcc-7.3.0/src/gcc/7.3.0/configure --prefix=/afs/cern.ch/cms/CAF/CMSCOMM/COMM_ECAL/dkonst/GCC/lcgcmake-install/gcc/7.3.0/x86_64-centos7 -with-system-zlib --disable-multilib --enable-languages=all --with-gnu-ld --with-ld=/afs/cern.ch/cms/CAF/CMSCOMM/COMM_ECAL/dkonst/GCC/lcgcmake-install/binutils/2.28/x86_64-centos7/bin/ld --with-gnu-as --with-as=/afs/cern.ch/cms/CAF/CMSCOMM/COMM_ECAL/dkonst/GCC/lcgcmake-install/binutils/2.28/x86_64-centos7/bin/as
Thread model: posix
gcc version 7.3.0 (GCC) 
COMPILER_PATH=/cvmfs/sft.cern.ch/lcg/releases/gcc/7.3.0-cb1ee/x86_64-centos7/bin/../libexec/gcc/x86_64-pc-linux-gnu/7.3.0/:/cvmfs/sft.cern.ch/lcg/releases/gcc/7.3.0-cb1ee/x86_64-centos7/bin/../libexec/gcc/:/cvmfs/sft.cern.ch/lcg/releases/gcc/7.3.0-cb1ee/x86_64-centos7/
LIBRARY_PATH=/cvmfs/sft.cern.ch/lcg/releases/gcc/7.3.0-cb1ee/x86_64-centos7/bin/../lib/gcc/x86_64-pc-linux-gnu/7.3.0/:/cvmfs/sft.cern.ch/lcg/releases/gcc/7.3.0-cb1ee/x86_64-centos7/bin/../lib/gcc/:/cvmfs/sft.cern.ch/lcg/releases/gcc/7.3.0-cb1ee/x86_64-centos7/bin/../lib/gcc/x86_64-pc-linux-gnu/7.3.0/../../../../lib64/:/lib/../lib64/:/usr/lib/../lib64/:/cvmfs/sft.cern.ch/lcg/releases/gcc/7.3.0-cb1ee/x86_64-centos7/bin/../lib/gcc/x86_64-pc-linux-gnu/7.3.0/../../../:/lib/:/usr/lib/
COLLECT_GCC_OPTIONS='-v' '-rdynamic' '-o' 'cmTC_678eb' '-mtune=generic' '-march=x86-64'
 /cvmfs/sft.cern.ch/lcg/releases/gcc/7.3.0-cb1ee/x86_64-centos7/bin/../libexec/gcc/x86_64-pc-linux-gnu/7.3.0/collect2 -plugin /cvmfs/sft.cern.ch/lcg/releases/gcc/7.3.0-cb1ee/x86_64-centos7/bin/../libexec/gcc/x86_64-pc-linux-gnu/7.3.0/liblto_plugin.so -plugin-opt=/cvmfs/sft.cern.ch/lcg/releases/gcc/7.3.0-cb1ee/x86_64-centos7/bin/../libexec/gcc/x86_64-pc-linux-gnu/7.3.0/lto-wrapper -plugin-opt=-fresolution=/tmp/ccz7QhL5.res -plugin-opt=-pass-through=-lgcc -plugin-opt=-pass-through=-lgcc_s -plugin-opt=-pass-through=-lc -plugin-opt=-pass-through=-lgcc -plugin-opt=-pass-through=-lgcc_s --eh-frame-hdr -m elf_x86_64 -export-dynamic -dynamic-linker /lib64/ld-linux-x86-64.so.2 -o cmTC_678eb /lib/../lib64/crt1.o /lib/../lib64/crti.o /cvmfs/sft.cern.ch/lcg/releases/gcc/7.3.0-cb1ee/x86_64-centos7/bin/../lib/gcc/x86_64-pc-linux-gnu/7.3.0/crtbegin.o -L/cvmfs/sft.cern.ch/lcg/releases/gcc/7.3.0-cb1ee/x86_64-centos7/bin/../lib/gcc/x86_64-pc-linux-gnu/7.3.0 -L/cvmfs/sft.cern.ch/lcg/releases/gcc/7.3.0-cb1ee/x86_64-centos7/bin/../lib/gcc -L/cvmfs/sft.cern.ch/lcg/releases/gcc/7.3.0-cb1ee/x86_64-centos7/bin/../lib/gcc/x86_64-pc-linux-gnu/7.3.0/../../../../lib64 -L/lib/../lib64 -L/usr/lib/../lib64 -L/cvmfs/sft.cern.ch/lcg/releases/gcc/7.3.0-cb1ee/x86_64-centos7/bin/../lib/gcc/x86_64-pc-linux-gnu/7.3.0/../../.. CMakeFiles/cmTC_678eb.dir/CMakeCCompilerABI.c.o -lgcc --as-needed -lgcc_s --no-as-needed -lc -lgcc --as-needed -lgcc_s --no-as-needed /cvmfs/sft.cern.ch/lcg/releases/gcc/7.3.0-cb1ee/x86_64-centos7/bin/../lib/gcc/x86_64-pc-linux-gnu/7.3.0/crtend.o /lib/../lib64/crtn.o
COLLECT_GCC_OPTIONS='-v' '-rdynamic' '-o' 'cmTC_678eb' '-mtune=generic' '-march=x86-64'
gmake[2]: Leaving directory `/afs/cern.ch/na62/offline/NA62FW/dev/rcurrent/NA62MC/build-cc7/CMakeFiles/CMakeTmp'
gmake[1]: Leaving directory `/afs/cern.ch/na62/offline/NA62FW/dev/rcurrent/NA62MC/build-cc7/CMakeFiles/CMakeTmp'


Parsed C implicit link information from above output:
  link line regex: [^( *|.*[/\])(ld|([^/\]+-)?ld|collect2)[^/\]*( |$)]
  ignore line: [Change Dir: /afs/cern.ch/na62/offline/NA62FW/dev/rcurrent/NA62MC/build-cc7/CMakeFiles/CMakeTmp]
  ignore line: []
  ignore line: [Run Build Command:"/usr/bin/gmake" "cmTC_678eb/fast"]
  ignore line: [gmake[1]: Entering directory `/afs/cern.ch/na62/offline/NA62FW/dev/rcurrent/NA62MC/build-cc7/CMakeFiles/CMakeTmp']
  ignore line: [/usr/bin/gmake -f CMakeFiles/cmTC_678eb.dir/build.make CMakeFiles/cmTC_678eb.dir/build]
  ignore line: [gmake[2]: Entering directory `/afs/cern.ch/na62/offline/NA62FW/dev/rcurrent/NA62MC/build-cc7/CMakeFiles/CMakeTmp']
  ignore line: [Building C object CMakeFiles/cmTC_678eb.dir/CMakeCCompilerABI.c.o]
  ignore line: [/cvmfs/sft.cern.ch/lcg/releases/gcc/7.3.0-cb1ee/x86_64-centos7/bin/gcc    -o CMakeFiles/cmTC_678eb.dir/CMakeCCompilerABI.c.o   -c /cvmfs/sft.cern.ch/lcg/contrib/CMake/3.8.1/Linux-x86_64/share/cmake-3.8/Modules/CMakeCCompilerABI.c]
  ignore line: [Linking C executable cmTC_678eb]
  ignore line: [/cvmfs/sft.cern.ch/lcg/contrib/CMake/3.8.1/Linux-x86_64/bin/cmake -E cmake_link_script CMakeFiles/cmTC_678eb.dir/link.txt --verbose=1]
  ignore line: [/cvmfs/sft.cern.ch/lcg/releases/gcc/7.3.0-cb1ee/x86_64-centos7/bin/gcc     -v -rdynamic CMakeFiles/cmTC_678eb.dir/CMakeCCompilerABI.c.o  -o cmTC_678eb ]
  ignore line: [Using built-in specs.]
  ignore line: [COLLECT_GCC=/cvmfs/sft.cern.ch/lcg/releases/gcc/7.3.0-cb1ee/x86_64-centos7/bin/gcc]
  ignore line: [COLLECT_LTO_WRAPPER=/cvmfs/sft.cern.ch/lcg/releases/gcc/7.3.0-cb1ee/x86_64-centos7/bin/../libexec/gcc/x86_64-pc-linux-gnu/7.3.0/lto-wrapper]
  ignore line: [Target: x86_64-pc-linux-gnu]
  ignore line: [Configured with: /afs/cern.ch/cms/CAF/CMSCOMM/COMM_ECAL/dkonst/GCC/build/contrib/gcc-7.3.0/src/gcc/7.3.0/configure --prefix=/afs/cern.ch/cms/CAF/CMSCOMM/COMM_ECAL/dkonst/GCC/lcgcmake-install/gcc/7.3.0/x86_64-centos7 -with-system-zlib --disable-multilib --enable-languages=all --with-gnu-ld --with-ld=/afs/cern.ch/cms/CAF/CMSCOMM/COMM_ECAL/dkonst/GCC/lcgcmake-install/binutils/2.28/x86_64-centos7/bin/ld --with-gnu-as --with-as=/afs/cern.ch/cms/CAF/CMSCOMM/COMM_ECAL/dkonst/GCC/lcgcmake-install/binutils/2.28/x86_64-centos7/bin/as]
  ignore line: [Thread model: posix]
  ignore line: [gcc version 7.3.0 (GCC) ]
  ignore line: [COMPILER_PATH=/cvmfs/sft.cern.ch/lcg/releases/gcc/7.3.0-cb1ee/x86_64-centos7/bin/../libexec/gcc/x86_64-pc-linux-gnu/7.3.0/:/cvmfs/sft.cern.ch/lcg/releases/gcc/7.3.0-cb1ee/x86_64-centos7/bin/../libexec/gcc/:/cvmfs/sft.cern.ch/lcg/releases/gcc/7.3.0-cb1ee/x86_64-centos7/]
  ignore line: [LIBRARY_PATH=/cvmfs/sft.cern.ch/lcg/releases/gcc/7.3.0-cb1ee/x86_64-centos7/bin/../lib/gcc/x86_64-pc-linux-gnu/7.3.0/:/cvmfs/sft.cern.ch/lcg/releases/gcc/7.3.0-cb1ee/x86_64-centos7/bin/../lib/gcc/:/cvmfs/sft.cern.ch/lcg/releases/gcc/7.3.0-cb1ee/x86_64-centos7/bin/../lib/gcc/x86_64-pc-linux-gnu/7.3.0/../../../../lib64/:/lib/../lib64/:/usr/lib/../lib64/:/cvmfs/sft.cern.ch/lcg/releases/gcc/7.3.0-cb1ee/x86_64-centos7/bin/../lib/gcc/x86_64-pc-linux-gnu/7.3.0/../../../:/lib/:/usr/lib/]
  ignore line: [COLLECT_GCC_OPTIONS='-v' '-rdynamic' '-o' 'cmTC_678eb' '-mtune=generic' '-march=x86-64']
  link line: [ /cvmfs/sft.cern.ch/lcg/releases/gcc/7.3.0-cb1ee/x86_64-centos7/bin/../libexec/gcc/x86_64-pc-linux-gnu/7.3.0/collect2 -plugin /cvmfs/sft.cern.ch/lcg/releases/gcc/7.3.0-cb1ee/x86_64-centos7/bin/../libexec/gcc/x86_64-pc-linux-gnu/7.3.0/liblto_plugin.so -plugin-opt=/cvmfs/sft.cern.ch/lcg/releases/gcc/7.3.0-cb1ee/x86_64-centos7/bin/../libexec/gcc/x86_64-pc-linux-gnu/7.3.0/lto-wrapper -plugin-opt=-fresolution=/tmp/ccz7QhL5.res -plugin-opt=-pass-through=-lgcc -plugin-opt=-pass-through=-lgcc_s -plugin-opt=-pass-through=-lc -plugin-opt=-pass-through=-lgcc -plugin-opt=-pass-through=-lgcc_s --eh-frame-hdr -m elf_x86_64 -export-dynamic -dynamic-linker /lib64/ld-linux-x86-64.so.2 -o cmTC_678eb /lib/../lib64/crt1.o /lib/../lib64/crti.o /cvmfs/sft.cern.ch/lcg/releases/gcc/7.3.0-cb1ee/x86_64-centos7/bin/../lib/gcc/x86_64-pc-linux-gnu/7.3.0/crtbegin.o -L/cvmfs/sft.cern.ch/lcg/releases/gcc/7.3.0-cb1ee/x86_64-centos7/bin/../lib/gcc/x86_64-pc-linux-gnu/7.3.0 -L/cvmfs/sft.cern.ch/lcg/releases/gcc/7.3.0-cb1ee/x86_64-centos7/bin/../lib/gcc -L/cvmfs/sft.cern.ch/lcg/releases/gcc/7.3.0-cb1ee/x86_64-centos7/bin/../lib/gcc/x86_64-pc-linux-gnu/7.3.0/../../../../lib64 -L/lib/../lib64 -L/usr/lib/../lib64 -L/cvmfs/sft.cern.ch/lcg/releases/gcc/7.3.0-cb1ee/x86_64-centos7/bin/../lib/gcc/x86_64-pc-linux-gnu/7.3.0/../../.. CMakeFiles/cmTC_678eb.dir/CMakeCCompilerABI.c.o -lgcc --as-needed -lgcc_s --no-as-needed -lc -lgcc --as-needed -lgcc_s --no-as-needed /cvmfs/sft.cern.ch/lcg/releases/gcc/7.3.0-cb1ee/x86_64-centos7/bin/../lib/gcc/x86_64-pc-linux-gnu/7.3.0/crtend.o /lib/../lib64/crtn.o]
    arg [/cvmfs/sft.cern.ch/lcg/releases/gcc/7.3.0-cb1ee/x86_64-centos7/bin/../libexec/gcc/x86_64-pc-linux-gnu/7.3.0/collect2] ==> ignore
    arg [-plugin] ==> ignore
    arg [/cvmfs/sft.cern.ch/lcg/releases/gcc/7.3.0-cb1ee/x86_64-centos7/bin/../libexec/gcc/x86_64-pc-linux-gnu/7.3.0/liblto_plugin.so] ==> ignore
    arg [-plugin-opt=/cvmfs/sft.cern.ch/lcg/releases/gcc/7.3.0-cb1ee/x86_64-centos7/bin/../libexec/gcc/x86_64-pc-linux-gnu/7.3.0/lto-wrapper] ==> ignore
    arg [-plugin-opt=-fresolution=/tmp/ccz7QhL5.res] ==> ignore
    arg [-plugin-opt=-pass-through=-lgcc] ==> ignore
    arg [-plugin-opt=-pass-through=-lgcc_s] ==> ignore
    arg [-plugin-opt=-pass-through=-lc] ==> ignore
    arg [-plugin-opt=-pass-through=-lgcc] ==> ignore
    arg [-plugin-opt=-pass-through=-lgcc_s] ==> ignore
    arg [--eh-frame-hdr] ==> ignore
    arg [-m] ==> ignore
    arg [elf_x86_64] ==> ignore
    arg [-export-dynamic] ==> ignore
    arg [-dynamic-linker] ==> ignore
    arg [/lib64/ld-linux-x86-64.so.2] ==> ignore
    arg [-o] ==> ignore
    arg [cmTC_678eb] ==> ignore
    arg [/lib/../lib64/crt1.o] ==> ignore
    arg [/lib/../lib64/crti.o] ==> ignore
    arg [/cvmfs/sft.cern.ch/lcg/releases/gcc/7.3.0-cb1ee/x86_64-centos7/bin/../lib/gcc/x86_64-pc-linux-gnu/7.3.0/crtbegin.o] ==> ignore
    arg [-L/cvmfs/sft.cern.ch/lcg/releases/gcc/7.3.0-cb1ee/x86_64-centos7/bin/../lib/gcc/x86_64-pc-linux-gnu/7.3.0] ==> dir [/cvmfs/sft.cern.ch/lcg/releases/gcc/7.3.0-cb1ee/x86_64-centos7/bin/../lib/gcc/x86_64-pc-linux-gnu/7.3.0]
    arg [-L/cvmfs/sft.cern.ch/lcg/releases/gcc/7.3.0-cb1ee/x86_64-centos7/bin/../lib/gcc] ==> dir [/cvmfs/sft.cern.ch/lcg/releases/gcc/7.3.0-cb1ee/x86_64-centos7/bin/../lib/gcc]
    arg [-L/cvmfs/sft.cern.ch/lcg/releases/gcc/7.3.0-cb1ee/x86_64-centos7/bin/../lib/gcc/x86_64-pc-linux-gnu/7.3.0/../../../../lib64] ==> dir [/cvmfs/sft.cern.ch/lcg/releases/gcc/7.3.0-cb1ee/x86_64-centos7/bin/../lib/gcc/x86_64-pc-linux-gnu/7.3.0/../../../../lib64]
    arg [-L/lib/../lib64] ==> dir [/lib/../lib64]
    arg [-L/usr/lib/../lib64] ==> dir [/usr/lib/../lib64]
    arg [-L/cvmfs/sft.cern.ch/lcg/releases/gcc/7.3.0-cb1ee/x86_64-centos7/bin/../lib/gcc/x86_64-pc-linux-gnu/7.3.0/../../..] ==> dir [/cvmfs/sft.cern.ch/lcg/releases/gcc/7.3.0-cb1ee/x86_64-centos7/bin/../lib/gcc/x86_64-pc-linux-gnu/7.3.0/../../..]
    arg [CMakeFiles/cmTC_678eb.dir/CMakeCCompilerABI.c.o] ==> ignore
    arg [-lgcc] ==> lib [gcc]
    arg [--as-needed] ==> ignore
    arg [-lgcc_s] ==> lib [gcc_s]
    arg [--no-as-needed] ==> ignore
    arg [-lc] ==> lib [c]
    arg [-lgcc] ==> lib [gcc]
    arg [--as-needed] ==> ignore
    arg [-lgcc_s] ==> lib [gcc_s]
    arg [--no-as-needed] ==> ignore
    arg [/cvmfs/sft.cern.ch/lcg/releases/gcc/7.3.0-cb1ee/x86_64-centos7/bin/../lib/gcc/x86_64-pc-linux-gnu/7.3.0/crtend.o] ==> ignore
    arg [/lib/../lib64/crtn.o] ==> ignore
  remove lib [gcc]
  remove lib [gcc_s]
  remove lib [gcc]
  remove lib [gcc_s]
  collapse library dir [/cvmfs/sft.cern.ch/lcg/releases/gcc/7.3.0-cb1ee/x86_64-centos7/bin/../lib/gcc/x86_64-pc-linux-gnu/7.3.0] ==> [/cvmfs/sft.cern.ch/lcg/releases/gcc/7.3.0-cb1ee/x86_64-centos7/lib/gcc/x86_64-pc-linux-gnu/7.3.0]
  collapse library dir [/cvmfs/sft.cern.ch/lcg/releases/gcc/7.3.0-cb1ee/x86_64-centos7/bin/../lib/gcc] ==> [/cvmfs/sft.cern.ch/lcg/releases/gcc/7.3.0-cb1ee/x86_64-centos7/lib/gcc]
  collapse library dir [/cvmfs/sft.cern.ch/lcg/releases/gcc/7.3.0-cb1ee/x86_64-centos7/bin/../lib/gcc/x86_64-pc-linux-gnu/7.3.0/../../../../lib64] ==> [/cvmfs/sft.cern.ch/lcg/releases/gcc/7.3.0-cb1ee/x86_64-centos7/lib64]
  collapse library dir [/lib/../lib64] ==> [/lib64]
  collapse library dir [/usr/lib/../lib64] ==> [/usr/lib64]
  collapse library dir [/cvmfs/sft.cern.ch/lcg/releases/gcc/7.3.0-cb1ee/x86_64-centos7/bin/../lib/gcc/x86_64-pc-linux-gnu/7.3.0/../../..] ==> [/cvmfs/sft.cern.ch/lcg/releases/gcc/7.3.0-cb1ee/x86_64-centos7/lib]
  implicit libs: [c]
  implicit dirs: [/cvmfs/sft.cern.ch/lcg/releases/gcc/7.3.0-cb1ee/x86_64-centos7/lib/gcc/x86_64-pc-linux-gnu/7.3.0;/cvmfs/sft.cern.ch/lcg/releases/gcc/7.3.0-cb1ee/x86_64-centos7/lib/gcc;/cvmfs/sft.cern.ch/lcg/releases/gcc/7.3.0-cb1ee/x86_64-centos7/lib64;/lib64;/usr/lib64;/cvmfs/sft.cern.ch/lcg/releases/gcc/7.3.0-cb1ee/x86_64-centos7/lib]
  implicit fwks: []




Detecting C [-std=c11] compiler features compiled with the following output:
Change Dir: /afs/cern.ch/na62/offline/NA62FW/dev/rcurrent/NA62MC/build-cc7/CMakeFiles/CMakeTmp

Run Build Command:"/usr/bin/gmake" "cmTC_36508/fast"
gmake[1]: Entering directory `/afs/cern.ch/na62/offline/NA62FW/dev/rcurrent/NA62MC/build-cc7/CMakeFiles/CMakeTmp'
/usr/bin/gmake -f CMakeFiles/cmTC_36508.dir/build.make CMakeFiles/cmTC_36508.dir/build
gmake[2]: Entering directory `/afs/cern.ch/na62/offline/NA62FW/dev/rcurrent/NA62MC/build-cc7/CMakeFiles/CMakeTmp'
Building C object CMakeFiles/cmTC_36508.dir/feature_tests.c.o
/cvmfs/sft.cern.ch/lcg/releases/gcc/7.3.0-cb1ee/x86_64-centos7/bin/gcc   -std=c11 -o CMakeFiles/cmTC_36508.dir/feature_tests.c.o   -c /afs/cern.ch/na62/offline/NA62FW/dev/rcurrent/NA62MC/build-cc7/CMakeFiles/feature_tests.c
Linking C executable cmTC_36508
/cvmfs/sft.cern.ch/lcg/contrib/CMake/3.8.1/Linux-x86_64/bin/cmake -E cmake_link_script CMakeFiles/cmTC_36508.dir/link.txt --verbose=1
/cvmfs/sft.cern.ch/lcg/releases/gcc/7.3.0-cb1ee/x86_64-centos7/bin/gcc      -rdynamic CMakeFiles/cmTC_36508.dir/feature_tests.c.o  -o cmTC_36508 
gmake[2]: Leaving directory `/afs/cern.ch/na62/offline/NA62FW/dev/rcurrent/NA62MC/build-cc7/CMakeFiles/CMakeTmp'
gmake[1]: Leaving directory `/afs/cern.ch/na62/offline/NA62FW/dev/rcurrent/NA62MC/build-cc7/CMakeFiles/CMakeTmp'


    Feature record: C_FEATURE:1c_function_prototypes
    Feature record: C_FEATURE:1c_restrict
    Feature record: C_FEATURE:1c_static_assert
    Feature record: C_FEATURE:1c_variadic_macros


Detecting C [-std=c99] compiler features compiled with the following output:
Change Dir: /afs/cern.ch/na62/offline/NA62FW/dev/rcurrent/NA62MC/build-cc7/CMakeFiles/CMakeTmp

Run Build Command:"/usr/bin/gmake" "cmTC_b24c9/fast"
gmake[1]: Entering directory `/afs/cern.ch/na62/offline/NA62FW/dev/rcurrent/NA62MC/build-cc7/CMakeFiles/CMakeTmp'
/usr/bin/gmake -f CMakeFiles/cmTC_b24c9.dir/build.make CMakeFiles/cmTC_b24c9.dir/build
gmake[2]: Entering directory `/afs/cern.ch/na62/offline/NA62FW/dev/rcurrent/NA62MC/build-cc7/CMakeFiles/CMakeTmp'
Building C object CMakeFiles/cmTC_b24c9.dir/feature_tests.c.o
/cvmfs/sft.cern.ch/lcg/releases/gcc/7.3.0-cb1ee/x86_64-centos7/bin/gcc   -std=c99 -o CMakeFiles/cmTC_b24c9.dir/feature_tests.c.o   -c /afs/cern.ch/na62/offline/NA62FW/dev/rcurrent/NA62MC/build-cc7/CMakeFiles/feature_tests.c
Linking C executable cmTC_b24c9
/cvmfs/sft.cern.ch/lcg/contrib/CMake/3.8.1/Linux-x86_64/bin/cmake -E cmake_link_script CMakeFiles/cmTC_b24c9.dir/link.txt --verbose=1
/cvmfs/sft.cern.ch/lcg/releases/gcc/7.3.0-cb1ee/x86_64-centos7/bin/gcc      -rdynamic CMakeFiles/cmTC_b24c9.dir/feature_tests.c.o  -o cmTC_b24c9 
gmake[2]: Leaving directory `/afs/cern.ch/na62/offline/NA62FW/dev/rcurrent/NA62MC/build-cc7/CMakeFiles/CMakeTmp'
gmake[1]: Leaving directory `/afs/cern.ch/na62/offline/NA62FW/dev/rcurrent/NA62MC/build-cc7/CMakeFiles/CMakeTmp'


    Feature record: C_FEATURE:1c_function_prototypes
    Feature record: C_FEATURE:1c_restrict
    Feature record: C_FEATURE:0c_static_assert
    Feature record: C_FEATURE:1c_variadic_macros


Detecting C [-std=c90] compiler features compiled with the following output:
Change Dir: /afs/cern.ch/na62/offline/NA62FW/dev/rcurrent/NA62MC/build-cc7/CMakeFiles/CMakeTmp

Run Build Command:"/usr/bin/gmake" "cmTC_96a29/fast"
gmake[1]: Entering directory `/afs/cern.ch/na62/offline/NA62FW/dev/rcurrent/NA62MC/build-cc7/CMakeFiles/CMakeTmp'
/usr/bin/gmake -f CMakeFiles/cmTC_96a29.dir/build.make CMakeFiles/cmTC_96a29.dir/build
gmake[2]: Entering directory `/afs/cern.ch/na62/offline/NA62FW/dev/rcurrent/NA62MC/build-cc7/CMakeFiles/CMakeTmp'
Building C object CMakeFiles/cmTC_96a29.dir/feature_tests.c.o
/cvmfs/sft.cern.ch/lcg/releases/gcc/7.3.0-cb1ee/x86_64-centos7/bin/gcc   -std=c90 -o CMakeFiles/cmTC_96a29.dir/feature_tests.c.o   -c /afs/cern.ch/na62/offline/NA62FW/dev/rcurrent/NA62MC/build-cc7/CMakeFiles/feature_tests.c
Linking C executable cmTC_96a29
/cvmfs/sft.cern.ch/lcg/contrib/CMake/3.8.1/Linux-x86_64/bin/cmake -E cmake_link_script CMakeFiles/cmTC_96a29.dir/link.txt --verbose=1
/cvmfs/sft.cern.ch/lcg/releases/gcc/7.3.0-cb1ee/x86_64-centos7/bin/gcc      -rdynamic CMakeFiles/cmTC_96a29.dir/feature_tests.c.o  -o cmTC_96a29 
gmake[2]: Leaving directory `/afs/cern.ch/na62/offline/NA62FW/dev/rcurrent/NA62MC/build-cc7/CMakeFiles/CMakeTmp'
gmake[1]: Leaving directory `/afs/cern.ch/na62/offline/NA62FW/dev/rcurrent/NA62MC/build-cc7/CMakeFiles/CMakeTmp'


    Feature record: C_FEATURE:1c_function_prototypes
    Feature record: C_FEATURE:0c_restrict
    Feature record: C_FEATURE:0c_static_assert
    Feature record: C_FEATURE:0c_variadic_macros
Determining if the CXX compiler works passed with the following output:
Change Dir: /afs/cern.ch/na62/offline/NA62FW/dev/rcurrent/NA62MC/build-cc7/CMakeFiles/CMakeTmp

Run Build Command:"/usr/bin/gmake" "cmTC_9b917/fast"
gmake[1]: Entering directory `/afs/cern.ch/na62/offline/NA62FW/dev/rcurrent/NA62MC/build-cc7/CMakeFiles/CMakeTmp'
/usr/bin/gmake -f CMakeFiles/cmTC_9b917.dir/build.make CMakeFiles/cmTC_9b917.dir/build
gmake[2]: Entering directory `/afs/cern.ch/na62/offline/NA62FW/dev/rcurrent/NA62MC/build-cc7/CMakeFiles/CMakeTmp'
Building CXX object CMakeFiles/cmTC_9b917.dir/testCXXCompiler.cxx.o
/cvmfs/sft.cern.ch/lcg/releases/gcc/7.3.0-cb1ee/x86_64-centos7/bin/g++     -o CMakeFiles/cmTC_9b917.dir/testCXXCompiler.cxx.o -c /afs/cern.ch/na62/offline/NA62FW/dev/rcurrent/NA62MC/build-cc7/CMakeFiles/CMakeTmp/testCXXCompiler.cxx
Linking CXX executable cmTC_9b917
/cvmfs/sft.cern.ch/lcg/contrib/CMake/3.8.1/Linux-x86_64/bin/cmake -E cmake_link_script CMakeFiles/cmTC_9b917.dir/link.txt --verbose=1
/cvmfs/sft.cern.ch/lcg/releases/gcc/7.3.0-cb1ee/x86_64-centos7/bin/g++       -rdynamic CMakeFiles/cmTC_9b917.dir/testCXXCompiler.cxx.o  -o cmTC_9b917 
gmake[2]: Leaving directory `/afs/cern.ch/na62/offline/NA62FW/dev/rcurrent/NA62MC/build-cc7/CMakeFiles/CMakeTmp'
gmake[1]: Leaving directory `/afs/cern.ch/na62/offline/NA62FW/dev/rcurrent/NA62MC/build-cc7/CMakeFiles/CMakeTmp'


Detecting CXX compiler ABI info compiled with the following output:
Change Dir: /afs/cern.ch/na62/offline/NA62FW/dev/rcurrent/NA62MC/build-cc7/CMakeFiles/CMakeTmp

Run Build Command:"/usr/bin/gmake" "cmTC_3b52e/fast"
gmake[1]: Entering directory `/afs/cern.ch/na62/offline/NA62FW/dev/rcurrent/NA62MC/build-cc7/CMakeFiles/CMakeTmp'
/usr/bin/gmake -f CMakeFiles/cmTC_3b52e.dir/build.make CMakeFiles/cmTC_3b52e.dir/build
gmake[2]: Entering directory `/afs/cern.ch/na62/offline/NA62FW/dev/rcurrent/NA62MC/build-cc7/CMakeFiles/CMakeTmp'
Building CXX object CMakeFiles/cmTC_3b52e.dir/CMakeCXXCompilerABI.cpp.o
/cvmfs/sft.cern.ch/lcg/releases/gcc/7.3.0-cb1ee/x86_64-centos7/bin/g++     -o CMakeFiles/cmTC_3b52e.dir/CMakeCXXCompilerABI.cpp.o -c /cvmfs/sft.cern.ch/lcg/contrib/CMake/3.8.1/Linux-x86_64/share/cmake-3.8/Modules/CMakeCXXCompilerABI.cpp
Linking CXX executable cmTC_3b52e
/cvmfs/sft.cern.ch/lcg/contrib/CMake/3.8.1/Linux-x86_64/bin/cmake -E cmake_link_script CMakeFiles/cmTC_3b52e.dir/link.txt --verbose=1
/cvmfs/sft.cern.ch/lcg/releases/gcc/7.3.0-cb1ee/x86_64-centos7/bin/g++      -v -rdynamic CMakeFiles/cmTC_3b52e.dir/CMakeCXXCompilerABI.cpp.o  -o cmTC_3b52e 
Using built-in specs.
COLLECT_GCC=/cvmfs/sft.cern.ch/lcg/releases/gcc/7.3.0-cb1ee/x86_64-centos7/bin/g++
COLLECT_LTO_WRAPPER=/cvmfs/sft.cern.ch/lcg/releases/gcc/7.3.0-cb1ee/x86_64-centos7/bin/../libexec/gcc/x86_64-pc-linux-gnu/7.3.0/lto-wrapper
Target: x86_64-pc-linux-gnu
Configured with: /afs/cern.ch/cms/CAF/CMSCOMM/COMM_ECAL/dkonst/GCC/build/contrib/gcc-7.3.0/src/gcc/7.3.0/configure --prefix=/afs/cern.ch/cms/CAF/CMSCOMM/COMM_ECAL/dkonst/GCC/lcgcmake-install/gcc/7.3.0/x86_64-centos7 -with-system-zlib --disable-multilib --enable-languages=all --with-gnu-ld --with-ld=/afs/cern.ch/cms/CAF/CMSCOMM/COMM_ECAL/dkonst/GCC/lcgcmake-install/binutils/2.28/x86_64-centos7/bin/ld --with-gnu-as --with-as=/afs/cern.ch/cms/CAF/CMSCOMM/COMM_ECAL/dkonst/GCC/lcgcmake-install/binutils/2.28/x86_64-centos7/bin/as
Thread model: posix
gcc version 7.3.0 (GCC) 
COMPILER_PATH=/cvmfs/sft.cern.ch/lcg/releases/gcc/7.3.0-cb1ee/x86_64-centos7/bin/../libexec/gcc/x86_64-pc-linux-gnu/7.3.0/:/cvmfs/sft.cern.ch/lcg/releases/gcc/7.3.0-cb1ee/x86_64-centos7/bin/../libexec/gcc/:/cvmfs/sft.cern.ch/lcg/releases/gcc/7.3.0-cb1ee/x86_64-centos7/
LIBRARY_PATH=/cvmfs/sft.cern.ch/lcg/releases/gcc/7.3.0-cb1ee/x86_64-centos7/bin/../lib/gcc/x86_64-pc-linux-gnu/7.3.0/:/cvmfs/sft.cern.ch/lcg/releases/gcc/7.3.0-cb1ee/x86_64-centos7/bin/../lib/gcc/:/cvmfs/sft.cern.ch/lcg/releases/gcc/7.3.0-cb1ee/x86_64-centos7/bin/../lib/gcc/x86_64-pc-linux-gnu/7.3.0/../../../../lib64/:/lib/../lib64/:/usr/lib/../lib64/:/cvmfs/sft.cern.ch/lcg/releases/gcc/7.3.0-cb1ee/x86_64-centos7/bin/../lib/gcc/x86_64-pc-linux-gnu/7.3.0/../../../:/lib/:/usr/lib/
COLLECT_GCC_OPTIONS='-v' '-rdynamic' '-o' 'cmTC_3b52e' '-shared-libgcc' '-mtune=generic' '-march=x86-64'
 /cvmfs/sft.cern.ch/lcg/releases/gcc/7.3.0-cb1ee/x86_64-centos7/bin/../libexec/gcc/x86_64-pc-linux-gnu/7.3.0/collect2 -plugin /cvmfs/sft.cern.ch/lcg/releases/gcc/7.3.0-cb1ee/x86_64-centos7/bin/../libexec/gcc/x86_64-pc-linux-gnu/7.3.0/liblto_plugin.so -plugin-opt=/cvmfs/sft.cern.ch/lcg/releases/gcc/7.3.0-cb1ee/x86_64-centos7/bin/../libexec/gcc/x86_64-pc-linux-gnu/7.3.0/lto-wrapper -plugin-opt=-fresolution=/tmp/ccTdjnVj.res -plugin-opt=-pass-through=-lgcc_s -plugin-opt=-pass-through=-lgcc -plugin-opt=-pass-through=-lc -plugin-opt=-pass-through=-lgcc_s -plugin-opt=-pass-through=-lgcc --eh-frame-hdr -m elf_x86_64 -export-dynamic -dynamic-linker /lib64/ld-linux-x86-64.so.2 -o cmTC_3b52e /lib/../lib64/crt1.o /lib/../lib64/crti.o /cvmfs/sft.cern.ch/lcg/releases/gcc/7.3.0-cb1ee/x86_64-centos7/bin/../lib/gcc/x86_64-pc-linux-gnu/7.3.0/crtbegin.o -L/cvmfs/sft.cern.ch/lcg/releases/gcc/7.3.0-cb1ee/x86_64-centos7/bin/../lib/gcc/x86_64-pc-linux-gnu/7.3.0 -L/cvmfs/sft.cern.ch/lcg/releases/gcc/7.3.0-cb1ee/x86_64-centos7/bin/../lib/gcc -L/cvmfs/sft.cern.ch/lcg/releases/gcc/7.3.0-cb1ee/x86_64-centos7/bin/../lib/gcc/x86_64-pc-linux-gnu/7.3.0/../../../../lib64 -L/lib/../lib64 -L/usr/lib/../lib64 -L/cvmfs/sft.cern.ch/lcg/releases/gcc/7.3.0-cb1ee/x86_64-centos7/bin/../lib/gcc/x86_64-pc-linux-gnu/7.3.0/../../.. CMakeFiles/cmTC_3b52e.dir/CMakeCXXCompilerABI.cpp.o -lstdc++ -lm -lgcc_s -lgcc -lc -lgcc_s -lgcc /cvmfs/sft.cern.ch/lcg/releases/gcc/7.3.0-cb1ee/x86_64-centos7/bin/../lib/gcc/x86_64-pc-linux-gnu/7.3.0/crtend.o /lib/../lib64/crtn.o
COLLECT_GCC_OPTIONS='-v' '-rdynamic' '-o' 'cmTC_3b52e' '-shared-libgcc' '-mtune=generic' '-march=x86-64'
gmake[2]: Leaving directory `/afs/cern.ch/na62/offline/NA62FW/dev/rcurrent/NA62MC/build-cc7/CMakeFiles/CMakeTmp'
gmake[1]: Leaving directory `/afs/cern.ch/na62/offline/NA62FW/dev/rcurrent/NA62MC/build-cc7/CMakeFiles/CMakeTmp'


Parsed CXX implicit link information from above output:
  link line regex: [^( *|.*[/\])(ld|([^/\]+-)?ld|collect2)[^/\]*( |$)]
  ignore line: [Change Dir: /afs/cern.ch/na62/offline/NA62FW/dev/rcurrent/NA62MC/build-cc7/CMakeFiles/CMakeTmp]
  ignore line: []
  ignore line: [Run Build Command:"/usr/bin/gmake" "cmTC_3b52e/fast"]
  ignore line: [gmake[1]: Entering directory `/afs/cern.ch/na62/offline/NA62FW/dev/rcurrent/NA62MC/build-cc7/CMakeFiles/CMakeTmp']
  ignore line: [/usr/bin/gmake -f CMakeFiles/cmTC_3b52e.dir/build.make CMakeFiles/cmTC_3b52e.dir/build]
  ignore line: [gmake[2]: Entering directory `/afs/cern.ch/na62/offline/NA62FW/dev/rcurrent/NA62MC/build-cc7/CMakeFiles/CMakeTmp']
  ignore line: [Building CXX object CMakeFiles/cmTC_3b52e.dir/CMakeCXXCompilerABI.cpp.o]
  ignore line: [/cvmfs/sft.cern.ch/lcg/releases/gcc/7.3.0-cb1ee/x86_64-centos7/bin/g++     -o CMakeFiles/cmTC_3b52e.dir/CMakeCXXCompilerABI.cpp.o -c /cvmfs/sft.cern.ch/lcg/contrib/CMake/3.8.1/Linux-x86_64/share/cmake-3.8/Modules/CMakeCXXCompilerABI.cpp]
  ignore line: [Linking CXX executable cmTC_3b52e]
  ignore line: [/cvmfs/sft.cern.ch/lcg/contrib/CMake/3.8.1/Linux-x86_64/bin/cmake -E cmake_link_script CMakeFiles/cmTC_3b52e.dir/link.txt --verbose=1]
  ignore line: [/cvmfs/sft.cern.ch/lcg/releases/gcc/7.3.0-cb1ee/x86_64-centos7/bin/g++      -v -rdynamic CMakeFiles/cmTC_3b52e.dir/CMakeCXXCompilerABI.cpp.o  -o cmTC_3b52e ]
  ignore line: [Using built-in specs.]
  ignore line: [COLLECT_GCC=/cvmfs/sft.cern.ch/lcg/releases/gcc/7.3.0-cb1ee/x86_64-centos7/bin/g++]
  ignore line: [COLLECT_LTO_WRAPPER=/cvmfs/sft.cern.ch/lcg/releases/gcc/7.3.0-cb1ee/x86_64-centos7/bin/../libexec/gcc/x86_64-pc-linux-gnu/7.3.0/lto-wrapper]
  ignore line: [Target: x86_64-pc-linux-gnu]
  ignore line: [Configured with: /afs/cern.ch/cms/CAF/CMSCOMM/COMM_ECAL/dkonst/GCC/build/contrib/gcc-7.3.0/src/gcc/7.3.0/configure --prefix=/afs/cern.ch/cms/CAF/CMSCOMM/COMM_ECAL/dkonst/GCC/lcgcmake-install/gcc/7.3.0/x86_64-centos7 -with-system-zlib --disable-multilib --enable-languages=all --with-gnu-ld --with-ld=/afs/cern.ch/cms/CAF/CMSCOMM/COMM_ECAL/dkonst/GCC/lcgcmake-install/binutils/2.28/x86_64-centos7/bin/ld --with-gnu-as --with-as=/afs/cern.ch/cms/CAF/CMSCOMM/COMM_ECAL/dkonst/GCC/lcgcmake-install/binutils/2.28/x86_64-centos7/bin/as]
  ignore line: [Thread model: posix]
  ignore line: [gcc version 7.3.0 (GCC) ]
  ignore line: [COMPILER_PATH=/cvmfs/sft.cern.ch/lcg/releases/gcc/7.3.0-cb1ee/x86_64-centos7/bin/../libexec/gcc/x86_64-pc-linux-gnu/7.3.0/:/cvmfs/sft.cern.ch/lcg/releases/gcc/7.3.0-cb1ee/x86_64-centos7/bin/../libexec/gcc/:/cvmfs/sft.cern.ch/lcg/releases/gcc/7.3.0-cb1ee/x86_64-centos7/]
  ignore line: [LIBRARY_PATH=/cvmfs/sft.cern.ch/lcg/releases/gcc/7.3.0-cb1ee/x86_64-centos7/bin/../lib/gcc/x86_64-pc-linux-gnu/7.3.0/:/cvmfs/sft.cern.ch/lcg/releases/gcc/7.3.0-cb1ee/x86_64-centos7/bin/../lib/gcc/:/cvmfs/sft.cern.ch/lcg/releases/gcc/7.3.0-cb1ee/x86_64-centos7/bin/../lib/gcc/x86_64-pc-linux-gnu/7.3.0/../../../../lib64/:/lib/../lib64/:/usr/lib/../lib64/:/cvmfs/sft.cern.ch/lcg/releases/gcc/7.3.0-cb1ee/x86_64-centos7/bin/../lib/gcc/x86_64-pc-linux-gnu/7.3.0/../../../:/lib/:/usr/lib/]
  ignore line: [COLLECT_GCC_OPTIONS='-v' '-rdynamic' '-o' 'cmTC_3b52e' '-shared-libgcc' '-mtune=generic' '-march=x86-64']
  link line: [ /cvmfs/sft.cern.ch/lcg/releases/gcc/7.3.0-cb1ee/x86_64-centos7/bin/../libexec/gcc/x86_64-pc-linux-gnu/7.3.0/collect2 -plugin /cvmfs/sft.cern.ch/lcg/releases/gcc/7.3.0-cb1ee/x86_64-centos7/bin/../libexec/gcc/x86_64-pc-linux-gnu/7.3.0/liblto_plugin.so -plugin-opt=/cvmfs/sft.cern.ch/lcg/releases/gcc/7.3.0-cb1ee/x86_64-centos7/bin/../libexec/gcc/x86_64-pc-linux-gnu/7.3.0/lto-wrapper -plugin-opt=-fresolution=/tmp/ccTdjnVj.res -plugin-opt=-pass-through=-lgcc_s -plugin-opt=-pass-through=-lgcc -plugin-opt=-pass-through=-lc -plugin-opt=-pass-through=-lgcc_s -plugin-opt=-pass-through=-lgcc --eh-frame-hdr -m elf_x86_64 -export-dynamic -dynamic-linker /lib64/ld-linux-x86-64.so.2 -o cmTC_3b52e /lib/../lib64/crt1.o /lib/../lib64/crti.o /cvmfs/sft.cern.ch/lcg/releases/gcc/7.3.0-cb1ee/x86_64-centos7/bin/../lib/gcc/x86_64-pc-linux-gnu/7.3.0/crtbegin.o -L/cvmfs/sft.cern.ch/lcg/releases/gcc/7.3.0-cb1ee/x86_64-centos7/bin/../lib/gcc/x86_64-pc-linux-gnu/7.3.0 -L/cvmfs/sft.cern.ch/lcg/releases/gcc/7.3.0-cb1ee/x86_64-centos7/bin/../lib/gcc -L/cvmfs/sft.cern.ch/lcg/releases/gcc/7.3.0-cb1ee/x86_64-centos7/bin/../lib/gcc/x86_64-pc-linux-gnu/7.3.0/../../../../lib64 -L/lib/../lib64 -L/usr/lib/../lib64 -L/cvmfs/sft.cern.ch/lcg/releases/gcc/7.3.0-cb1ee/x86_64-centos7/bin/../lib/gcc/x86_64-pc-linux-gnu/7.3.0/../../.. CMakeFiles/cmTC_3b52e.dir/CMakeCXXCompilerABI.cpp.o -lstdc++ -lm -lgcc_s -lgcc -lc -lgcc_s -lgcc /cvmfs/sft.cern.ch/lcg/releases/gcc/7.3.0-cb1ee/x86_64-centos7/bin/../lib/gcc/x86_64-pc-linux-gnu/7.3.0/crtend.o /lib/../lib64/crtn.o]
    arg [/cvmfs/sft.cern.ch/lcg/releases/gcc/7.3.0-cb1ee/x86_64-centos7/bin/../libexec/gcc/x86_64-pc-linux-gnu/7.3.0/collect2] ==> ignore
    arg [-plugin] ==> ignore
    arg [/cvmfs/sft.cern.ch/lcg/releases/gcc/7.3.0-cb1ee/x86_64-centos7/bin/../libexec/gcc/x86_64-pc-linux-gnu/7.3.0/liblto_plugin.so] ==> ignore
    arg [-plugin-opt=/cvmfs/sft.cern.ch/lcg/releases/gcc/7.3.0-cb1ee/x86_64-centos7/bin/../libexec/gcc/x86_64-pc-linux-gnu/7.3.0/lto-wrapper] ==> ignore
    arg [-plugin-opt=-fresolution=/tmp/ccTdjnVj.res] ==> ignore
    arg [-plugin-opt=-pass-through=-lgcc_s] ==> ignore
    arg [-plugin-opt=-pass-through=-lgcc] ==> ignore
    arg [-plugin-opt=-pass-through=-lc] ==> ignore
    arg [-plugin-opt=-pass-through=-lgcc_s] ==> ignore
    arg [-plugin-opt=-pass-through=-lgcc] ==> ignore
    arg [--eh-frame-hdr] ==> ignore
    arg [-m] ==> ignore
    arg [elf_x86_64] ==> ignore
    arg [-export-dynamic] ==> ignore
    arg [-dynamic-linker] ==> ignore
    arg [/lib64/ld-linux-x86-64.so.2] ==> ignore
    arg [-o] ==> ignore
    arg [cmTC_3b52e] ==> ignore
    arg [/lib/../lib64/crt1.o] ==> ignore
    arg [/lib/../lib64/crti.o] ==> ignore
    arg [/cvmfs/sft.cern.ch/lcg/releases/gcc/7.3.0-cb1ee/x86_64-centos7/bin/../lib/gcc/x86_64-pc-linux-gnu/7.3.0/crtbegin.o] ==> ignore
    arg [-L/cvmfs/sft.cern.ch/lcg/releases/gcc/7.3.0-cb1ee/x86_64-centos7/bin/../lib/gcc/x86_64-pc-linux-gnu/7.3.0] ==> dir [/cvmfs/sft.cern.ch/lcg/releases/gcc/7.3.0-cb1ee/x86_64-centos7/bin/../lib/gcc/x86_64-pc-linux-gnu/7.3.0]
    arg [-L/cvmfs/sft.cern.ch/lcg/releases/gcc/7.3.0-cb1ee/x86_64-centos7/bin/../lib/gcc] ==> dir [/cvmfs/sft.cern.ch/lcg/releases/gcc/7.3.0-cb1ee/x86_64-centos7/bin/../lib/gcc]
    arg [-L/cvmfs/sft.cern.ch/lcg/releases/gcc/7.3.0-cb1ee/x86_64-centos7/bin/../lib/gcc/x86_64-pc-linux-gnu/7.3.0/../../../../lib64] ==> dir [/cvmfs/sft.cern.ch/lcg/releases/gcc/7.3.0-cb1ee/x86_64-centos7/bin/../lib/gcc/x86_64-pc-linux-gnu/7.3.0/../../../../lib64]
    arg [-L/lib/../lib64] ==> dir [/lib/../lib64]
    arg [-L/usr/lib/../lib64] ==> dir [/usr/lib/../lib64]
    arg [-L/cvmfs/sft.cern.ch/lcg/releases/gcc/7.3.0-cb1ee/x86_64-centos7/bin/../lib/gcc/x86_64-pc-linux-gnu/7.3.0/../../..] ==> dir [/cvmfs/sft.cern.ch/lcg/releases/gcc/7.3.0-cb1ee/x86_64-centos7/bin/../lib/gcc/x86_64-pc-linux-gnu/7.3.0/../../..]
    arg [CMakeFiles/cmTC_3b52e.dir/CMakeCXXCompilerABI.cpp.o] ==> ignore
    arg [-lstdc++] ==> lib [stdc++]
    arg [-lm] ==> lib [m]
    arg [-lgcc_s] ==> lib [gcc_s]
    arg [-lgcc] ==> lib [gcc]
    arg [-lc] ==> lib [c]
    arg [-lgcc_s] ==> lib [gcc_s]
    arg [-lgcc] ==> lib [gcc]
    arg [/cvmfs/sft.cern.ch/lcg/releases/gcc/7.3.0-cb1ee/x86_64-centos7/bin/../lib/gcc/x86_64-pc-linux-gnu/7.3.0/crtend.o] ==> ignore
    arg [/lib/../lib64/crtn.o] ==> ignore
  remove lib [gcc_s]
  remove lib [gcc]
  remove lib [gcc_s]
  remove lib [gcc]
  collapse library dir [/cvmfs/sft.cern.ch/lcg/releases/gcc/7.3.0-cb1ee/x86_64-centos7/bin/../lib/gcc/x86_64-pc-linux-gnu/7.3.0] ==> [/cvmfs/sft.cern.ch/lcg/releases/gcc/7.3.0-cb1ee/x86_64-centos7/lib/gcc/x86_64-pc-linux-gnu/7.3.0]
  collapse library dir [/cvmfs/sft.cern.ch/lcg/releases/gcc/7.3.0-cb1ee/x86_64-centos7/bin/../lib/gcc] ==> [/cvmfs/sft.cern.ch/lcg/releases/gcc/7.3.0-cb1ee/x86_64-centos7/lib/gcc]
  collapse library dir [/cvmfs/sft.cern.ch/lcg/releases/gcc/7.3.0-cb1ee/x86_64-centos7/bin/../lib/gcc/x86_64-pc-linux-gnu/7.3.0/../../../../lib64] ==> [/cvmfs/sft.cern.ch/lcg/releases/gcc/7.3.0-cb1ee/x86_64-centos7/lib64]
  collapse library dir [/lib/../lib64] ==> [/lib64]
  collapse library dir [/usr/lib/../lib64] ==> [/usr/lib64]
  collapse library dir [/cvmfs/sft.cern.ch/lcg/releases/gcc/7.3.0-cb1ee/x86_64-centos7/bin/../lib/gcc/x86_64-pc-linux-gnu/7.3.0/../../..] ==> [/cvmfs/sft.cern.ch/lcg/releases/gcc/7.3.0-cb1ee/x86_64-centos7/lib]
  implicit libs: [stdc++;m;c]
  implicit dirs: [/cvmfs/sft.cern.ch/lcg/releases/gcc/7.3.0-cb1ee/x86_64-centos7/lib/gcc/x86_64-pc-linux-gnu/7.3.0;/cvmfs/sft.cern.ch/lcg/releases/gcc/7.3.0-cb1ee/x86_64-centos7/lib/gcc;/cvmfs/sft.cern.ch/lcg/releases/gcc/7.3.0-cb1ee/x86_64-centos7/lib64;/lib64;/usr/lib64;/cvmfs/sft.cern.ch/lcg/releases/gcc/7.3.0-cb1ee/x86_64-centos7/lib]
  implicit fwks: []




Detecting CXX [-std=c++1z] compiler features compiled with the following output:
Change Dir: /afs/cern.ch/na62/offline/NA62FW/dev/rcurrent/NA62MC/build-cc7/CMakeFiles/CMakeTmp

Run Build Command:"/usr/bin/gmake" "cmTC_3cc3b/fast"
gmake[1]: Entering directory `/afs/cern.ch/na62/offline/NA62FW/dev/rcurrent/NA62MC/build-cc7/CMakeFiles/CMakeTmp'
/usr/bin/gmake -f CMakeFiles/cmTC_3cc3b.dir/build.make CMakeFiles/cmTC_3cc3b.dir/build
gmake[2]: Entering directory `/afs/cern.ch/na62/offline/NA62FW/dev/rcurrent/NA62MC/build-cc7/CMakeFiles/CMakeTmp'
Building CXX object CMakeFiles/cmTC_3cc3b.dir/feature_tests.cxx.o
/cvmfs/sft.cern.ch/lcg/releases/gcc/7.3.0-cb1ee/x86_64-centos7/bin/g++    -std=c++1z -o CMakeFiles/cmTC_3cc3b.dir/feature_tests.cxx.o -c /afs/cern.ch/na62/offline/NA62FW/dev/rcurrent/NA62MC/build-cc7/CMakeFiles/feature_tests.cxx
Linking CXX executable cmTC_3cc3b
/cvmfs/sft.cern.ch/lcg/contrib/CMake/3.8.1/Linux-x86_64/bin/cmake -E cmake_link_script CMakeFiles/cmTC_3cc3b.dir/link.txt --verbose=1
/cvmfs/sft.cern.ch/lcg/releases/gcc/7.3.0-cb1ee/x86_64-centos7/bin/g++       -rdynamic CMakeFiles/cmTC_3cc3b.dir/feature_tests.cxx.o  -o cmTC_3cc3b 
gmake[2]: Leaving directory `/afs/cern.ch/na62/offline/NA62FW/dev/rcurrent/NA62MC/build-cc7/CMakeFiles/CMakeTmp'
gmake[1]: Leaving directory `/afs/cern.ch/na62/offline/NA62FW/dev/rcurrent/NA62MC/build-cc7/CMakeFiles/CMakeTmp'


    Feature record: CXX_FEATURE:1cxx_aggregate_default_initializers
    Feature record: CXX_FEATURE:1cxx_alias_templates
    Feature record: CXX_FEATURE:1cxx_alignas
    Feature record: CXX_FEATURE:1cxx_alignof
    Feature record: CXX_FEATURE:1cxx_attributes
    Feature record: CXX_FEATURE:1cxx_attribute_deprecated
    Feature record: CXX_FEATURE:1cxx_auto_type
    Feature record: CXX_FEATURE:1cxx_binary_literals
    Feature record: CXX_FEATURE:1cxx_constexpr
    Feature record: CXX_FEATURE:1cxx_contextual_conversions
    Feature record: CXX_FEATURE:1cxx_decltype
    Feature record: CXX_FEATURE:1cxx_decltype_auto
    Feature record: CXX_FEATURE:1cxx_decltype_incomplete_return_types
    Feature record: CXX_FEATURE:1cxx_default_function_template_args
    Feature record: CXX_FEATURE:1cxx_defaulted_functions
    Feature record: CXX_FEATURE:1cxx_defaulted_move_initializers
    Feature record: CXX_FEATURE:1cxx_delegating_constructors
    Feature record: CXX_FEATURE:1cxx_deleted_functions
    Feature record: CXX_FEATURE:1cxx_digit_separators
    Feature record: CXX_FEATURE:1cxx_enum_forward_declarations
    Feature record: CXX_FEATURE:1cxx_explicit_conversions
    Feature record: CXX_FEATURE:1cxx_extended_friend_declarations
    Feature record: CXX_FEATURE:1cxx_extern_templates
    Feature record: CXX_FEATURE:1cxx_final
    Feature record: CXX_FEATURE:1cxx_func_identifier
    Feature record: CXX_FEATURE:1cxx_generalized_initializers
    Feature record: CXX_FEATURE:1cxx_generic_lambdas
    Feature record: CXX_FEATURE:1cxx_inheriting_constructors
    Feature record: CXX_FEATURE:1cxx_inline_namespaces
    Feature record: CXX_FEATURE:1cxx_lambdas
    Feature record: CXX_FEATURE:1cxx_lambda_init_captures
    Feature record: CXX_FEATURE:1cxx_local_type_template_args
    Feature record: CXX_FEATURE:1cxx_long_long_type
    Feature record: CXX_FEATURE:1cxx_noexcept
    Feature record: CXX_FEATURE:1cxx_nonstatic_member_init
    Feature record: CXX_FEATURE:1cxx_nullptr
    Feature record: CXX_FEATURE:1cxx_override
    Feature record: CXX_FEATURE:1cxx_range_for
    Feature record: CXX_FEATURE:1cxx_raw_string_literals
    Feature record: CXX_FEATURE:1cxx_reference_qualified_functions
    Feature record: CXX_FEATURE:1cxx_relaxed_constexpr
    Feature record: CXX_FEATURE:1cxx_return_type_deduction
    Feature record: CXX_FEATURE:1cxx_right_angle_brackets
    Feature record: CXX_FEATURE:1cxx_rvalue_references
    Feature record: CXX_FEATURE:1cxx_sizeof_member
    Feature record: CXX_FEATURE:1cxx_static_assert
    Feature record: CXX_FEATURE:1cxx_strong_enums
    Feature record: CXX_FEATURE:1cxx_template_template_parameters
    Feature record: CXX_FEATURE:1cxx_thread_local
    Feature record: CXX_FEATURE:1cxx_trailing_return_types
    Feature record: CXX_FEATURE:1cxx_unicode_literals
    Feature record: CXX_FEATURE:1cxx_uniform_initialization
    Feature record: CXX_FEATURE:1cxx_unrestricted_unions
    Feature record: CXX_FEATURE:1cxx_user_literals
    Feature record: CXX_FEATURE:1cxx_variable_templates
    Feature record: CXX_FEATURE:1cxx_variadic_macros
    Feature record: CXX_FEATURE:1cxx_variadic_templates


Detecting CXX [-std=c++14] compiler features compiled with the following output:
Change Dir: /afs/cern.ch/na62/offline/NA62FW/dev/rcurrent/NA62MC/build-cc7/CMakeFiles/CMakeTmp

Run Build Command:"/usr/bin/gmake" "cmTC_ea276/fast"
gmake[1]: Entering directory `/afs/cern.ch/na62/offline/NA62FW/dev/rcurrent/NA62MC/build-cc7/CMakeFiles/CMakeTmp'
/usr/bin/gmake -f CMakeFiles/cmTC_ea276.dir/build.make CMakeFiles/cmTC_ea276.dir/build
gmake[2]: Entering directory `/afs/cern.ch/na62/offline/NA62FW/dev/rcurrent/NA62MC/build-cc7/CMakeFiles/CMakeTmp'
Building CXX object CMakeFiles/cmTC_ea276.dir/feature_tests.cxx.o
/cvmfs/sft.cern.ch/lcg/releases/gcc/7.3.0-cb1ee/x86_64-centos7/bin/g++    -std=c++14 -o CMakeFiles/cmTC_ea276.dir/feature_tests.cxx.o -c /afs/cern.ch/na62/offline/NA62FW/dev/rcurrent/NA62MC/build-cc7/CMakeFiles/feature_tests.cxx
Linking CXX executable cmTC_ea276
/cvmfs/sft.cern.ch/lcg/contrib/CMake/3.8.1/Linux-x86_64/bin/cmake -E cmake_link_script CMakeFiles/cmTC_ea276.dir/link.txt --verbose=1
/cvmfs/sft.cern.ch/lcg/releases/gcc/7.3.0-cb1ee/x86_64-centos7/bin/g++       -rdynamic CMakeFiles/cmTC_ea276.dir/feature_tests.cxx.o  -o cmTC_ea276 
gmake[2]: Leaving directory `/afs/cern.ch/na62/offline/NA62FW/dev/rcurrent/NA62MC/build-cc7/CMakeFiles/CMakeTmp'
gmake[1]: Leaving directory `/afs/cern.ch/na62/offline/NA62FW/dev/rcurrent/NA62MC/build-cc7/CMakeFiles/CMakeTmp'


    Feature record: CXX_FEATURE:1cxx_aggregate_default_initializers
    Feature record: CXX_FEATURE:1cxx_alias_templates
    Feature record: CXX_FEATURE:1cxx_alignas
    Feature record: CXX_FEATURE:1cxx_alignof
    Feature record: CXX_FEATURE:1cxx_attributes
    Feature record: CXX_FEATURE:1cxx_attribute_deprecated
    Feature record: CXX_FEATURE:1cxx_auto_type
    Feature record: CXX_FEATURE:1cxx_binary_literals
    Feature record: CXX_FEATURE:1cxx_constexpr
    Feature record: CXX_FEATURE:1cxx_contextual_conversions
    Feature record: CXX_FEATURE:1cxx_decltype
    Feature record: CXX_FEATURE:1cxx_decltype_auto
    Feature record: CXX_FEATURE:1cxx_decltype_incomplete_return_types
    Feature record: CXX_FEATURE:1cxx_default_function_template_args
    Feature record: CXX_FEATURE:1cxx_defaulted_functions
    Feature record: CXX_FEATURE:1cxx_defaulted_move_initializers
    Feature record: CXX_FEATURE:1cxx_delegating_constructors
    Feature record: CXX_FEATURE:1cxx_deleted_functions
    Feature record: CXX_FEATURE:1cxx_digit_separators
    Feature record: CXX_FEATURE:1cxx_enum_forward_declarations
    Feature record: CXX_FEATURE:1cxx_explicit_conversions
    Feature record: CXX_FEATURE:1cxx_extended_friend_declarations
    Feature record: CXX_FEATURE:1cxx_extern_templates
    Feature record: CXX_FEATURE:1cxx_final
    Feature record: CXX_FEATURE:1cxx_func_identifier
    Feature record: CXX_FEATURE:1cxx_generalized_initializers
    Feature record: CXX_FEATURE:1cxx_generic_lambdas
    Feature record: CXX_FEATURE:1cxx_inheriting_constructors
    Feature record: CXX_FEATURE:1cxx_inline_namespaces
    Feature record: CXX_FEATURE:1cxx_lambdas
    Feature record: CXX_FEATURE:1cxx_lambda_init_captures
    Feature record: CXX_FEATURE:1cxx_local_type_template_args
    Feature record: CXX_FEATURE:1cxx_long_long_type
    Feature record: CXX_FEATURE:1cxx_noexcept
    Feature record: CXX_FEATURE:1cxx_nonstatic_member_init
    Feature record: CXX_FEATURE:1cxx_nullptr
    Feature record: CXX_FEATURE:1cxx_override
    Feature record: CXX_FEATURE:1cxx_range_for
    Feature record: CXX_FEATURE:1cxx_raw_string_literals
    Feature record: CXX_FEATURE:1cxx_reference_qualified_functions
    Feature record: CXX_FEATURE:1cxx_relaxed_constexpr
    Feature record: CXX_FEATURE:1cxx_return_type_deduction
    Feature record: CXX_FEATURE:1cxx_right_angle_brackets
    Feature record: CXX_FEATURE:1cxx_rvalue_references
    Feature record: CXX_FEATURE:1cxx_sizeof_member
    Feature record: CXX_FEATURE:1cxx_static_assert
    Feature record: CXX_FEATURE:1cxx_strong_enums
    Feature record: CXX_FEATURE:1cxx_template_template_parameters
    Feature record: CXX_FEATURE:1cxx_thread_local
    Feature record: CXX_FEATURE:1cxx_trailing_return_types
    Feature record: CXX_FEATURE:1cxx_unicode_literals
    Feature record: CXX_FEATURE:1cxx_uniform_initialization
    Feature record: CXX_FEATURE:1cxx_unrestricted_unions
    Feature record: CXX_FEATURE:1cxx_user_literals
    Feature record: CXX_FEATURE:1cxx_variable_templates
    Feature record: CXX_FEATURE:1cxx_variadic_macros
    Feature record: CXX_FEATURE:1cxx_variadic_templates


Detecting CXX [-std=c++11] compiler features compiled with the following output:
Change Dir: /afs/cern.ch/na62/offline/NA62FW/dev/rcurrent/NA62MC/build-cc7/CMakeFiles/CMakeTmp

Run Build Command:"/usr/bin/gmake" "cmTC_37b72/fast"
gmake[1]: Entering directory `/afs/cern.ch/na62/offline/NA62FW/dev/rcurrent/NA62MC/build-cc7/CMakeFiles/CMakeTmp'
/usr/bin/gmake -f CMakeFiles/cmTC_37b72.dir/build.make CMakeFiles/cmTC_37b72.dir/build
gmake[2]: Entering directory `/afs/cern.ch/na62/offline/NA62FW/dev/rcurrent/NA62MC/build-cc7/CMakeFiles/CMakeTmp'
Building CXX object CMakeFiles/cmTC_37b72.dir/feature_tests.cxx.o
/cvmfs/sft.cern.ch/lcg/releases/gcc/7.3.0-cb1ee/x86_64-centos7/bin/g++    -std=c++11 -o CMakeFiles/cmTC_37b72.dir/feature_tests.cxx.o -c /afs/cern.ch/na62/offline/NA62FW/dev/rcurrent/NA62MC/build-cc7/CMakeFiles/feature_tests.cxx
Linking CXX executable cmTC_37b72
/cvmfs/sft.cern.ch/lcg/contrib/CMake/3.8.1/Linux-x86_64/bin/cmake -E cmake_link_script CMakeFiles/cmTC_37b72.dir/link.txt --verbose=1
/cvmfs/sft.cern.ch/lcg/releases/gcc/7.3.0-cb1ee/x86_64-centos7/bin/g++       -rdynamic CMakeFiles/cmTC_37b72.dir/feature_tests.cxx.o  -o cmTC_37b72 
gmake[2]: Leaving directory `/afs/cern.ch/na62/offline/NA62FW/dev/rcurrent/NA62MC/build-cc7/CMakeFiles/CMakeTmp'
gmake[1]: Leaving directory `/afs/cern.ch/na62/offline/NA62FW/dev/rcurrent/NA62MC/build-cc7/CMakeFiles/CMakeTmp'


    Feature record: CXX_FEATURE:0cxx_aggregate_default_initializers
    Feature record: CXX_FEATURE:1cxx_alias_templates
    Feature record: CXX_FEATURE:1cxx_alignas
    Feature record: CXX_FEATURE:1cxx_alignof
    Feature record: CXX_FEATURE:1cxx_attributes
    Feature record: CXX_FEATURE:0cxx_attribute_deprecated
    Feature record: CXX_FEATURE:1cxx_auto_type
    Feature record: CXX_FEATURE:0cxx_binary_literals
    Feature record: CXX_FEATURE:1cxx_constexpr
    Feature record: CXX_FEATURE:0cxx_contextual_conversions
    Feature record: CXX_FEATURE:1cxx_decltype
    Feature record: CXX_FEATURE:0cxx_decltype_auto
    Feature record: CXX_FEATURE:1cxx_decltype_incomplete_return_types
    Feature record: CXX_FEATURE:1cxx_default_function_template_args
    Feature record: CXX_FEATURE:1cxx_defaulted_functions
    Feature record: CXX_FEATURE:1cxx_defaulted_move_initializers
    Feature record: CXX_FEATURE:1cxx_delegating_constructors
    Feature record: CXX_FEATURE:1cxx_deleted_functions
    Feature record: CXX_FEATURE:0cxx_digit_separators
    Feature record: CXX_FEATURE:1cxx_enum_forward_declarations
    Feature record: CXX_FEATURE:1cxx_explicit_conversions
    Feature record: CXX_FEATURE:1cxx_extended_friend_declarations
    Feature record: CXX_FEATURE:1cxx_extern_templates
    Feature record: CXX_FEATURE:1cxx_final
    Feature record: CXX_FEATURE:1cxx_func_identifier
    Feature record: CXX_FEATURE:1cxx_generalized_initializers
    Feature record: CXX_FEATURE:0cxx_generic_lambdas
    Feature record: CXX_FEATURE:1cxx_inheriting_constructors
    Feature record: CXX_FEATURE:1cxx_inline_namespaces
    Feature record: CXX_FEATURE:1cxx_lambdas
    Feature record: CXX_FEATURE:0cxx_lambda_init_captures
    Feature record: CXX_FEATURE:1cxx_local_type_template_args
    Feature record: CXX_FEATURE:1cxx_long_long_type
    Feature record: CXX_FEATURE:1cxx_noexcept
    Feature record: CXX_FEATURE:1cxx_nonstatic_member_init
    Feature record: CXX_FEATURE:1cxx_nullptr
    Feature record: CXX_FEATURE:1cxx_override
    Feature record: CXX_FEATURE:1cxx_range_for
    Feature record: CXX_FEATURE:1cxx_raw_string_literals
    Feature record: CXX_FEATURE:1cxx_reference_qualified_functions
    Feature record: CXX_FEATURE:0cxx_relaxed_constexpr
    Feature record: CXX_FEATURE:0cxx_return_type_deduction
    Feature record: CXX_FEATURE:1cxx_right_angle_brackets
    Feature record: CXX_FEATURE:1cxx_rvalue_references
    Feature record: CXX_FEATURE:1cxx_sizeof_member
    Feature record: CXX_FEATURE:1cxx_static_assert
    Feature record: CXX_FEATURE:1cxx_strong_enums
    Feature record: CXX_FEATURE:1cxx_template_template_parameters
    Feature record: CXX_FEATURE:1cxx_thread_local
    Feature record: CXX_FEATURE:1cxx_trailing_return_types
    Feature record: CXX_FEATURE:1cxx_unicode_literals
    Feature record: CXX_FEATURE:1cxx_uniform_initialization
    Feature record: CXX_FEATURE:1cxx_unrestricted_unions
    Feature record: CXX_FEATURE:1cxx_user_literals
    Feature record: CXX_FEATURE:0cxx_variable_templates
    Feature record: CXX_FEATURE:1cxx_variadic_macros
    Feature record: CXX_FEATURE:1cxx_variadic_templates


Detecting CXX [-std=c++98] compiler features compiled with the following output:
Change Dir: /afs/cern.ch/na62/offline/NA62FW/dev/rcurrent/NA62MC/build-cc7/CMakeFiles/CMakeTmp

Run Build Command:"/usr/bin/gmake" "cmTC_6b52c/fast"
gmake[1]: Entering directory `/afs/cern.ch/na62/offline/NA62FW/dev/rcurrent/NA62MC/build-cc7/CMakeFiles/CMakeTmp'
/usr/bin/gmake -f CMakeFiles/cmTC_6b52c.dir/build.make CMakeFiles/cmTC_6b52c.dir/build
gmake[2]: Entering directory `/afs/cern.ch/na62/offline/NA62FW/dev/rcurrent/NA62MC/build-cc7/CMakeFiles/CMakeTmp'
Building CXX object CMakeFiles/cmTC_6b52c.dir/feature_tests.cxx.o
/cvmfs/sft.cern.ch/lcg/releases/gcc/7.3.0-cb1ee/x86_64-centos7/bin/g++    -std=c++98 -o CMakeFiles/cmTC_6b52c.dir/feature_tests.cxx.o -c /afs/cern.ch/na62/offline/NA62FW/dev/rcurrent/NA62MC/build-cc7/CMakeFiles/feature_tests.cxx
Linking CXX executable cmTC_6b52c
/cvmfs/sft.cern.ch/lcg/contrib/CMake/3.8.1/Linux-x86_64/bin/cmake -E cmake_link_script CMakeFiles/cmTC_6b52c.dir/link.txt --verbose=1
/cvmfs/sft.cern.ch/lcg/releases/gcc/7.3.0-cb1ee/x86_64-centos7/bin/g++       -rdynamic CMakeFiles/cmTC_6b52c.dir/feature_tests.cxx.o  -o cmTC_6b52c 
gmake[2]: Leaving directory `/afs/cern.ch/na62/offline/NA62FW/dev/rcurrent/NA62MC/build-cc7/CMakeFiles/CMakeTmp'
gmake[1]: Leaving directory `/afs/cern.ch/na62/offline/NA62FW/dev/rcurrent/NA62MC/build-cc7/CMakeFiles/CMakeTmp'


    Feature record: CXX_FEATURE:0cxx_aggregate_default_initializers
    Feature record: CXX_FEATURE:0cxx_alias_templates
    Feature record: CXX_FEATURE:0cxx_alignas
    Feature record: CXX_FEATURE:0cxx_alignof
    Feature record: CXX_FEATURE:0cxx_attributes
    Feature record: CXX_FEATURE:0cxx_attribute_deprecated
    Feature record: CXX_FEATURE:0cxx_auto_type
    Feature record: CXX_FEATURE:0cxx_binary_literals
    Feature record: CXX_FEATURE:0cxx_constexpr
    Feature record: CXX_FEATURE:0cxx_contextual_conversions
    Feature record: CXX_FEATURE:0cxx_decltype
    Feature record: CXX_FEATURE:0cxx_decltype_auto
    Feature record: CXX_FEATURE:0cxx_decltype_incomplete_return_types
    Feature record: CXX_FEATURE:0cxx_default_function_template_args
    Feature record: CXX_FEATURE:0cxx_defaulted_functions
    Feature record: CXX_FEATURE:0cxx_defaulted_move_initializers
    Feature record: CXX_FEATURE:0cxx_delegating_constructors
    Feature record: CXX_FEATURE:0cxx_deleted_functions
    Feature record: CXX_FEATURE:0cxx_digit_separators
    Feature record: CXX_FEATURE:0cxx_enum_forward_declarations
    Feature record: CXX_FEATURE:0cxx_explicit_conversions
    Feature record: CXX_FEATURE:0cxx_extended_friend_declarations
    Feature record: CXX_FEATURE:0cxx_extern_templates
    Feature record: CXX_FEATURE:0cxx_final
    Feature record: CXX_FEATURE:0cxx_func_identifier
    Feature record: CXX_FEATURE:0cxx_generalized_initializers
    Feature record: CXX_FEATURE:0cxx_generic_lambdas
    Feature record: CXX_FEATURE:0cxx_inheriting_constructors
    Feature record: CXX_FEATURE:0cxx_inline_namespaces
    Feature record: CXX_FEATURE:0cxx_lambdas
    Feature record: CXX_FEATURE:0cxx_lambda_init_captures
    Feature record: CXX_FEATURE:0cxx_local_type_template_args
    Feature record: CXX_FEATURE:0cxx_long_long_type
    Feature record: CXX_FEATURE:0cxx_noexcept
    Feature record: CXX_FEATURE:0cxx_nonstatic_member_init
    Feature record: CXX_FEATURE:0cxx_nullptr
    Feature record: CXX_FEATURE:0cxx_override
    Feature record: CXX_FEATURE:0cxx_range_for
    Feature record: CXX_FEATURE:0cxx_raw_string_literals
    Feature record: CXX_FEATURE:0cxx_reference_qualified_functions
    Feature record: CXX_FEATURE:0cxx_relaxed_constexpr
    Feature record: CXX_FEATURE:0cxx_return_type_deduction
    Feature record: CXX_FEATURE:0cxx_right_angle_brackets
    Feature record: CXX_FEATURE:0cxx_rvalue_references
    Feature record: CXX_FEATURE:0cxx_sizeof_member
    Feature record: CXX_FEATURE:0cxx_static_assert
    Feature record: CXX_FEATURE:0cxx_strong_enums
    Feature record: CXX_FEATURE:1cxx_template_template_parameters
    Feature record: CXX_FEATURE:0cxx_thread_local
    Feature record: CXX_FEATURE:0cxx_trailing_return_types
    Feature record: CXX_FEATURE:0cxx_unicode_literals
    Feature record: CXX_FEATURE:0cxx_uniform_initialization
    Feature record: CXX_FEATURE:0cxx_unrestricted_unions
    Feature record: CXX_FEATURE:0cxx_user_literals
    Feature record: CXX_FEATURE:0cxx_variable_templates
    Feature record: CXX_FEATURE:0cxx_variadic_macros
    Feature record: CXX_FEATURE:0cxx_variadic_templates
Determining if the Fortran compiler works passed with the following output:
Change Dir: /afs/cern.ch/na62/offline/NA62FW/dev/rcurrent/NA62MC/build-cc7/CMakeFiles/CMakeTmp

Run Build Command:"/usr/bin/gmake" "cmTC_c7f4b/fast"
gmake[1]: Entering directory `/afs/cern.ch/na62/offline/NA62FW/dev/rcurrent/NA62MC/build-cc7/CMakeFiles/CMakeTmp'
/usr/bin/gmake -f CMakeFiles/cmTC_c7f4b.dir/build.make CMakeFiles/cmTC_c7f4b.dir/build
gmake[2]: Entering directory `/afs/cern.ch/na62/offline/NA62FW/dev/rcurrent/NA62MC/build-cc7/CMakeFiles/CMakeTmp'
Building Fortran object CMakeFiles/cmTC_c7f4b.dir/testFortranCompiler.f.o
/cvmfs/sft.cern.ch/lcg/releases/gcc/7.3.0-cb1ee/x86_64-centos7/bin/gfortran    -c /afs/cern.ch/na62/offline/NA62FW/dev/rcurrent/NA62MC/build-cc7/CMakeFiles/CMakeTmp/testFortranCompiler.f -o CMakeFiles/cmTC_c7f4b.dir/testFortranCompiler.f.o
Linking Fortran executable cmTC_c7f4b
/cvmfs/sft.cern.ch/lcg/contrib/CMake/3.8.1/Linux-x86_64/bin/cmake -E cmake_link_script CMakeFiles/cmTC_c7f4b.dir/link.txt --verbose=1
/cvmfs/sft.cern.ch/lcg/releases/gcc/7.3.0-cb1ee/x86_64-centos7/bin/gfortran      CMakeFiles/cmTC_c7f4b.dir/testFortranCompiler.f.o  -o cmTC_c7f4b 
gmake[2]: Leaving directory `/afs/cern.ch/na62/offline/NA62FW/dev/rcurrent/NA62MC/build-cc7/CMakeFiles/CMakeTmp'
gmake[1]: Leaving directory `/afs/cern.ch/na62/offline/NA62FW/dev/rcurrent/NA62MC/build-cc7/CMakeFiles/CMakeTmp'


Detecting Fortran compiler ABI info compiled with the following output:
Change Dir: /afs/cern.ch/na62/offline/NA62FW/dev/rcurrent/NA62MC/build-cc7/CMakeFiles/CMakeTmp

Run Build Command:"/usr/bin/gmake" "cmTC_a8aa4/fast"
gmake[1]: Entering directory `/afs/cern.ch/na62/offline/NA62FW/dev/rcurrent/NA62MC/build-cc7/CMakeFiles/CMakeTmp'
/usr/bin/gmake -f CMakeFiles/cmTC_a8aa4.dir/build.make CMakeFiles/cmTC_a8aa4.dir/build
gmake[2]: Entering directory `/afs/cern.ch/na62/offline/NA62FW/dev/rcurrent/NA62MC/build-cc7/CMakeFiles/CMakeTmp'
Building Fortran object CMakeFiles/cmTC_a8aa4.dir/CMakeFortranCompilerABI.F.o
/cvmfs/sft.cern.ch/lcg/releases/gcc/7.3.0-cb1ee/x86_64-centos7/bin/gfortran    -c /cvmfs/sft.cern.ch/lcg/contrib/CMake/3.8.1/Linux-x86_64/share/cmake-3.8/Modules/CMakeFortranCompilerABI.F -o CMakeFiles/cmTC_a8aa4.dir/CMakeFortranCompilerABI.F.o
Linking Fortran executable cmTC_a8aa4
/cvmfs/sft.cern.ch/lcg/contrib/CMake/3.8.1/Linux-x86_64/bin/cmake -E cmake_link_script CMakeFiles/cmTC_a8aa4.dir/link.txt --verbose=1
/cvmfs/sft.cern.ch/lcg/releases/gcc/7.3.0-cb1ee/x86_64-centos7/bin/gfortran   -v   CMakeFiles/cmTC_a8aa4.dir/CMakeFortranCompilerABI.F.o  -o cmTC_a8aa4 
Driving: /cvmfs/sft.cern.ch/lcg/releases/gcc/7.3.0-cb1ee/x86_64-centos7/bin/gfortran -v CMakeFiles/cmTC_a8aa4.dir/CMakeFortranCompilerABI.F.o -o cmTC_a8aa4 -l gfortran -l m -shared-libgcc
Using built-in specs.
COLLECT_GCC=/cvmfs/sft.cern.ch/lcg/releases/gcc/7.3.0-cb1ee/x86_64-centos7/bin/gfortran
COLLECT_LTO_WRAPPER=/cvmfs/sft.cern.ch/lcg/releases/gcc/7.3.0-cb1ee/x86_64-centos7/bin/../libexec/gcc/x86_64-pc-linux-gnu/7.3.0/lto-wrapper
Target: x86_64-pc-linux-gnu
Configured with: /afs/cern.ch/cms/CAF/CMSCOMM/COMM_ECAL/dkonst/GCC/build/contrib/gcc-7.3.0/src/gcc/7.3.0/configure --prefix=/afs/cern.ch/cms/CAF/CMSCOMM/COMM_ECAL/dkonst/GCC/lcgcmake-install/gcc/7.3.0/x86_64-centos7 -with-system-zlib --disable-multilib --enable-languages=all --with-gnu-ld --with-ld=/afs/cern.ch/cms/CAF/CMSCOMM/COMM_ECAL/dkonst/GCC/lcgcmake-install/binutils/2.28/x86_64-centos7/bin/ld --with-gnu-as --with-as=/afs/cern.ch/cms/CAF/CMSCOMM/COMM_ECAL/dkonst/GCC/lcgcmake-install/binutils/2.28/x86_64-centos7/bin/as
Thread model: posix
gcc version 7.3.0 (GCC) 
Reading specs from /cvmfs/sft.cern.ch/lcg/releases/gcc/7.3.0-cb1ee/x86_64-centos7/bin/../lib/gcc/x86_64-pc-linux-gnu/7.3.0/../../../../lib64/libgfortran.spec
rename spec lib to liborig
COLLECT_GCC_OPTIONS='-v' '-o' 'cmTC_a8aa4' '-shared-libgcc' '-mtune=generic' '-march=x86-64'
COMPILER_PATH=/cvmfs/sft.cern.ch/lcg/releases/gcc/7.3.0-cb1ee/x86_64-centos7/bin/../libexec/gcc/x86_64-pc-linux-gnu/7.3.0/:/cvmfs/sft.cern.ch/lcg/releases/gcc/7.3.0-cb1ee/x86_64-centos7/bin/../libexec/gcc/:/cvmfs/sft.cern.ch/lcg/releases/gcc/7.3.0-cb1ee/x86_64-centos7/
LIBRARY_PATH=/cvmfs/sft.cern.ch/lcg/releases/gcc/7.3.0-cb1ee/x86_64-centos7/bin/../lib/gcc/x86_64-pc-linux-gnu/7.3.0/:/cvmfs/sft.cern.ch/lcg/releases/gcc/7.3.0-cb1ee/x86_64-centos7/bin/../lib/gcc/:/cvmfs/sft.cern.ch/lcg/releases/gcc/7.3.0-cb1ee/x86_64-centos7/bin/../lib/gcc/x86_64-pc-linux-gnu/7.3.0/../../../../lib64/:/lib/../lib64/:/usr/lib/../lib64/:/cvmfs/sft.cern.ch/lcg/releases/gcc/7.3.0-cb1ee/x86_64-centos7/bin/../lib/gcc/x86_64-pc-linux-gnu/7.3.0/../../../:/lib/:/usr/lib/
COLLECT_GCC_OPTIONS='-v' '-o' 'cmTC_a8aa4' '-shared-libgcc' '-mtune=generic' '-march=x86-64'
 /cvmfs/sft.cern.ch/lcg/releases/gcc/7.3.0-cb1ee/x86_64-centos7/bin/../libexec/gcc/x86_64-pc-linux-gnu/7.3.0/collect2 -plugin /cvmfs/sft.cern.ch/lcg/releases/gcc/7.3.0-cb1ee/x86_64-centos7/bin/../libexec/gcc/x86_64-pc-linux-gnu/7.3.0/liblto_plugin.so -plugin-opt=/cvmfs/sft.cern.ch/lcg/releases/gcc/7.3.0-cb1ee/x86_64-centos7/bin/../libexec/gcc/x86_64-pc-linux-gnu/7.3.0/lto-wrapper -plugin-opt=-fresolution=/tmp/cc2NmMVQ.res -plugin-opt=-pass-through=-lgcc_s -plugin-opt=-pass-through=-lgcc -plugin-opt=-pass-through=-lquadmath -plugin-opt=-pass-through=-lm -plugin-opt=-pass-through=-lgcc_s -plugin-opt=-pass-through=-lgcc -plugin-opt=-pass-through=-lc -plugin-opt=-pass-through=-lgcc_s -plugin-opt=-pass-through=-lgcc --eh-frame-hdr -m elf_x86_64 -dynamic-linker /lib64/ld-linux-x86-64.so.2 -o cmTC_a8aa4 /lib/../lib64/crt1.o /lib/../lib64/crti.o /cvmfs/sft.cern.ch/lcg/releases/gcc/7.3.0-cb1ee/x86_64-centos7/bin/../lib/gcc/x86_64-pc-linux-gnu/7.3.0/crtbegin.o -L/cvmfs/sft.cern.ch/lcg/releases/gcc/7.3.0-cb1ee/x86_64-centos7/bin/../lib/gcc/x86_64-pc-linux-gnu/7.3.0 -L/cvmfs/sft.cern.ch/lcg/releases/gcc/7.3.0-cb1ee/x86_64-centos7/bin/../lib/gcc -L/cvmfs/sft.cern.ch/lcg/releases/gcc/7.3.0-cb1ee/x86_64-centos7/bin/../lib/gcc/x86_64-pc-linux-gnu/7.3.0/../../../../lib64 -L/lib/../lib64 -L/usr/lib/../lib64 -L/cvmfs/sft.cern.ch/lcg/releases/gcc/7.3.0-cb1ee/x86_64-centos7/bin/../lib/gcc/x86_64-pc-linux-gnu/7.3.0/../../.. CMakeFiles/cmTC_a8aa4.dir/CMakeFortranCompilerABI.F.o -lgfortran -lm -lgcc_s -lgcc -lquadmath -lm -lgcc_s -lgcc -lc -lgcc_s -lgcc /cvmfs/sft.cern.ch/lcg/releases/gcc/7.3.0-cb1ee/x86_64-centos7/bin/../lib/gcc/x86_64-pc-linux-gnu/7.3.0/crtend.o /lib/../lib64/crtn.o
COLLECT_GCC_OPTIONS='-v' '-o' 'cmTC_a8aa4' '-shared-libgcc' '-mtune=generic' '-march=x86-64'
gmake[2]: Leaving directory `/afs/cern.ch/na62/offline/NA62FW/dev/rcurrent/NA62MC/build-cc7/CMakeFiles/CMakeTmp'
gmake[1]: Leaving directory `/afs/cern.ch/na62/offline/NA62FW/dev/rcurrent/NA62MC/build-cc7/CMakeFiles/CMakeTmp'


Parsed Fortran implicit link information from above output:
  link line regex: [^( *|.*[/\])(ld|([^/\]+-)?ld|collect2)[^/\]*( |$)]
  ignore line: [Change Dir: /afs/cern.ch/na62/offline/NA62FW/dev/rcurrent/NA62MC/build-cc7/CMakeFiles/CMakeTmp]
  ignore line: []
  ignore line: [Run Build Command:"/usr/bin/gmake" "cmTC_a8aa4/fast"]
  ignore line: [gmake[1]: Entering directory `/afs/cern.ch/na62/offline/NA62FW/dev/rcurrent/NA62MC/build-cc7/CMakeFiles/CMakeTmp']
  ignore line: [/usr/bin/gmake -f CMakeFiles/cmTC_a8aa4.dir/build.make CMakeFiles/cmTC_a8aa4.dir/build]
  ignore line: [gmake[2]: Entering directory `/afs/cern.ch/na62/offline/NA62FW/dev/rcurrent/NA62MC/build-cc7/CMakeFiles/CMakeTmp']
  ignore line: [Building Fortran object CMakeFiles/cmTC_a8aa4.dir/CMakeFortranCompilerABI.F.o]
  ignore line: [/cvmfs/sft.cern.ch/lcg/releases/gcc/7.3.0-cb1ee/x86_64-centos7/bin/gfortran    -c /cvmfs/sft.cern.ch/lcg/contrib/CMake/3.8.1/Linux-x86_64/share/cmake-3.8/Modules/CMakeFortranCompilerABI.F -o CMakeFiles/cmTC_a8aa4.dir/CMakeFortranCompilerABI.F.o]
  ignore line: [Linking Fortran executable cmTC_a8aa4]
  ignore line: [/cvmfs/sft.cern.ch/lcg/contrib/CMake/3.8.1/Linux-x86_64/bin/cmake -E cmake_link_script CMakeFiles/cmTC_a8aa4.dir/link.txt --verbose=1]
  ignore line: [/cvmfs/sft.cern.ch/lcg/releases/gcc/7.3.0-cb1ee/x86_64-centos7/bin/gfortran   -v   CMakeFiles/cmTC_a8aa4.dir/CMakeFortranCompilerABI.F.o  -o cmTC_a8aa4 ]
  ignore line: [Driving: /cvmfs/sft.cern.ch/lcg/releases/gcc/7.3.0-cb1ee/x86_64-centos7/bin/gfortran -v CMakeFiles/cmTC_a8aa4.dir/CMakeFortranCompilerABI.F.o -o cmTC_a8aa4 -l gfortran -l m -shared-libgcc]
  ignore line: [Using built-in specs.]
  ignore line: [COLLECT_GCC=/cvmfs/sft.cern.ch/lcg/releases/gcc/7.3.0-cb1ee/x86_64-centos7/bin/gfortran]
  ignore line: [COLLECT_LTO_WRAPPER=/cvmfs/sft.cern.ch/lcg/releases/gcc/7.3.0-cb1ee/x86_64-centos7/bin/../libexec/gcc/x86_64-pc-linux-gnu/7.3.0/lto-wrapper]
  ignore line: [Target: x86_64-pc-linux-gnu]
  ignore line: [Configured with: /afs/cern.ch/cms/CAF/CMSCOMM/COMM_ECAL/dkonst/GCC/build/contrib/gcc-7.3.0/src/gcc/7.3.0/configure --prefix=/afs/cern.ch/cms/CAF/CMSCOMM/COMM_ECAL/dkonst/GCC/lcgcmake-install/gcc/7.3.0/x86_64-centos7 -with-system-zlib --disable-multilib --enable-languages=all --with-gnu-ld --with-ld=/afs/cern.ch/cms/CAF/CMSCOMM/COMM_ECAL/dkonst/GCC/lcgcmake-install/binutils/2.28/x86_64-centos7/bin/ld --with-gnu-as --with-as=/afs/cern.ch/cms/CAF/CMSCOMM/COMM_ECAL/dkonst/GCC/lcgcmake-install/binutils/2.28/x86_64-centos7/bin/as]
  ignore line: [Thread model: posix]
  ignore line: [gcc version 7.3.0 (GCC) ]
  ignore line: [Reading specs from /cvmfs/sft.cern.ch/lcg/releases/gcc/7.3.0-cb1ee/x86_64-centos7/bin/../lib/gcc/x86_64-pc-linux-gnu/7.3.0/../../../../lib64/libgfortran.spec]
  ignore line: [rename spec lib to liborig]
  ignore line: [COLLECT_GCC_OPTIONS='-v' '-o' 'cmTC_a8aa4' '-shared-libgcc' '-mtune=generic' '-march=x86-64']
  ignore line: [COMPILER_PATH=/cvmfs/sft.cern.ch/lcg/releases/gcc/7.3.0-cb1ee/x86_64-centos7/bin/../libexec/gcc/x86_64-pc-linux-gnu/7.3.0/:/cvmfs/sft.cern.ch/lcg/releases/gcc/7.3.0-cb1ee/x86_64-centos7/bin/../libexec/gcc/:/cvmfs/sft.cern.ch/lcg/releases/gcc/7.3.0-cb1ee/x86_64-centos7/]
  ignore line: [LIBRARY_PATH=/cvmfs/sft.cern.ch/lcg/releases/gcc/7.3.0-cb1ee/x86_64-centos7/bin/../lib/gcc/x86_64-pc-linux-gnu/7.3.0/:/cvmfs/sft.cern.ch/lcg/releases/gcc/7.3.0-cb1ee/x86_64-centos7/bin/../lib/gcc/:/cvmfs/sft.cern.ch/lcg/releases/gcc/7.3.0-cb1ee/x86_64-centos7/bin/../lib/gcc/x86_64-pc-linux-gnu/7.3.0/../../../../lib64/:/lib/../lib64/:/usr/lib/../lib64/:/cvmfs/sft.cern.ch/lcg/releases/gcc/7.3.0-cb1ee/x86_64-centos7/bin/../lib/gcc/x86_64-pc-linux-gnu/7.3.0/../../../:/lib/:/usr/lib/]
  ignore line: [COLLECT_GCC_OPTIONS='-v' '-o' 'cmTC_a8aa4' '-shared-libgcc' '-mtune=generic' '-march=x86-64']
  link line: [ /cvmfs/sft.cern.ch/lcg/releases/gcc/7.3.0-cb1ee/x86_64-centos7/bin/../libexec/gcc/x86_64-pc-linux-gnu/7.3.0/collect2 -plugin /cvmfs/sft.cern.ch/lcg/releases/gcc/7.3.0-cb1ee/x86_64-centos7/bin/../libexec/gcc/x86_64-pc-linux-gnu/7.3.0/liblto_plugin.so -plugin-opt=/cvmfs/sft.cern.ch/lcg/releases/gcc/7.3.0-cb1ee/x86_64-centos7/bin/../libexec/gcc/x86_64-pc-linux-gnu/7.3.0/lto-wrapper -plugin-opt=-fresolution=/tmp/cc2NmMVQ.res -plugin-opt=-pass-through=-lgcc_s -plugin-opt=-pass-through=-lgcc -plugin-opt=-pass-through=-lquadmath -plugin-opt=-pass-through=-lm -plugin-opt=-pass-through=-lgcc_s -plugin-opt=-pass-through=-lgcc -plugin-opt=-pass-through=-lc -plugin-opt=-pass-through=-lgcc_s -plugin-opt=-pass-through=-lgcc --eh-frame-hdr -m elf_x86_64 -dynamic-linker /lib64/ld-linux-x86-64.so.2 -o cmTC_a8aa4 /lib/../lib64/crt1.o /lib/../lib64/crti.o /cvmfs/sft.cern.ch/lcg/releases/gcc/7.3.0-cb1ee/x86_64-centos7/bin/../lib/gcc/x86_64-pc-linux-gnu/7.3.0/crtbegin.o -L/cvmfs/sft.cern.ch/lcg/releases/gcc/7.3.0-cb1ee/x86_64-centos7/bin/../lib/gcc/x86_64-pc-linux-gnu/7.3.0 -L/cvmfs/sft.cern.ch/lcg/releases/gcc/7.3.0-cb1ee/x86_64-centos7/bin/../lib/gcc -L/cvmfs/sft.cern.ch/lcg/releases/gcc/7.3.0-cb1ee/x86_64-centos7/bin/../lib/gcc/x86_64-pc-linux-gnu/7.3.0/../../../../lib64 -L/lib/../lib64 -L/usr/lib/../lib64 -L/cvmfs/sft.cern.ch/lcg/releases/gcc/7.3.0-cb1ee/x86_64-centos7/bin/../lib/gcc/x86_64-pc-linux-gnu/7.3.0/../../.. CMakeFiles/cmTC_a8aa4.dir/CMakeFortranCompilerABI.F.o -lgfortran -lm -lgcc_s -lgcc -lquadmath -lm -lgcc_s -lgcc -lc -lgcc_s -lgcc /cvmfs/sft.cern.ch/lcg/releases/gcc/7.3.0-cb1ee/x86_64-centos7/bin/../lib/gcc/x86_64-pc-linux-gnu/7.3.0/crtend.o /lib/../lib64/crtn.o]
    arg [/cvmfs/sft.cern.ch/lcg/releases/gcc/7.3.0-cb1ee/x86_64-centos7/bin/../libexec/gcc/x86_64-pc-linux-gnu/7.3.0/collect2] ==> ignore
    arg [-plugin] ==> ignore
    arg [/cvmfs/sft.cern.ch/lcg/releases/gcc/7.3.0-cb1ee/x86_64-centos7/bin/../libexec/gcc/x86_64-pc-linux-gnu/7.3.0/liblto_plugin.so] ==> ignore
    arg [-plugin-opt=/cvmfs/sft.cern.ch/lcg/releases/gcc/7.3.0-cb1ee/x86_64-centos7/bin/../libexec/gcc/x86_64-pc-linux-gnu/7.3.0/lto-wrapper] ==> ignore
    arg [-plugin-opt=-fresolution=/tmp/cc2NmMVQ.res] ==> ignore
    arg [-plugin-opt=-pass-through=-lgcc_s] ==> ignore
    arg [-plugin-opt=-pass-through=-lgcc] ==> ignore
    arg [-plugin-opt=-pass-through=-lquadmath] ==> ignore
    arg [-plugin-opt=-pass-through=-lm] ==> ignore
    arg [-plugin-opt=-pass-through=-lgcc_s] ==> ignore
    arg [-plugin-opt=-pass-through=-lgcc] ==> ignore
    arg [-plugin-opt=-pass-through=-lc] ==> ignore
    arg [-plugin-opt=-pass-through=-lgcc_s] ==> ignore
    arg [-plugin-opt=-pass-through=-lgcc] ==> ignore
    arg [--eh-frame-hdr] ==> ignore
    arg [-m] ==> ignore
    arg [elf_x86_64] ==> ignore
    arg [-dynamic-linker] ==> ignore
    arg [/lib64/ld-linux-x86-64.so.2] ==> ignore
    arg [-o] ==> ignore
    arg [cmTC_a8aa4] ==> ignore
    arg [/lib/../lib64/crt1.o] ==> ignore
    arg [/lib/../lib64/crti.o] ==> ignore
    arg [/cvmfs/sft.cern.ch/lcg/releases/gcc/7.3.0-cb1ee/x86_64-centos7/bin/../lib/gcc/x86_64-pc-linux-gnu/7.3.0/crtbegin.o] ==> ignore
    arg [-L/cvmfs/sft.cern.ch/lcg/releases/gcc/7.3.0-cb1ee/x86_64-centos7/bin/../lib/gcc/x86_64-pc-linux-gnu/7.3.0] ==> dir [/cvmfs/sft.cern.ch/lcg/releases/gcc/7.3.0-cb1ee/x86_64-centos7/bin/../lib/gcc/x86_64-pc-linux-gnu/7.3.0]
    arg [-L/cvmfs/sft.cern.ch/lcg/releases/gcc/7.3.0-cb1ee/x86_64-centos7/bin/../lib/gcc] ==> dir [/cvmfs/sft.cern.ch/lcg/releases/gcc/7.3.0-cb1ee/x86_64-centos7/bin/../lib/gcc]
    arg [-L/cvmfs/sft.cern.ch/lcg/releases/gcc/7.3.0-cb1ee/x86_64-centos7/bin/../lib/gcc/x86_64-pc-linux-gnu/7.3.0/../../../../lib64] ==> dir [/cvmfs/sft.cern.ch/lcg/releases/gcc/7.3.0-cb1ee/x86_64-centos7/bin/../lib/gcc/x86_64-pc-linux-gnu/7.3.0/../../../../lib64]
    arg [-L/lib/../lib64] ==> dir [/lib/../lib64]
    arg [-L/usr/lib/../lib64] ==> dir [/usr/lib/../lib64]
    arg [-L/cvmfs/sft.cern.ch/lcg/releases/gcc/7.3.0-cb1ee/x86_64-centos7/bin/../lib/gcc/x86_64-pc-linux-gnu/7.3.0/../../..] ==> dir [/cvmfs/sft.cern.ch/lcg/releases/gcc/7.3.0-cb1ee/x86_64-centos7/bin/../lib/gcc/x86_64-pc-linux-gnu/7.3.0/../../..]
    arg [CMakeFiles/cmTC_a8aa4.dir/CMakeFortranCompilerABI.F.o] ==> ignore
    arg [-lgfortran] ==> lib [gfortran]
    arg [-lm] ==> lib [m]
    arg [-lgcc_s] ==> lib [gcc_s]
    arg [-lgcc] ==> lib [gcc]
    arg [-lquadmath] ==> lib [quadmath]
    arg [-lm] ==> lib [m]
    arg [-lgcc_s] ==> lib [gcc_s]
    arg [-lgcc] ==> lib [gcc]
    arg [-lc] ==> lib [c]
    arg [-lgcc_s] ==> lib [gcc_s]
    arg [-lgcc] ==> lib [gcc]
    arg [/cvmfs/sft.cern.ch/lcg/releases/gcc/7.3.0-cb1ee/x86_64-centos7/bin/../lib/gcc/x86_64-pc-linux-gnu/7.3.0/crtend.o] ==> ignore
    arg [/lib/../lib64/crtn.o] ==> ignore
  remove lib [gcc_s]
  remove lib [gcc]
  remove lib [gcc_s]
  remove lib [gcc]
  remove lib [gcc_s]
  remove lib [gcc]
  collapse library dir [/cvmfs/sft.cern.ch/lcg/releases/gcc/7.3.0-cb1ee/x86_64-centos7/bin/../lib/gcc/x86_64-pc-linux-gnu/7.3.0] ==> [/cvmfs/sft.cern.ch/lcg/releases/gcc/7.3.0-cb1ee/x86_64-centos7/lib/gcc/x86_64-pc-linux-gnu/7.3.0]
  collapse library dir [/cvmfs/sft.cern.ch/lcg/releases/gcc/7.3.0-cb1ee/x86_64-centos7/bin/../lib/gcc] ==> [/cvmfs/sft.cern.ch/lcg/releases/gcc/7.3.0-cb1ee/x86_64-centos7/lib/gcc]
  collapse library dir [/cvmfs/sft.cern.ch/lcg/releases/gcc/7.3.0-cb1ee/x86_64-centos7/bin/../lib/gcc/x86_64-pc-linux-gnu/7.3.0/../../../../lib64] ==> [/cvmfs/sft.cern.ch/lcg/releases/gcc/7.3.0-cb1ee/x86_64-centos7/lib64]
  collapse library dir [/lib/../lib64] ==> [/lib64]
  collapse library dir [/usr/lib/../lib64] ==> [/usr/lib64]
  collapse library dir [/cvmfs/sft.cern.ch/lcg/releases/gcc/7.3.0-cb1ee/x86_64-centos7/bin/../lib/gcc/x86_64-pc-linux-gnu/7.3.0/../../..] ==> [/cvmfs/sft.cern.ch/lcg/releases/gcc/7.3.0-cb1ee/x86_64-centos7/lib]
  implicit libs: [gfortran;m;quadmath;m;c]
  implicit dirs: [/cvmfs/sft.cern.ch/lcg/releases/gcc/7.3.0-cb1ee/x86_64-centos7/lib/gcc/x86_64-pc-linux-gnu/7.3.0;/cvmfs/sft.cern.ch/lcg/releases/gcc/7.3.0-cb1ee/x86_64-centos7/lib/gcc;/cvmfs/sft.cern.ch/lcg/releases/gcc/7.3.0-cb1ee/x86_64-centos7/lib64;/lib64;/usr/lib64;/cvmfs/sft.cern.ch/lcg/releases/gcc/7.3.0-cb1ee/x86_64-centos7/lib]
  implicit fwks: []


Determining if the Fortran compiler supports Fortran 90 passed with the following output:
Change Dir: /afs/cern.ch/na62/offline/NA62FW/dev/rcurrent/NA62MC/build-cc7/CMakeFiles/CMakeTmp

Run Build Command:"/usr/bin/gmake" "cmTC_e1359/fast"
gmake[1]: Entering directory `/afs/cern.ch/na62/offline/NA62FW/dev/rcurrent/NA62MC/build-cc7/CMakeFiles/CMakeTmp'
/usr/bin/gmake -f CMakeFiles/cmTC_e1359.dir/build.make CMakeFiles/cmTC_e1359.dir/build
gmake[2]: Entering directory `/afs/cern.ch/na62/offline/NA62FW/dev/rcurrent/NA62MC/build-cc7/CMakeFiles/CMakeTmp'
Building Fortran object CMakeFiles/cmTC_e1359.dir/testFortranCompilerF90.f90.o
/cvmfs/sft.cern.ch/lcg/releases/gcc/7.3.0-cb1ee/x86_64-centos7/bin/gfortran    -c /afs/cern.ch/na62/offline/NA62FW/dev/rcurrent/NA62MC/build-cc7/CMakeFiles/CMakeTmp/testFortranCompilerF90.f90 -o CMakeFiles/cmTC_e1359.dir/testFortranCompilerF90.f90.o
Linking Fortran executable cmTC_e1359
/cvmfs/sft.cern.ch/lcg/contrib/CMake/3.8.1/Linux-x86_64/bin/cmake -E cmake_link_script CMakeFiles/cmTC_e1359.dir/link.txt --verbose=1
/cvmfs/sft.cern.ch/lcg/releases/gcc/7.3.0-cb1ee/x86_64-centos7/bin/gfortran      CMakeFiles/cmTC_e1359.dir/testFortranCompilerF90.f90.o  -o cmTC_e1359 
gmake[2]: Leaving directory `/afs/cern.ch/na62/offline/NA62FW/dev/rcurrent/NA62MC/build-cc7/CMakeFiles/CMakeTmp'
gmake[1]: Leaving directory `/afs/cern.ch/na62/offline/NA62FW/dev/rcurrent/NA62MC/build-cc7/CMakeFiles/CMakeTmp'


