The system is: Linux - 2.6.32-696.20.1.el6.x86_64 - x86_64
Compiling the C compiler identification source file "CMakeCCompilerId.c" succeeded.
Compiler: /cvmfs/sft.cern.ch/lcg/releases/LCG_86/gcc/4.9.3/x86_64-slc6/bin/gcc 
Build flags: 
Id flags: 

The output was:
0


Compilation of the C compiler identification source "CMakeCCompilerId.c" produced "a.out"

The C compiler identification is GNU, found in "/afs/cern.ch/na62/offline/NA62FW/dev/rcurrent/NA62Reconstruction/build-slc6/CMakeFiles/3.5.2/CompilerIdC/a.out"

Compiling the CXX compiler identification source file "CMakeCXXCompilerId.cpp" succeeded.
Compiler: /cvmfs/sft.cern.ch/lcg/releases/LCG_86/gcc/4.9.3/x86_64-slc6/bin/g++ 
Build flags: 
Id flags: 

The output was:
0


Compilation of the CXX compiler identification source "CMakeCXXCompilerId.cpp" produced "a.out"

The CXX compiler identification is GNU, found in "/afs/cern.ch/na62/offline/NA62FW/dev/rcurrent/NA62Reconstruction/build-slc6/CMakeFiles/3.5.2/CompilerIdCXX/a.out"

Compiling the Fortran compiler identification source file "CMakeFortranCompilerId.F" succeeded.
Compiler: /cvmfs/sft.cern.ch/lcg/releases/LCG_86/gcc/4.9.3/x86_64-slc6/bin/gfortran 
Build flags: 
Id flags: -v

The output was:
0
Driving: /cvmfs/sft.cern.ch/lcg/releases/LCG_86/gcc/4.9.3/x86_64-slc6/bin/gfortran -v CMakeFortranCompilerId.F -l gfortran -l m -shared-libgcc
Using built-in specs.
COLLECT_GCC=/cvmfs/sft.cern.ch/lcg/releases/LCG_86/gcc/4.9.3/x86_64-slc6/bin/gfortran
COLLECT_LTO_WRAPPER=/cvmfs/sft.cern.ch/lcg/contrib/gcc/4.9.3/x86_64-slc6/bin/../libexec/gcc/x86_64-unknown-linux-gnu/4.9.3/lto-wrapper
Target: x86_64-unknown-linux-gnu
Configured with: ../gcc-4.9.3/configure --prefix=/build/pmendez-sftnight/install-493/ --with-system-zlib --disable-multilib --enable-languages=all
Thread model: posix
gcc version 4.9.3 (GCC) 
COLLECT_GCC_OPTIONS='-v' '-shared-libgcc' '-mtune=generic' '-march=x86-64'
 /cvmfs/sft.cern.ch/lcg/contrib/gcc/4.9.3/x86_64-slc6/bin/../libexec/gcc/x86_64-unknown-linux-gnu/4.9.3/f951 CMakeFortranCompilerId.F -ffixed-form -cpp=/tmp/na62prod/cclJVlUS.f90 -quiet -v -iprefix /cvmfs/sft.cern.ch/lcg/contrib/gcc/4.9.3/x86_64-slc6/bin/../lib/gcc/x86_64-unknown-linux-gnu/4.9.3/ -isystem /cvmfs/sft.cern.ch/lcg/releases/LCG_86/gcc/4.9.3/x86_64-slc6/lib/gcc/x86_64-unknown-linux-gnu/4.9.3/include -isystem /cvmfs/sft.cern.ch/lcg/releases/LCG_86/gcc/4.9.3/x86_64-slc6/lib/gcc/x86_64-unknown-linux-gnu/4.9.3/include-fixed CMakeFortranCompilerId.F -quiet -dumpbase CMakeFortranCompilerId.F -mtune=generic -march=x86-64 -auxbase CMakeFortranCompilerId -version -fintrinsic-modules-path /cvmfs/sft.cern.ch/lcg/contrib/gcc/4.9.3/x86_64-slc6/bin/../lib/gcc/x86_64-unknown-linux-gnu/4.9.3/finclude -o /tmp/na62prod/cckhAYGJ.s
GNU Fortran (GCC) version 4.9.3 (x86_64-unknown-linux-gnu)
	compiled by GNU C version 4.9.3, GMP version 4.3.2, MPFR version 2.4.2, MPC version 0.8.1
GGC heuristics: --param ggc-min-expand=100 --param ggc-min-heapsize=131072
ignoring nonexistent directory "/cvmfs/sft.cern.ch/lcg/contrib/gcc/4.9.3/x86_64-slc6/bin/../lib/gcc/x86_64-unknown-linux-gnu/4.9.3/../../../../x86_64-unknown-linux-gnu/include"
ignoring duplicate directory "/cvmfs/sft.cern.ch/lcg/contrib/gcc/4.9.3/x86_64-slc6/bin/../lib/gcc/../../lib/gcc/x86_64-unknown-linux-gnu/4.9.3/include"
ignoring duplicate directory "/cvmfs/sft.cern.ch/lcg/contrib/gcc/4.9.3/x86_64-slc6/bin/../lib/gcc/../../lib/gcc/x86_64-unknown-linux-gnu/4.9.3/include-fixed"
ignoring nonexistent directory "/cvmfs/sft.cern.ch/lcg/contrib/gcc/4.9.3/x86_64-slc6/bin/../lib/gcc/../../lib/gcc/x86_64-unknown-linux-gnu/4.9.3/../../../../x86_64-unknown-linux-gnu/include"
ignoring duplicate directory "/cvmfs/sft.cern.ch/lcg/releases/LCG_86/gcc/4.9.3/x86_64-slc6/lib/gcc/x86_64-unknown-linux-gnu/4.9.3/include"
  as it is a non-system directory that duplicates a system directory
ignoring duplicate directory "/cvmfs/sft.cern.ch/lcg/releases/LCG_86/gcc/4.9.3/x86_64-slc6/lib/gcc/x86_64-unknown-linux-gnu/4.9.3/include-fixed"
  as it is a non-system directory that duplicates a system directory
#include "..." search starts here:
#include <...> search starts here:
 /cvmfs/sft.cern.ch/lcg/contrib/gcc/4.9.3/x86_64-slc6/bin/../lib/gcc/x86_64-unknown-linux-gnu/4.9.3/finclude
 /cvmfs/sft.cern.ch/lcg/contrib/gcc/4.9.3/x86_64-slc6/bin/../lib/gcc/x86_64-unknown-linux-gnu/4.9.3/include
 /cvmfs/sft.cern.ch/lcg/contrib/gcc/4.9.3/x86_64-slc6/bin/../lib/gcc/x86_64-unknown-linux-gnu/4.9.3/include-fixed
 /usr/local/include
 /cvmfs/sft.cern.ch/lcg/contrib/gcc/4.9.3/x86_64-slc6/bin/../lib/gcc/../../include
 /usr/include
End of search list.
GNU Fortran (GCC) version 4.9.3 (x86_64-unknown-linux-gnu)
	compiled by GNU C version 4.9.3, GMP version 4.3.2, MPFR version 2.4.2, MPC version 0.8.1
GGC heuristics: --param ggc-min-expand=100 --param ggc-min-heapsize=131072
COLLECT_GCC_OPTIONS='-v' '-shared-libgcc' '-mtune=generic' '-march=x86-64'
 as -v --64 -o /tmp/na62prod/cc78EHCA.o /tmp/na62prod/cckhAYGJ.s
GNU assembler version 2.20.51.0.2 (x86_64-redhat-linux) using BFD version version 2.20.51.0.2-5.48.el6_10.1 20100205
Reading specs from /cvmfs/sft.cern.ch/lcg/contrib/gcc/4.9.3/x86_64-slc6/bin/../lib/gcc/x86_64-unknown-linux-gnu/4.9.3/../../../../lib64/libgfortran.spec
rename spec lib to liborig
COLLECT_GCC_OPTIONS='-v' '-shared-libgcc' '-mtune=generic' '-march=x86-64'
COMPILER_PATH=/cvmfs/sft.cern.ch/lcg/contrib/gcc/4.9.3/x86_64-slc6/bin/../libexec/gcc/x86_64-unknown-linux-gnu/4.9.3/:/cvmfs/sft.cern.ch/lcg/contrib/gcc/4.9.3/x86_64-slc6/bin/../libexec/gcc/:/cvmfs/sft.cern.ch/lcg/releases/LCG_86/gcc/4.9.3/x86_64-slc6/lib/gcc/x86_64-unknown-linux-gnu/4.9.3/
LIBRARY_PATH=/cvmfs/sft.cern.ch/lcg/contrib/gcc/4.9.3/x86_64-slc6/bin/../lib/gcc/x86_64-unknown-linux-gnu/4.9.3/:/cvmfs/sft.cern.ch/lcg/contrib/gcc/4.9.3/x86_64-slc6/bin/../lib/gcc/:/cvmfs/sft.cern.ch/lcg/contrib/gcc/4.9.3/x86_64-slc6/bin/../lib/gcc/x86_64-unknown-linux-gnu/4.9.3/../../../../lib64/:/lib/../lib64/:/usr/lib/../lib64/:/cvmfs/sft.cern.ch/lcg/contrib/gcc/4.9.3/x86_64-slc6/bin/../lib/gcc/x86_64-unknown-linux-gnu/4.9.3/../../../:/lib/:/usr/lib/
COLLECT_GCC_OPTIONS='-v' '-shared-libgcc' '-mtune=generic' '-march=x86-64'
 /cvmfs/sft.cern.ch/lcg/contrib/gcc/4.9.3/x86_64-slc6/bin/../libexec/gcc/x86_64-unknown-linux-gnu/4.9.3/collect2 --eh-frame-hdr -m elf_x86_64 -dynamic-linker /lib64/ld-linux-x86-64.so.2 /usr/lib/../lib64/crt1.o /usr/lib/../lib64/crti.o /cvmfs/sft.cern.ch/lcg/contrib/gcc/4.9.3/x86_64-slc6/bin/../lib/gcc/x86_64-unknown-linux-gnu/4.9.3/crtbegin.o -L/cvmfs/sft.cern.ch/lcg/contrib/gcc/4.9.3/x86_64-slc6/bin/../lib/gcc/x86_64-unknown-linux-gnu/4.9.3 -L/cvmfs/sft.cern.ch/lcg/contrib/gcc/4.9.3/x86_64-slc6/bin/../lib/gcc -L/cvmfs/sft.cern.ch/lcg/contrib/gcc/4.9.3/x86_64-slc6/bin/../lib/gcc/x86_64-unknown-linux-gnu/4.9.3/../../../../lib64 -L/lib/../lib64 -L/usr/lib/../lib64 -L/cvmfs/sft.cern.ch/lcg/contrib/gcc/4.9.3/x86_64-slc6/bin/../lib/gcc/x86_64-unknown-linux-gnu/4.9.3/../../.. /tmp/na62prod/cc78EHCA.o -lgfortran -lm -lgcc_s -lgcc -lquadmath -lm -lgcc_s -lgcc -lc -lgcc_s -lgcc /cvmfs/sft.cern.ch/lcg/contrib/gcc/4.9.3/x86_64-slc6/bin/../lib/gcc/x86_64-unknown-linux-gnu/4.9.3/crtend.o /usr/lib/../lib64/crtn.o


Compilation of the Fortran compiler identification source "CMakeFortranCompilerId.F" produced "a.out"

The Fortran compiler identification is GNU, found in "/afs/cern.ch/na62/offline/NA62FW/dev/rcurrent/NA62Reconstruction/build-slc6/CMakeFiles/3.5.2/CompilerIdFortran/a.out"

Determining if the C compiler works passed with the following output:
Change Dir: /afs/cern.ch/na62/offline/NA62FW/dev/rcurrent/NA62Reconstruction/build-slc6/CMakeFiles/CMakeTmp

Run Build Command:"/usr/bin/gmake" "cmTC_fa967/fast"
gmake[1]: Entering directory `/afs/cern.ch/na62/offline/NA62FW/dev/rcurrent/NA62Reconstruction/build-slc6/CMakeFiles/CMakeTmp'
/usr/bin/gmake -f CMakeFiles/cmTC_fa967.dir/build.make CMakeFiles/cmTC_fa967.dir/build
gmake[2]: Entering directory `/afs/cern.ch/na62/offline/NA62FW/dev/rcurrent/NA62Reconstruction/build-slc6/CMakeFiles/CMakeTmp'
Building C object CMakeFiles/cmTC_fa967.dir/testCCompiler.c.o
/cvmfs/sft.cern.ch/lcg/releases/LCG_86/gcc/4.9.3/x86_64-slc6/bin/gcc     -o CMakeFiles/cmTC_fa967.dir/testCCompiler.c.o   -c /afs/cern.ch/na62/offline/NA62FW/dev/rcurrent/NA62Reconstruction/build-slc6/CMakeFiles/CMakeTmp/testCCompiler.c
Linking C executable cmTC_fa967
/cvmfs/sft.cern.ch/lcg/releases/CMake/3.5.2-a9b03/x86_64-slc6-gcc49-opt/bin/cmake -E cmake_link_script CMakeFiles/cmTC_fa967.dir/link.txt --verbose=1
/cvmfs/sft.cern.ch/lcg/releases/LCG_86/gcc/4.9.3/x86_64-slc6/bin/gcc       CMakeFiles/cmTC_fa967.dir/testCCompiler.c.o  -o cmTC_fa967 -rdynamic 
gmake[2]: Leaving directory `/afs/cern.ch/na62/offline/NA62FW/dev/rcurrent/NA62Reconstruction/build-slc6/CMakeFiles/CMakeTmp'
gmake[1]: Leaving directory `/afs/cern.ch/na62/offline/NA62FW/dev/rcurrent/NA62Reconstruction/build-slc6/CMakeFiles/CMakeTmp'


Detecting C compiler ABI info compiled with the following output:
Change Dir: /afs/cern.ch/na62/offline/NA62FW/dev/rcurrent/NA62Reconstruction/build-slc6/CMakeFiles/CMakeTmp

Run Build Command:"/usr/bin/gmake" "cmTC_6de5b/fast"
gmake[1]: Entering directory `/afs/cern.ch/na62/offline/NA62FW/dev/rcurrent/NA62Reconstruction/build-slc6/CMakeFiles/CMakeTmp'
/usr/bin/gmake -f CMakeFiles/cmTC_6de5b.dir/build.make CMakeFiles/cmTC_6de5b.dir/build
gmake[2]: Entering directory `/afs/cern.ch/na62/offline/NA62FW/dev/rcurrent/NA62Reconstruction/build-slc6/CMakeFiles/CMakeTmp'
Building C object CMakeFiles/cmTC_6de5b.dir/CMakeCCompilerABI.c.o
/cvmfs/sft.cern.ch/lcg/releases/LCG_86/gcc/4.9.3/x86_64-slc6/bin/gcc     -o CMakeFiles/cmTC_6de5b.dir/CMakeCCompilerABI.c.o   -c /cvmfs/sft.cern.ch/lcg/releases/CMake/3.5.2-a9b03/x86_64-slc6-gcc49-opt/share/cmake-3.5/Modules/CMakeCCompilerABI.c
Linking C executable cmTC_6de5b
/cvmfs/sft.cern.ch/lcg/releases/CMake/3.5.2-a9b03/x86_64-slc6-gcc49-opt/bin/cmake -E cmake_link_script CMakeFiles/cmTC_6de5b.dir/link.txt --verbose=1
/cvmfs/sft.cern.ch/lcg/releases/LCG_86/gcc/4.9.3/x86_64-slc6/bin/gcc      -v CMakeFiles/cmTC_6de5b.dir/CMakeCCompilerABI.c.o  -o cmTC_6de5b -rdynamic  
Using built-in specs.
COLLECT_GCC=/cvmfs/sft.cern.ch/lcg/releases/LCG_86/gcc/4.9.3/x86_64-slc6/bin/gcc
COLLECT_LTO_WRAPPER=/cvmfs/sft.cern.ch/lcg/contrib/gcc/4.9.3/x86_64-slc6/bin/../libexec/gcc/x86_64-unknown-linux-gnu/4.9.3/lto-wrapper
Target: x86_64-unknown-linux-gnu
Configured with: ../gcc-4.9.3/configure --prefix=/build/pmendez-sftnight/install-493/ --with-system-zlib --disable-multilib --enable-languages=all
Thread model: posix
gcc version 4.9.3 (GCC) 
COMPILER_PATH=/cvmfs/sft.cern.ch/lcg/contrib/gcc/4.9.3/x86_64-slc6/bin/../libexec/gcc/x86_64-unknown-linux-gnu/4.9.3/:/cvmfs/sft.cern.ch/lcg/contrib/gcc/4.9.3/x86_64-slc6/bin/../libexec/gcc/:/cvmfs/sft.cern.ch/lcg/releases/LCG_86/gcc/4.9.3/x86_64-slc6/lib/gcc/x86_64-unknown-linux-gnu/4.9.3/
LIBRARY_PATH=/cvmfs/sft.cern.ch/lcg/contrib/gcc/4.9.3/x86_64-slc6/bin/../lib/gcc/x86_64-unknown-linux-gnu/4.9.3/:/cvmfs/sft.cern.ch/lcg/contrib/gcc/4.9.3/x86_64-slc6/bin/../lib/gcc/:/cvmfs/sft.cern.ch/lcg/contrib/gcc/4.9.3/x86_64-slc6/bin/../lib/gcc/x86_64-unknown-linux-gnu/4.9.3/../../../../lib64/:/lib/../lib64/:/usr/lib/../lib64/:/cvmfs/sft.cern.ch/lcg/contrib/gcc/4.9.3/x86_64-slc6/bin/../lib/gcc/x86_64-unknown-linux-gnu/4.9.3/../../../:/lib/:/usr/lib/
COLLECT_GCC_OPTIONS='-v' '-o' 'cmTC_6de5b' '-rdynamic' '-mtune=generic' '-march=x86-64'
 /cvmfs/sft.cern.ch/lcg/contrib/gcc/4.9.3/x86_64-slc6/bin/../libexec/gcc/x86_64-unknown-linux-gnu/4.9.3/collect2 --eh-frame-hdr -m elf_x86_64 -export-dynamic -dynamic-linker /lib64/ld-linux-x86-64.so.2 -o cmTC_6de5b /usr/lib/../lib64/crt1.o /usr/lib/../lib64/crti.o /cvmfs/sft.cern.ch/lcg/contrib/gcc/4.9.3/x86_64-slc6/bin/../lib/gcc/x86_64-unknown-linux-gnu/4.9.3/crtbegin.o -L/cvmfs/sft.cern.ch/lcg/contrib/gcc/4.9.3/x86_64-slc6/bin/../lib/gcc/x86_64-unknown-linux-gnu/4.9.3 -L/cvmfs/sft.cern.ch/lcg/contrib/gcc/4.9.3/x86_64-slc6/bin/../lib/gcc -L/cvmfs/sft.cern.ch/lcg/contrib/gcc/4.9.3/x86_64-slc6/bin/../lib/gcc/x86_64-unknown-linux-gnu/4.9.3/../../../../lib64 -L/lib/../lib64 -L/usr/lib/../lib64 -L/cvmfs/sft.cern.ch/lcg/contrib/gcc/4.9.3/x86_64-slc6/bin/../lib/gcc/x86_64-unknown-linux-gnu/4.9.3/../../.. CMakeFiles/cmTC_6de5b.dir/CMakeCCompilerABI.c.o -lgcc --as-needed -lgcc_s --no-as-needed -lc -lgcc --as-needed -lgcc_s --no-as-needed /cvmfs/sft.cern.ch/lcg/contrib/gcc/4.9.3/x86_64-slc6/bin/../lib/gcc/x86_64-unknown-linux-gnu/4.9.3/crtend.o /usr/lib/../lib64/crtn.o
gmake[2]: Leaving directory `/afs/cern.ch/na62/offline/NA62FW/dev/rcurrent/NA62Reconstruction/build-slc6/CMakeFiles/CMakeTmp'
gmake[1]: Leaving directory `/afs/cern.ch/na62/offline/NA62FW/dev/rcurrent/NA62Reconstruction/build-slc6/CMakeFiles/CMakeTmp'


Parsed C implicit link information from above output:
  link line regex: [^( *|.*[/\])(ld|([^/\]+-)?ld|collect2)[^/\]*( |$)]
  ignore line: [Change Dir: /afs/cern.ch/na62/offline/NA62FW/dev/rcurrent/NA62Reconstruction/build-slc6/CMakeFiles/CMakeTmp]
  ignore line: []
  ignore line: [Run Build Command:"/usr/bin/gmake" "cmTC_6de5b/fast"]
  ignore line: [gmake[1]: Entering directory `/afs/cern.ch/na62/offline/NA62FW/dev/rcurrent/NA62Reconstruction/build-slc6/CMakeFiles/CMakeTmp']
  ignore line: [/usr/bin/gmake -f CMakeFiles/cmTC_6de5b.dir/build.make CMakeFiles/cmTC_6de5b.dir/build]
  ignore line: [gmake[2]: Entering directory `/afs/cern.ch/na62/offline/NA62FW/dev/rcurrent/NA62Reconstruction/build-slc6/CMakeFiles/CMakeTmp']
  ignore line: [Building C object CMakeFiles/cmTC_6de5b.dir/CMakeCCompilerABI.c.o]
  ignore line: [/cvmfs/sft.cern.ch/lcg/releases/LCG_86/gcc/4.9.3/x86_64-slc6/bin/gcc     -o CMakeFiles/cmTC_6de5b.dir/CMakeCCompilerABI.c.o   -c /cvmfs/sft.cern.ch/lcg/releases/CMake/3.5.2-a9b03/x86_64-slc6-gcc49-opt/share/cmake-3.5/Modules/CMakeCCompilerABI.c]
  ignore line: [Linking C executable cmTC_6de5b]
  ignore line: [/cvmfs/sft.cern.ch/lcg/releases/CMake/3.5.2-a9b03/x86_64-slc6-gcc49-opt/bin/cmake -E cmake_link_script CMakeFiles/cmTC_6de5b.dir/link.txt --verbose=1]
  ignore line: [/cvmfs/sft.cern.ch/lcg/releases/LCG_86/gcc/4.9.3/x86_64-slc6/bin/gcc      -v CMakeFiles/cmTC_6de5b.dir/CMakeCCompilerABI.c.o  -o cmTC_6de5b -rdynamic  ]
  ignore line: [Using built-in specs.]
  ignore line: [COLLECT_GCC=/cvmfs/sft.cern.ch/lcg/releases/LCG_86/gcc/4.9.3/x86_64-slc6/bin/gcc]
  ignore line: [COLLECT_LTO_WRAPPER=/cvmfs/sft.cern.ch/lcg/contrib/gcc/4.9.3/x86_64-slc6/bin/../libexec/gcc/x86_64-unknown-linux-gnu/4.9.3/lto-wrapper]
  ignore line: [Target: x86_64-unknown-linux-gnu]
  ignore line: [Configured with: ../gcc-4.9.3/configure --prefix=/build/pmendez-sftnight/install-493/ --with-system-zlib --disable-multilib --enable-languages=all]
  ignore line: [Thread model: posix]
  ignore line: [gcc version 4.9.3 (GCC) ]
  ignore line: [COMPILER_PATH=/cvmfs/sft.cern.ch/lcg/contrib/gcc/4.9.3/x86_64-slc6/bin/../libexec/gcc/x86_64-unknown-linux-gnu/4.9.3/:/cvmfs/sft.cern.ch/lcg/contrib/gcc/4.9.3/x86_64-slc6/bin/../libexec/gcc/:/cvmfs/sft.cern.ch/lcg/releases/LCG_86/gcc/4.9.3/x86_64-slc6/lib/gcc/x86_64-unknown-linux-gnu/4.9.3/]
  ignore line: [LIBRARY_PATH=/cvmfs/sft.cern.ch/lcg/contrib/gcc/4.9.3/x86_64-slc6/bin/../lib/gcc/x86_64-unknown-linux-gnu/4.9.3/:/cvmfs/sft.cern.ch/lcg/contrib/gcc/4.9.3/x86_64-slc6/bin/../lib/gcc/:/cvmfs/sft.cern.ch/lcg/contrib/gcc/4.9.3/x86_64-slc6/bin/../lib/gcc/x86_64-unknown-linux-gnu/4.9.3/../../../../lib64/:/lib/../lib64/:/usr/lib/../lib64/:/cvmfs/sft.cern.ch/lcg/contrib/gcc/4.9.3/x86_64-slc6/bin/../lib/gcc/x86_64-unknown-linux-gnu/4.9.3/../../../:/lib/:/usr/lib/]
  ignore line: [COLLECT_GCC_OPTIONS='-v' '-o' 'cmTC_6de5b' '-rdynamic' '-mtune=generic' '-march=x86-64']
  link line: [ /cvmfs/sft.cern.ch/lcg/contrib/gcc/4.9.3/x86_64-slc6/bin/../libexec/gcc/x86_64-unknown-linux-gnu/4.9.3/collect2 --eh-frame-hdr -m elf_x86_64 -export-dynamic -dynamic-linker /lib64/ld-linux-x86-64.so.2 -o cmTC_6de5b /usr/lib/../lib64/crt1.o /usr/lib/../lib64/crti.o /cvmfs/sft.cern.ch/lcg/contrib/gcc/4.9.3/x86_64-slc6/bin/../lib/gcc/x86_64-unknown-linux-gnu/4.9.3/crtbegin.o -L/cvmfs/sft.cern.ch/lcg/contrib/gcc/4.9.3/x86_64-slc6/bin/../lib/gcc/x86_64-unknown-linux-gnu/4.9.3 -L/cvmfs/sft.cern.ch/lcg/contrib/gcc/4.9.3/x86_64-slc6/bin/../lib/gcc -L/cvmfs/sft.cern.ch/lcg/contrib/gcc/4.9.3/x86_64-slc6/bin/../lib/gcc/x86_64-unknown-linux-gnu/4.9.3/../../../../lib64 -L/lib/../lib64 -L/usr/lib/../lib64 -L/cvmfs/sft.cern.ch/lcg/contrib/gcc/4.9.3/x86_64-slc6/bin/../lib/gcc/x86_64-unknown-linux-gnu/4.9.3/../../.. CMakeFiles/cmTC_6de5b.dir/CMakeCCompilerABI.c.o -lgcc --as-needed -lgcc_s --no-as-needed -lc -lgcc --as-needed -lgcc_s --no-as-needed /cvmfs/sft.cern.ch/lcg/contrib/gcc/4.9.3/x86_64-slc6/bin/../lib/gcc/x86_64-unknown-linux-gnu/4.9.3/crtend.o /usr/lib/../lib64/crtn.o]
    arg [/cvmfs/sft.cern.ch/lcg/contrib/gcc/4.9.3/x86_64-slc6/bin/../libexec/gcc/x86_64-unknown-linux-gnu/4.9.3/collect2] ==> ignore
    arg [--eh-frame-hdr] ==> ignore
    arg [-m] ==> ignore
    arg [elf_x86_64] ==> ignore
    arg [-export-dynamic] ==> ignore
    arg [-dynamic-linker] ==> ignore
    arg [/lib64/ld-linux-x86-64.so.2] ==> ignore
    arg [-o] ==> ignore
    arg [cmTC_6de5b] ==> ignore
    arg [/usr/lib/../lib64/crt1.o] ==> ignore
    arg [/usr/lib/../lib64/crti.o] ==> ignore
    arg [/cvmfs/sft.cern.ch/lcg/contrib/gcc/4.9.3/x86_64-slc6/bin/../lib/gcc/x86_64-unknown-linux-gnu/4.9.3/crtbegin.o] ==> ignore
    arg [-L/cvmfs/sft.cern.ch/lcg/contrib/gcc/4.9.3/x86_64-slc6/bin/../lib/gcc/x86_64-unknown-linux-gnu/4.9.3] ==> dir [/cvmfs/sft.cern.ch/lcg/contrib/gcc/4.9.3/x86_64-slc6/bin/../lib/gcc/x86_64-unknown-linux-gnu/4.9.3]
    arg [-L/cvmfs/sft.cern.ch/lcg/contrib/gcc/4.9.3/x86_64-slc6/bin/../lib/gcc] ==> dir [/cvmfs/sft.cern.ch/lcg/contrib/gcc/4.9.3/x86_64-slc6/bin/../lib/gcc]
    arg [-L/cvmfs/sft.cern.ch/lcg/contrib/gcc/4.9.3/x86_64-slc6/bin/../lib/gcc/x86_64-unknown-linux-gnu/4.9.3/../../../../lib64] ==> dir [/cvmfs/sft.cern.ch/lcg/contrib/gcc/4.9.3/x86_64-slc6/bin/../lib/gcc/x86_64-unknown-linux-gnu/4.9.3/../../../../lib64]
    arg [-L/lib/../lib64] ==> dir [/lib/../lib64]
    arg [-L/usr/lib/../lib64] ==> dir [/usr/lib/../lib64]
    arg [-L/cvmfs/sft.cern.ch/lcg/contrib/gcc/4.9.3/x86_64-slc6/bin/../lib/gcc/x86_64-unknown-linux-gnu/4.9.3/../../..] ==> dir [/cvmfs/sft.cern.ch/lcg/contrib/gcc/4.9.3/x86_64-slc6/bin/../lib/gcc/x86_64-unknown-linux-gnu/4.9.3/../../..]
    arg [CMakeFiles/cmTC_6de5b.dir/CMakeCCompilerABI.c.o] ==> ignore
    arg [-lgcc] ==> lib [gcc]
    arg [--as-needed] ==> ignore
    arg [-lgcc_s] ==> lib [gcc_s]
    arg [--no-as-needed] ==> ignore
    arg [-lc] ==> lib [c]
    arg [-lgcc] ==> lib [gcc]
    arg [--as-needed] ==> ignore
    arg [-lgcc_s] ==> lib [gcc_s]
    arg [--no-as-needed] ==> ignore
    arg [/cvmfs/sft.cern.ch/lcg/contrib/gcc/4.9.3/x86_64-slc6/bin/../lib/gcc/x86_64-unknown-linux-gnu/4.9.3/crtend.o] ==> ignore
    arg [/usr/lib/../lib64/crtn.o] ==> ignore
  remove lib [gcc]
  remove lib [gcc_s]
  remove lib [gcc]
  remove lib [gcc_s]
  collapse library dir [/cvmfs/sft.cern.ch/lcg/contrib/gcc/4.9.3/x86_64-slc6/bin/../lib/gcc/x86_64-unknown-linux-gnu/4.9.3] ==> [/cvmfs/sft.cern.ch/lcg/contrib/gcc/4.9.3/x86_64-slc6/lib/gcc/x86_64-unknown-linux-gnu/4.9.3]
  collapse library dir [/cvmfs/sft.cern.ch/lcg/contrib/gcc/4.9.3/x86_64-slc6/bin/../lib/gcc] ==> [/cvmfs/sft.cern.ch/lcg/contrib/gcc/4.9.3/x86_64-slc6/lib/gcc]
  collapse library dir [/cvmfs/sft.cern.ch/lcg/contrib/gcc/4.9.3/x86_64-slc6/bin/../lib/gcc/x86_64-unknown-linux-gnu/4.9.3/../../../../lib64] ==> [/cvmfs/sft.cern.ch/lcg/contrib/gcc/4.9.3/x86_64-slc6/lib64]
  collapse library dir [/lib/../lib64] ==> [/lib64]
  collapse library dir [/usr/lib/../lib64] ==> [/usr/lib64]
  collapse library dir [/cvmfs/sft.cern.ch/lcg/contrib/gcc/4.9.3/x86_64-slc6/bin/../lib/gcc/x86_64-unknown-linux-gnu/4.9.3/../../..] ==> [/cvmfs/sft.cern.ch/lcg/contrib/gcc/4.9.3/x86_64-slc6/lib]
  implicit libs: [c]
  implicit dirs: [/cvmfs/sft.cern.ch/lcg/contrib/gcc/4.9.3/x86_64-slc6/lib/gcc/x86_64-unknown-linux-gnu/4.9.3;/cvmfs/sft.cern.ch/lcg/contrib/gcc/4.9.3/x86_64-slc6/lib/gcc;/cvmfs/sft.cern.ch/lcg/contrib/gcc/4.9.3/x86_64-slc6/lib64;/lib64;/usr/lib64;/cvmfs/sft.cern.ch/lcg/contrib/gcc/4.9.3/x86_64-slc6/lib]
  implicit fwks: []




Detecting C [-std=c11] compiler features compiled with the following output:
Change Dir: /afs/cern.ch/na62/offline/NA62FW/dev/rcurrent/NA62Reconstruction/build-slc6/CMakeFiles/CMakeTmp

Run Build Command:"/usr/bin/gmake" "cmTC_6bd0d/fast"
gmake[1]: Entering directory `/afs/cern.ch/na62/offline/NA62FW/dev/rcurrent/NA62Reconstruction/build-slc6/CMakeFiles/CMakeTmp'
/usr/bin/gmake -f CMakeFiles/cmTC_6bd0d.dir/build.make CMakeFiles/cmTC_6bd0d.dir/build
gmake[2]: Entering directory `/afs/cern.ch/na62/offline/NA62FW/dev/rcurrent/NA62Reconstruction/build-slc6/CMakeFiles/CMakeTmp'
Building C object CMakeFiles/cmTC_6bd0d.dir/feature_tests.c.o
/cvmfs/sft.cern.ch/lcg/releases/LCG_86/gcc/4.9.3/x86_64-slc6/bin/gcc    -std=c11 -o CMakeFiles/cmTC_6bd0d.dir/feature_tests.c.o   -c /afs/cern.ch/na62/offline/NA62FW/dev/rcurrent/NA62Reconstruction/build-slc6/CMakeFiles/feature_tests.c
Linking C executable cmTC_6bd0d
/cvmfs/sft.cern.ch/lcg/releases/CMake/3.5.2-a9b03/x86_64-slc6-gcc49-opt/bin/cmake -E cmake_link_script CMakeFiles/cmTC_6bd0d.dir/link.txt --verbose=1
/cvmfs/sft.cern.ch/lcg/releases/LCG_86/gcc/4.9.3/x86_64-slc6/bin/gcc       CMakeFiles/cmTC_6bd0d.dir/feature_tests.c.o  -o cmTC_6bd0d -rdynamic 
gmake[2]: Leaving directory `/afs/cern.ch/na62/offline/NA62FW/dev/rcurrent/NA62Reconstruction/build-slc6/CMakeFiles/CMakeTmp'
gmake[1]: Leaving directory `/afs/cern.ch/na62/offline/NA62FW/dev/rcurrent/NA62Reconstruction/build-slc6/CMakeFiles/CMakeTmp'


    Feature record: C_FEATURE:1c_function_prototypes
    Feature record: C_FEATURE:1c_restrict
    Feature record: C_FEATURE:1c_static_assert
    Feature record: C_FEATURE:1c_variadic_macros


Detecting C [-std=c99] compiler features compiled with the following output:
Change Dir: /afs/cern.ch/na62/offline/NA62FW/dev/rcurrent/NA62Reconstruction/build-slc6/CMakeFiles/CMakeTmp

Run Build Command:"/usr/bin/gmake" "cmTC_65b6e/fast"
gmake[1]: Entering directory `/afs/cern.ch/na62/offline/NA62FW/dev/rcurrent/NA62Reconstruction/build-slc6/CMakeFiles/CMakeTmp'
/usr/bin/gmake -f CMakeFiles/cmTC_65b6e.dir/build.make CMakeFiles/cmTC_65b6e.dir/build
gmake[2]: Entering directory `/afs/cern.ch/na62/offline/NA62FW/dev/rcurrent/NA62Reconstruction/build-slc6/CMakeFiles/CMakeTmp'
Building C object CMakeFiles/cmTC_65b6e.dir/feature_tests.c.o
/cvmfs/sft.cern.ch/lcg/releases/LCG_86/gcc/4.9.3/x86_64-slc6/bin/gcc    -std=c99 -o CMakeFiles/cmTC_65b6e.dir/feature_tests.c.o   -c /afs/cern.ch/na62/offline/NA62FW/dev/rcurrent/NA62Reconstruction/build-slc6/CMakeFiles/feature_tests.c
Linking C executable cmTC_65b6e
/cvmfs/sft.cern.ch/lcg/releases/CMake/3.5.2-a9b03/x86_64-slc6-gcc49-opt/bin/cmake -E cmake_link_script CMakeFiles/cmTC_65b6e.dir/link.txt --verbose=1
/cvmfs/sft.cern.ch/lcg/releases/LCG_86/gcc/4.9.3/x86_64-slc6/bin/gcc       CMakeFiles/cmTC_65b6e.dir/feature_tests.c.o  -o cmTC_65b6e -rdynamic 
gmake[2]: Leaving directory `/afs/cern.ch/na62/offline/NA62FW/dev/rcurrent/NA62Reconstruction/build-slc6/CMakeFiles/CMakeTmp'
gmake[1]: Leaving directory `/afs/cern.ch/na62/offline/NA62FW/dev/rcurrent/NA62Reconstruction/build-slc6/CMakeFiles/CMakeTmp'


    Feature record: C_FEATURE:1c_function_prototypes
    Feature record: C_FEATURE:1c_restrict
    Feature record: C_FEATURE:0c_static_assert
    Feature record: C_FEATURE:1c_variadic_macros


Detecting C [-std=c90] compiler features compiled with the following output:
Change Dir: /afs/cern.ch/na62/offline/NA62FW/dev/rcurrent/NA62Reconstruction/build-slc6/CMakeFiles/CMakeTmp

Run Build Command:"/usr/bin/gmake" "cmTC_03d9c/fast"
gmake[1]: Entering directory `/afs/cern.ch/na62/offline/NA62FW/dev/rcurrent/NA62Reconstruction/build-slc6/CMakeFiles/CMakeTmp'
/usr/bin/gmake -f CMakeFiles/cmTC_03d9c.dir/build.make CMakeFiles/cmTC_03d9c.dir/build
gmake[2]: Entering directory `/afs/cern.ch/na62/offline/NA62FW/dev/rcurrent/NA62Reconstruction/build-slc6/CMakeFiles/CMakeTmp'
Building C object CMakeFiles/cmTC_03d9c.dir/feature_tests.c.o
/cvmfs/sft.cern.ch/lcg/releases/LCG_86/gcc/4.9.3/x86_64-slc6/bin/gcc    -std=c90 -o CMakeFiles/cmTC_03d9c.dir/feature_tests.c.o   -c /afs/cern.ch/na62/offline/NA62FW/dev/rcurrent/NA62Reconstruction/build-slc6/CMakeFiles/feature_tests.c
Linking C executable cmTC_03d9c
/cvmfs/sft.cern.ch/lcg/releases/CMake/3.5.2-a9b03/x86_64-slc6-gcc49-opt/bin/cmake -E cmake_link_script CMakeFiles/cmTC_03d9c.dir/link.txt --verbose=1
/cvmfs/sft.cern.ch/lcg/releases/LCG_86/gcc/4.9.3/x86_64-slc6/bin/gcc       CMakeFiles/cmTC_03d9c.dir/feature_tests.c.o  -o cmTC_03d9c -rdynamic 
gmake[2]: Leaving directory `/afs/cern.ch/na62/offline/NA62FW/dev/rcurrent/NA62Reconstruction/build-slc6/CMakeFiles/CMakeTmp'
gmake[1]: Leaving directory `/afs/cern.ch/na62/offline/NA62FW/dev/rcurrent/NA62Reconstruction/build-slc6/CMakeFiles/CMakeTmp'


    Feature record: C_FEATURE:1c_function_prototypes
    Feature record: C_FEATURE:0c_restrict
    Feature record: C_FEATURE:0c_static_assert
    Feature record: C_FEATURE:0c_variadic_macros
Determining if the CXX compiler works passed with the following output:
Change Dir: /afs/cern.ch/na62/offline/NA62FW/dev/rcurrent/NA62Reconstruction/build-slc6/CMakeFiles/CMakeTmp

Run Build Command:"/usr/bin/gmake" "cmTC_674dd/fast"
gmake[1]: Entering directory `/afs/cern.ch/na62/offline/NA62FW/dev/rcurrent/NA62Reconstruction/build-slc6/CMakeFiles/CMakeTmp'
/usr/bin/gmake -f CMakeFiles/cmTC_674dd.dir/build.make CMakeFiles/cmTC_674dd.dir/build
gmake[2]: Entering directory `/afs/cern.ch/na62/offline/NA62FW/dev/rcurrent/NA62Reconstruction/build-slc6/CMakeFiles/CMakeTmp'
Building CXX object CMakeFiles/cmTC_674dd.dir/testCXXCompiler.cxx.o
/cvmfs/sft.cern.ch/lcg/releases/LCG_86/gcc/4.9.3/x86_64-slc6/bin/g++      -o CMakeFiles/cmTC_674dd.dir/testCXXCompiler.cxx.o -c /afs/cern.ch/na62/offline/NA62FW/dev/rcurrent/NA62Reconstruction/build-slc6/CMakeFiles/CMakeTmp/testCXXCompiler.cxx
Linking CXX executable cmTC_674dd
/cvmfs/sft.cern.ch/lcg/releases/CMake/3.5.2-a9b03/x86_64-slc6-gcc49-opt/bin/cmake -E cmake_link_script CMakeFiles/cmTC_674dd.dir/link.txt --verbose=1
/cvmfs/sft.cern.ch/lcg/releases/LCG_86/gcc/4.9.3/x86_64-slc6/bin/g++        CMakeFiles/cmTC_674dd.dir/testCXXCompiler.cxx.o  -o cmTC_674dd -rdynamic 
gmake[2]: Leaving directory `/afs/cern.ch/na62/offline/NA62FW/dev/rcurrent/NA62Reconstruction/build-slc6/CMakeFiles/CMakeTmp'
gmake[1]: Leaving directory `/afs/cern.ch/na62/offline/NA62FW/dev/rcurrent/NA62Reconstruction/build-slc6/CMakeFiles/CMakeTmp'


Detecting CXX compiler ABI info compiled with the following output:
Change Dir: /afs/cern.ch/na62/offline/NA62FW/dev/rcurrent/NA62Reconstruction/build-slc6/CMakeFiles/CMakeTmp

Run Build Command:"/usr/bin/gmake" "cmTC_8149c/fast"
gmake[1]: Entering directory `/afs/cern.ch/na62/offline/NA62FW/dev/rcurrent/NA62Reconstruction/build-slc6/CMakeFiles/CMakeTmp'
/usr/bin/gmake -f CMakeFiles/cmTC_8149c.dir/build.make CMakeFiles/cmTC_8149c.dir/build
gmake[2]: Entering directory `/afs/cern.ch/na62/offline/NA62FW/dev/rcurrent/NA62Reconstruction/build-slc6/CMakeFiles/CMakeTmp'
Building CXX object CMakeFiles/cmTC_8149c.dir/CMakeCXXCompilerABI.cpp.o
/cvmfs/sft.cern.ch/lcg/releases/LCG_86/gcc/4.9.3/x86_64-slc6/bin/g++      -o CMakeFiles/cmTC_8149c.dir/CMakeCXXCompilerABI.cpp.o -c /cvmfs/sft.cern.ch/lcg/releases/CMake/3.5.2-a9b03/x86_64-slc6-gcc49-opt/share/cmake-3.5/Modules/CMakeCXXCompilerABI.cpp
Linking CXX executable cmTC_8149c
/cvmfs/sft.cern.ch/lcg/releases/CMake/3.5.2-a9b03/x86_64-slc6-gcc49-opt/bin/cmake -E cmake_link_script CMakeFiles/cmTC_8149c.dir/link.txt --verbose=1
/cvmfs/sft.cern.ch/lcg/releases/LCG_86/gcc/4.9.3/x86_64-slc6/bin/g++       -v CMakeFiles/cmTC_8149c.dir/CMakeCXXCompilerABI.cpp.o  -o cmTC_8149c -rdynamic  
Using built-in specs.
COLLECT_GCC=/cvmfs/sft.cern.ch/lcg/releases/LCG_86/gcc/4.9.3/x86_64-slc6/bin/g++
COLLECT_LTO_WRAPPER=/cvmfs/sft.cern.ch/lcg/contrib/gcc/4.9.3/x86_64-slc6/bin/../libexec/gcc/x86_64-unknown-linux-gnu/4.9.3/lto-wrapper
Target: x86_64-unknown-linux-gnu
Configured with: ../gcc-4.9.3/configure --prefix=/build/pmendez-sftnight/install-493/ --with-system-zlib --disable-multilib --enable-languages=all
Thread model: posix
gcc version 4.9.3 (GCC) 
COMPILER_PATH=/cvmfs/sft.cern.ch/lcg/contrib/gcc/4.9.3/x86_64-slc6/bin/../libexec/gcc/x86_64-unknown-linux-gnu/4.9.3/:/cvmfs/sft.cern.ch/lcg/contrib/gcc/4.9.3/x86_64-slc6/bin/../libexec/gcc/:/cvmfs/sft.cern.ch/lcg/releases/LCG_86/gcc/4.9.3/x86_64-slc6/lib/gcc/x86_64-unknown-linux-gnu/4.9.3/
LIBRARY_PATH=/cvmfs/sft.cern.ch/lcg/contrib/gcc/4.9.3/x86_64-slc6/bin/../lib/gcc/x86_64-unknown-linux-gnu/4.9.3/:/cvmfs/sft.cern.ch/lcg/contrib/gcc/4.9.3/x86_64-slc6/bin/../lib/gcc/:/cvmfs/sft.cern.ch/lcg/contrib/gcc/4.9.3/x86_64-slc6/bin/../lib/gcc/x86_64-unknown-linux-gnu/4.9.3/../../../../lib64/:/lib/../lib64/:/usr/lib/../lib64/:/cvmfs/sft.cern.ch/lcg/contrib/gcc/4.9.3/x86_64-slc6/bin/../lib/gcc/x86_64-unknown-linux-gnu/4.9.3/../../../:/lib/:/usr/lib/
COLLECT_GCC_OPTIONS='-v' '-o' 'cmTC_8149c' '-rdynamic' '-shared-libgcc' '-mtune=generic' '-march=x86-64'
 /cvmfs/sft.cern.ch/lcg/contrib/gcc/4.9.3/x86_64-slc6/bin/../libexec/gcc/x86_64-unknown-linux-gnu/4.9.3/collect2 --eh-frame-hdr -m elf_x86_64 -export-dynamic -dynamic-linker /lib64/ld-linux-x86-64.so.2 -o cmTC_8149c /usr/lib/../lib64/crt1.o /usr/lib/../lib64/crti.o /cvmfs/sft.cern.ch/lcg/contrib/gcc/4.9.3/x86_64-slc6/bin/../lib/gcc/x86_64-unknown-linux-gnu/4.9.3/crtbegin.o -L/cvmfs/sft.cern.ch/lcg/contrib/gcc/4.9.3/x86_64-slc6/bin/../lib/gcc/x86_64-unknown-linux-gnu/4.9.3 -L/cvmfs/sft.cern.ch/lcg/contrib/gcc/4.9.3/x86_64-slc6/bin/../lib/gcc -L/cvmfs/sft.cern.ch/lcg/contrib/gcc/4.9.3/x86_64-slc6/bin/../lib/gcc/x86_64-unknown-linux-gnu/4.9.3/../../../../lib64 -L/lib/../lib64 -L/usr/lib/../lib64 -L/cvmfs/sft.cern.ch/lcg/contrib/gcc/4.9.3/x86_64-slc6/bin/../lib/gcc/x86_64-unknown-linux-gnu/4.9.3/../../.. CMakeFiles/cmTC_8149c.dir/CMakeCXXCompilerABI.cpp.o -lstdc++ -lm -lgcc_s -lgcc -lc -lgcc_s -lgcc /cvmfs/sft.cern.ch/lcg/contrib/gcc/4.9.3/x86_64-slc6/bin/../lib/gcc/x86_64-unknown-linux-gnu/4.9.3/crtend.o /usr/lib/../lib64/crtn.o
gmake[2]: Leaving directory `/afs/cern.ch/na62/offline/NA62FW/dev/rcurrent/NA62Reconstruction/build-slc6/CMakeFiles/CMakeTmp'
gmake[1]: Leaving directory `/afs/cern.ch/na62/offline/NA62FW/dev/rcurrent/NA62Reconstruction/build-slc6/CMakeFiles/CMakeTmp'


Parsed CXX implicit link information from above output:
  link line regex: [^( *|.*[/\])(ld|([^/\]+-)?ld|collect2)[^/\]*( |$)]
  ignore line: [Change Dir: /afs/cern.ch/na62/offline/NA62FW/dev/rcurrent/NA62Reconstruction/build-slc6/CMakeFiles/CMakeTmp]
  ignore line: []
  ignore line: [Run Build Command:"/usr/bin/gmake" "cmTC_8149c/fast"]
  ignore line: [gmake[1]: Entering directory `/afs/cern.ch/na62/offline/NA62FW/dev/rcurrent/NA62Reconstruction/build-slc6/CMakeFiles/CMakeTmp']
  ignore line: [/usr/bin/gmake -f CMakeFiles/cmTC_8149c.dir/build.make CMakeFiles/cmTC_8149c.dir/build]
  ignore line: [gmake[2]: Entering directory `/afs/cern.ch/na62/offline/NA62FW/dev/rcurrent/NA62Reconstruction/build-slc6/CMakeFiles/CMakeTmp']
  ignore line: [Building CXX object CMakeFiles/cmTC_8149c.dir/CMakeCXXCompilerABI.cpp.o]
  ignore line: [/cvmfs/sft.cern.ch/lcg/releases/LCG_86/gcc/4.9.3/x86_64-slc6/bin/g++      -o CMakeFiles/cmTC_8149c.dir/CMakeCXXCompilerABI.cpp.o -c /cvmfs/sft.cern.ch/lcg/releases/CMake/3.5.2-a9b03/x86_64-slc6-gcc49-opt/share/cmake-3.5/Modules/CMakeCXXCompilerABI.cpp]
  ignore line: [Linking CXX executable cmTC_8149c]
  ignore line: [/cvmfs/sft.cern.ch/lcg/releases/CMake/3.5.2-a9b03/x86_64-slc6-gcc49-opt/bin/cmake -E cmake_link_script CMakeFiles/cmTC_8149c.dir/link.txt --verbose=1]
  ignore line: [/cvmfs/sft.cern.ch/lcg/releases/LCG_86/gcc/4.9.3/x86_64-slc6/bin/g++       -v CMakeFiles/cmTC_8149c.dir/CMakeCXXCompilerABI.cpp.o  -o cmTC_8149c -rdynamic  ]
  ignore line: [Using built-in specs.]
  ignore line: [COLLECT_GCC=/cvmfs/sft.cern.ch/lcg/releases/LCG_86/gcc/4.9.3/x86_64-slc6/bin/g++]
  ignore line: [COLLECT_LTO_WRAPPER=/cvmfs/sft.cern.ch/lcg/contrib/gcc/4.9.3/x86_64-slc6/bin/../libexec/gcc/x86_64-unknown-linux-gnu/4.9.3/lto-wrapper]
  ignore line: [Target: x86_64-unknown-linux-gnu]
  ignore line: [Configured with: ../gcc-4.9.3/configure --prefix=/build/pmendez-sftnight/install-493/ --with-system-zlib --disable-multilib --enable-languages=all]
  ignore line: [Thread model: posix]
  ignore line: [gcc version 4.9.3 (GCC) ]
  ignore line: [COMPILER_PATH=/cvmfs/sft.cern.ch/lcg/contrib/gcc/4.9.3/x86_64-slc6/bin/../libexec/gcc/x86_64-unknown-linux-gnu/4.9.3/:/cvmfs/sft.cern.ch/lcg/contrib/gcc/4.9.3/x86_64-slc6/bin/../libexec/gcc/:/cvmfs/sft.cern.ch/lcg/releases/LCG_86/gcc/4.9.3/x86_64-slc6/lib/gcc/x86_64-unknown-linux-gnu/4.9.3/]
  ignore line: [LIBRARY_PATH=/cvmfs/sft.cern.ch/lcg/contrib/gcc/4.9.3/x86_64-slc6/bin/../lib/gcc/x86_64-unknown-linux-gnu/4.9.3/:/cvmfs/sft.cern.ch/lcg/contrib/gcc/4.9.3/x86_64-slc6/bin/../lib/gcc/:/cvmfs/sft.cern.ch/lcg/contrib/gcc/4.9.3/x86_64-slc6/bin/../lib/gcc/x86_64-unknown-linux-gnu/4.9.3/../../../../lib64/:/lib/../lib64/:/usr/lib/../lib64/:/cvmfs/sft.cern.ch/lcg/contrib/gcc/4.9.3/x86_64-slc6/bin/../lib/gcc/x86_64-unknown-linux-gnu/4.9.3/../../../:/lib/:/usr/lib/]
  ignore line: [COLLECT_GCC_OPTIONS='-v' '-o' 'cmTC_8149c' '-rdynamic' '-shared-libgcc' '-mtune=generic' '-march=x86-64']
  link line: [ /cvmfs/sft.cern.ch/lcg/contrib/gcc/4.9.3/x86_64-slc6/bin/../libexec/gcc/x86_64-unknown-linux-gnu/4.9.3/collect2 --eh-frame-hdr -m elf_x86_64 -export-dynamic -dynamic-linker /lib64/ld-linux-x86-64.so.2 -o cmTC_8149c /usr/lib/../lib64/crt1.o /usr/lib/../lib64/crti.o /cvmfs/sft.cern.ch/lcg/contrib/gcc/4.9.3/x86_64-slc6/bin/../lib/gcc/x86_64-unknown-linux-gnu/4.9.3/crtbegin.o -L/cvmfs/sft.cern.ch/lcg/contrib/gcc/4.9.3/x86_64-slc6/bin/../lib/gcc/x86_64-unknown-linux-gnu/4.9.3 -L/cvmfs/sft.cern.ch/lcg/contrib/gcc/4.9.3/x86_64-slc6/bin/../lib/gcc -L/cvmfs/sft.cern.ch/lcg/contrib/gcc/4.9.3/x86_64-slc6/bin/../lib/gcc/x86_64-unknown-linux-gnu/4.9.3/../../../../lib64 -L/lib/../lib64 -L/usr/lib/../lib64 -L/cvmfs/sft.cern.ch/lcg/contrib/gcc/4.9.3/x86_64-slc6/bin/../lib/gcc/x86_64-unknown-linux-gnu/4.9.3/../../.. CMakeFiles/cmTC_8149c.dir/CMakeCXXCompilerABI.cpp.o -lstdc++ -lm -lgcc_s -lgcc -lc -lgcc_s -lgcc /cvmfs/sft.cern.ch/lcg/contrib/gcc/4.9.3/x86_64-slc6/bin/../lib/gcc/x86_64-unknown-linux-gnu/4.9.3/crtend.o /usr/lib/../lib64/crtn.o]
    arg [/cvmfs/sft.cern.ch/lcg/contrib/gcc/4.9.3/x86_64-slc6/bin/../libexec/gcc/x86_64-unknown-linux-gnu/4.9.3/collect2] ==> ignore
    arg [--eh-frame-hdr] ==> ignore
    arg [-m] ==> ignore
    arg [elf_x86_64] ==> ignore
    arg [-export-dynamic] ==> ignore
    arg [-dynamic-linker] ==> ignore
    arg [/lib64/ld-linux-x86-64.so.2] ==> ignore
    arg [-o] ==> ignore
    arg [cmTC_8149c] ==> ignore
    arg [/usr/lib/../lib64/crt1.o] ==> ignore
    arg [/usr/lib/../lib64/crti.o] ==> ignore
    arg [/cvmfs/sft.cern.ch/lcg/contrib/gcc/4.9.3/x86_64-slc6/bin/../lib/gcc/x86_64-unknown-linux-gnu/4.9.3/crtbegin.o] ==> ignore
    arg [-L/cvmfs/sft.cern.ch/lcg/contrib/gcc/4.9.3/x86_64-slc6/bin/../lib/gcc/x86_64-unknown-linux-gnu/4.9.3] ==> dir [/cvmfs/sft.cern.ch/lcg/contrib/gcc/4.9.3/x86_64-slc6/bin/../lib/gcc/x86_64-unknown-linux-gnu/4.9.3]
    arg [-L/cvmfs/sft.cern.ch/lcg/contrib/gcc/4.9.3/x86_64-slc6/bin/../lib/gcc] ==> dir [/cvmfs/sft.cern.ch/lcg/contrib/gcc/4.9.3/x86_64-slc6/bin/../lib/gcc]
    arg [-L/cvmfs/sft.cern.ch/lcg/contrib/gcc/4.9.3/x86_64-slc6/bin/../lib/gcc/x86_64-unknown-linux-gnu/4.9.3/../../../../lib64] ==> dir [/cvmfs/sft.cern.ch/lcg/contrib/gcc/4.9.3/x86_64-slc6/bin/../lib/gcc/x86_64-unknown-linux-gnu/4.9.3/../../../../lib64]
    arg [-L/lib/../lib64] ==> dir [/lib/../lib64]
    arg [-L/usr/lib/../lib64] ==> dir [/usr/lib/../lib64]
    arg [-L/cvmfs/sft.cern.ch/lcg/contrib/gcc/4.9.3/x86_64-slc6/bin/../lib/gcc/x86_64-unknown-linux-gnu/4.9.3/../../..] ==> dir [/cvmfs/sft.cern.ch/lcg/contrib/gcc/4.9.3/x86_64-slc6/bin/../lib/gcc/x86_64-unknown-linux-gnu/4.9.3/../../..]
    arg [CMakeFiles/cmTC_8149c.dir/CMakeCXXCompilerABI.cpp.o] ==> ignore
    arg [-lstdc++] ==> lib [stdc++]
    arg [-lm] ==> lib [m]
    arg [-lgcc_s] ==> lib [gcc_s]
    arg [-lgcc] ==> lib [gcc]
    arg [-lc] ==> lib [c]
    arg [-lgcc_s] ==> lib [gcc_s]
    arg [-lgcc] ==> lib [gcc]
    arg [/cvmfs/sft.cern.ch/lcg/contrib/gcc/4.9.3/x86_64-slc6/bin/../lib/gcc/x86_64-unknown-linux-gnu/4.9.3/crtend.o] ==> ignore
    arg [/usr/lib/../lib64/crtn.o] ==> ignore
  remove lib [gcc_s]
  remove lib [gcc]
  remove lib [gcc_s]
  remove lib [gcc]
  collapse library dir [/cvmfs/sft.cern.ch/lcg/contrib/gcc/4.9.3/x86_64-slc6/bin/../lib/gcc/x86_64-unknown-linux-gnu/4.9.3] ==> [/cvmfs/sft.cern.ch/lcg/contrib/gcc/4.9.3/x86_64-slc6/lib/gcc/x86_64-unknown-linux-gnu/4.9.3]
  collapse library dir [/cvmfs/sft.cern.ch/lcg/contrib/gcc/4.9.3/x86_64-slc6/bin/../lib/gcc] ==> [/cvmfs/sft.cern.ch/lcg/contrib/gcc/4.9.3/x86_64-slc6/lib/gcc]
  collapse library dir [/cvmfs/sft.cern.ch/lcg/contrib/gcc/4.9.3/x86_64-slc6/bin/../lib/gcc/x86_64-unknown-linux-gnu/4.9.3/../../../../lib64] ==> [/cvmfs/sft.cern.ch/lcg/contrib/gcc/4.9.3/x86_64-slc6/lib64]
  collapse library dir [/lib/../lib64] ==> [/lib64]
  collapse library dir [/usr/lib/../lib64] ==> [/usr/lib64]
  collapse library dir [/cvmfs/sft.cern.ch/lcg/contrib/gcc/4.9.3/x86_64-slc6/bin/../lib/gcc/x86_64-unknown-linux-gnu/4.9.3/../../..] ==> [/cvmfs/sft.cern.ch/lcg/contrib/gcc/4.9.3/x86_64-slc6/lib]
  implicit libs: [stdc++;m;c]
  implicit dirs: [/cvmfs/sft.cern.ch/lcg/contrib/gcc/4.9.3/x86_64-slc6/lib/gcc/x86_64-unknown-linux-gnu/4.9.3;/cvmfs/sft.cern.ch/lcg/contrib/gcc/4.9.3/x86_64-slc6/lib/gcc;/cvmfs/sft.cern.ch/lcg/contrib/gcc/4.9.3/x86_64-slc6/lib64;/lib64;/usr/lib64;/cvmfs/sft.cern.ch/lcg/contrib/gcc/4.9.3/x86_64-slc6/lib]
  implicit fwks: []




Detecting CXX [-std=c++14] compiler features compiled with the following output:
Change Dir: /afs/cern.ch/na62/offline/NA62FW/dev/rcurrent/NA62Reconstruction/build-slc6/CMakeFiles/CMakeTmp

Run Build Command:"/usr/bin/gmake" "cmTC_cf27c/fast"
gmake[1]: Entering directory `/afs/cern.ch/na62/offline/NA62FW/dev/rcurrent/NA62Reconstruction/build-slc6/CMakeFiles/CMakeTmp'
/usr/bin/gmake -f CMakeFiles/cmTC_cf27c.dir/build.make CMakeFiles/cmTC_cf27c.dir/build
gmake[2]: Entering directory `/afs/cern.ch/na62/offline/NA62FW/dev/rcurrent/NA62Reconstruction/build-slc6/CMakeFiles/CMakeTmp'
Building CXX object CMakeFiles/cmTC_cf27c.dir/feature_tests.cxx.o
/cvmfs/sft.cern.ch/lcg/releases/LCG_86/gcc/4.9.3/x86_64-slc6/bin/g++     -std=c++14 -o CMakeFiles/cmTC_cf27c.dir/feature_tests.cxx.o -c /afs/cern.ch/na62/offline/NA62FW/dev/rcurrent/NA62Reconstruction/build-slc6/CMakeFiles/feature_tests.cxx
Linking CXX executable cmTC_cf27c
/cvmfs/sft.cern.ch/lcg/releases/CMake/3.5.2-a9b03/x86_64-slc6-gcc49-opt/bin/cmake -E cmake_link_script CMakeFiles/cmTC_cf27c.dir/link.txt --verbose=1
/cvmfs/sft.cern.ch/lcg/releases/LCG_86/gcc/4.9.3/x86_64-slc6/bin/g++        CMakeFiles/cmTC_cf27c.dir/feature_tests.cxx.o  -o cmTC_cf27c -rdynamic 
gmake[2]: Leaving directory `/afs/cern.ch/na62/offline/NA62FW/dev/rcurrent/NA62Reconstruction/build-slc6/CMakeFiles/CMakeTmp'
gmake[1]: Leaving directory `/afs/cern.ch/na62/offline/NA62FW/dev/rcurrent/NA62Reconstruction/build-slc6/CMakeFiles/CMakeTmp'


    Feature record: CXX_FEATURE:0cxx_aggregate_default_initializers
    Feature record: CXX_FEATURE:1cxx_alias_templates
    Feature record: CXX_FEATURE:1cxx_alignas
    Feature record: CXX_FEATURE:1cxx_alignof
    Feature record: CXX_FEATURE:1cxx_attributes
    Feature record: CXX_FEATURE:1cxx_attribute_deprecated
    Feature record: CXX_FEATURE:1cxx_auto_type
    Feature record: CXX_FEATURE:1cxx_binary_literals
    Feature record: CXX_FEATURE:1cxx_constexpr
    Feature record: CXX_FEATURE:1cxx_contextual_conversions
    Feature record: CXX_FEATURE:1cxx_decltype
    Feature record: CXX_FEATURE:1cxx_decltype_auto
    Feature record: CXX_FEATURE:1cxx_decltype_incomplete_return_types
    Feature record: CXX_FEATURE:1cxx_default_function_template_args
    Feature record: CXX_FEATURE:1cxx_defaulted_functions
    Feature record: CXX_FEATURE:1cxx_defaulted_move_initializers
    Feature record: CXX_FEATURE:1cxx_delegating_constructors
    Feature record: CXX_FEATURE:1cxx_deleted_functions
    Feature record: CXX_FEATURE:1cxx_digit_separators
    Feature record: CXX_FEATURE:1cxx_enum_forward_declarations
    Feature record: CXX_FEATURE:1cxx_explicit_conversions
    Feature record: CXX_FEATURE:1cxx_extended_friend_declarations
    Feature record: CXX_FEATURE:1cxx_extern_templates
    Feature record: CXX_FEATURE:1cxx_final
    Feature record: CXX_FEATURE:1cxx_func_identifier
    Feature record: CXX_FEATURE:1cxx_generalized_initializers
    Feature record: CXX_FEATURE:1cxx_generic_lambdas
    Feature record: CXX_FEATURE:1cxx_inheriting_constructors
    Feature record: CXX_FEATURE:1cxx_inline_namespaces
    Feature record: CXX_FEATURE:1cxx_lambdas
    Feature record: CXX_FEATURE:1cxx_lambda_init_captures
    Feature record: CXX_FEATURE:1cxx_local_type_template_args
    Feature record: CXX_FEATURE:1cxx_long_long_type
    Feature record: CXX_FEATURE:1cxx_noexcept
    Feature record: CXX_FEATURE:1cxx_nonstatic_member_init
    Feature record: CXX_FEATURE:1cxx_nullptr
    Feature record: CXX_FEATURE:1cxx_override
    Feature record: CXX_FEATURE:1cxx_range_for
    Feature record: CXX_FEATURE:1cxx_raw_string_literals
    Feature record: CXX_FEATURE:1cxx_reference_qualified_functions
    Feature record: CXX_FEATURE:0cxx_relaxed_constexpr
    Feature record: CXX_FEATURE:1cxx_return_type_deduction
    Feature record: CXX_FEATURE:1cxx_right_angle_brackets
    Feature record: CXX_FEATURE:1cxx_rvalue_references
    Feature record: CXX_FEATURE:1cxx_sizeof_member
    Feature record: CXX_FEATURE:1cxx_static_assert
    Feature record: CXX_FEATURE:1cxx_strong_enums
    Feature record: CXX_FEATURE:1cxx_template_template_parameters
    Feature record: CXX_FEATURE:1cxx_thread_local
    Feature record: CXX_FEATURE:1cxx_trailing_return_types
    Feature record: CXX_FEATURE:1cxx_unicode_literals
    Feature record: CXX_FEATURE:1cxx_uniform_initialization
    Feature record: CXX_FEATURE:1cxx_unrestricted_unions
    Feature record: CXX_FEATURE:1cxx_user_literals
    Feature record: CXX_FEATURE:0cxx_variable_templates
    Feature record: CXX_FEATURE:1cxx_variadic_macros
    Feature record: CXX_FEATURE:1cxx_variadic_templates


Detecting CXX [-std=c++11] compiler features compiled with the following output:
Change Dir: /afs/cern.ch/na62/offline/NA62FW/dev/rcurrent/NA62Reconstruction/build-slc6/CMakeFiles/CMakeTmp

Run Build Command:"/usr/bin/gmake" "cmTC_2886a/fast"
gmake[1]: Entering directory `/afs/cern.ch/na62/offline/NA62FW/dev/rcurrent/NA62Reconstruction/build-slc6/CMakeFiles/CMakeTmp'
/usr/bin/gmake -f CMakeFiles/cmTC_2886a.dir/build.make CMakeFiles/cmTC_2886a.dir/build
gmake[2]: Entering directory `/afs/cern.ch/na62/offline/NA62FW/dev/rcurrent/NA62Reconstruction/build-slc6/CMakeFiles/CMakeTmp'
Building CXX object CMakeFiles/cmTC_2886a.dir/feature_tests.cxx.o
/cvmfs/sft.cern.ch/lcg/releases/LCG_86/gcc/4.9.3/x86_64-slc6/bin/g++     -std=c++11 -o CMakeFiles/cmTC_2886a.dir/feature_tests.cxx.o -c /afs/cern.ch/na62/offline/NA62FW/dev/rcurrent/NA62Reconstruction/build-slc6/CMakeFiles/feature_tests.cxx
Linking CXX executable cmTC_2886a
/cvmfs/sft.cern.ch/lcg/releases/CMake/3.5.2-a9b03/x86_64-slc6-gcc49-opt/bin/cmake -E cmake_link_script CMakeFiles/cmTC_2886a.dir/link.txt --verbose=1
/cvmfs/sft.cern.ch/lcg/releases/LCG_86/gcc/4.9.3/x86_64-slc6/bin/g++        CMakeFiles/cmTC_2886a.dir/feature_tests.cxx.o  -o cmTC_2886a -rdynamic 
gmake[2]: Leaving directory `/afs/cern.ch/na62/offline/NA62FW/dev/rcurrent/NA62Reconstruction/build-slc6/CMakeFiles/CMakeTmp'
gmake[1]: Leaving directory `/afs/cern.ch/na62/offline/NA62FW/dev/rcurrent/NA62Reconstruction/build-slc6/CMakeFiles/CMakeTmp'


    Feature record: CXX_FEATURE:0cxx_aggregate_default_initializers
    Feature record: CXX_FEATURE:1cxx_alias_templates
    Feature record: CXX_FEATURE:1cxx_alignas
    Feature record: CXX_FEATURE:1cxx_alignof
    Feature record: CXX_FEATURE:1cxx_attributes
    Feature record: CXX_FEATURE:0cxx_attribute_deprecated
    Feature record: CXX_FEATURE:1cxx_auto_type
    Feature record: CXX_FEATURE:0cxx_binary_literals
    Feature record: CXX_FEATURE:1cxx_constexpr
    Feature record: CXX_FEATURE:0cxx_contextual_conversions
    Feature record: CXX_FEATURE:1cxx_decltype
    Feature record: CXX_FEATURE:0cxx_decltype_auto
    Feature record: CXX_FEATURE:1cxx_decltype_incomplete_return_types
    Feature record: CXX_FEATURE:1cxx_default_function_template_args
    Feature record: CXX_FEATURE:1cxx_defaulted_functions
    Feature record: CXX_FEATURE:1cxx_defaulted_move_initializers
    Feature record: CXX_FEATURE:1cxx_delegating_constructors
    Feature record: CXX_FEATURE:1cxx_deleted_functions
    Feature record: CXX_FEATURE:0cxx_digit_separators
    Feature record: CXX_FEATURE:1cxx_enum_forward_declarations
    Feature record: CXX_FEATURE:1cxx_explicit_conversions
    Feature record: CXX_FEATURE:1cxx_extended_friend_declarations
    Feature record: CXX_FEATURE:1cxx_extern_templates
    Feature record: CXX_FEATURE:1cxx_final
    Feature record: CXX_FEATURE:1cxx_func_identifier
    Feature record: CXX_FEATURE:1cxx_generalized_initializers
    Feature record: CXX_FEATURE:0cxx_generic_lambdas
    Feature record: CXX_FEATURE:1cxx_inheriting_constructors
    Feature record: CXX_FEATURE:1cxx_inline_namespaces
    Feature record: CXX_FEATURE:1cxx_lambdas
    Feature record: CXX_FEATURE:0cxx_lambda_init_captures
    Feature record: CXX_FEATURE:1cxx_local_type_template_args
    Feature record: CXX_FEATURE:1cxx_long_long_type
    Feature record: CXX_FEATURE:1cxx_noexcept
    Feature record: CXX_FEATURE:1cxx_nonstatic_member_init
    Feature record: CXX_FEATURE:1cxx_nullptr
    Feature record: CXX_FEATURE:1cxx_override
    Feature record: CXX_FEATURE:1cxx_range_for
    Feature record: CXX_FEATURE:1cxx_raw_string_literals
    Feature record: CXX_FEATURE:1cxx_reference_qualified_functions
    Feature record: CXX_FEATURE:0cxx_relaxed_constexpr
    Feature record: CXX_FEATURE:0cxx_return_type_deduction
    Feature record: CXX_FEATURE:1cxx_right_angle_brackets
    Feature record: CXX_FEATURE:1cxx_rvalue_references
    Feature record: CXX_FEATURE:1cxx_sizeof_member
    Feature record: CXX_FEATURE:1cxx_static_assert
    Feature record: CXX_FEATURE:1cxx_strong_enums
    Feature record: CXX_FEATURE:1cxx_template_template_parameters
    Feature record: CXX_FEATURE:1cxx_thread_local
    Feature record: CXX_FEATURE:1cxx_trailing_return_types
    Feature record: CXX_FEATURE:1cxx_unicode_literals
    Feature record: CXX_FEATURE:1cxx_uniform_initialization
    Feature record: CXX_FEATURE:1cxx_unrestricted_unions
    Feature record: CXX_FEATURE:1cxx_user_literals
    Feature record: CXX_FEATURE:0cxx_variable_templates
    Feature record: CXX_FEATURE:1cxx_variadic_macros
    Feature record: CXX_FEATURE:1cxx_variadic_templates


Detecting CXX [-std=c++98] compiler features compiled with the following output:
Change Dir: /afs/cern.ch/na62/offline/NA62FW/dev/rcurrent/NA62Reconstruction/build-slc6/CMakeFiles/CMakeTmp

Run Build Command:"/usr/bin/gmake" "cmTC_7be2e/fast"
gmake[1]: Entering directory `/afs/cern.ch/na62/offline/NA62FW/dev/rcurrent/NA62Reconstruction/build-slc6/CMakeFiles/CMakeTmp'
/usr/bin/gmake -f CMakeFiles/cmTC_7be2e.dir/build.make CMakeFiles/cmTC_7be2e.dir/build
gmake[2]: Entering directory `/afs/cern.ch/na62/offline/NA62FW/dev/rcurrent/NA62Reconstruction/build-slc6/CMakeFiles/CMakeTmp'
Building CXX object CMakeFiles/cmTC_7be2e.dir/feature_tests.cxx.o
/cvmfs/sft.cern.ch/lcg/releases/LCG_86/gcc/4.9.3/x86_64-slc6/bin/g++     -std=c++98 -o CMakeFiles/cmTC_7be2e.dir/feature_tests.cxx.o -c /afs/cern.ch/na62/offline/NA62FW/dev/rcurrent/NA62Reconstruction/build-slc6/CMakeFiles/feature_tests.cxx
Linking CXX executable cmTC_7be2e
/cvmfs/sft.cern.ch/lcg/releases/CMake/3.5.2-a9b03/x86_64-slc6-gcc49-opt/bin/cmake -E cmake_link_script CMakeFiles/cmTC_7be2e.dir/link.txt --verbose=1
/cvmfs/sft.cern.ch/lcg/releases/LCG_86/gcc/4.9.3/x86_64-slc6/bin/g++        CMakeFiles/cmTC_7be2e.dir/feature_tests.cxx.o  -o cmTC_7be2e -rdynamic 
gmake[2]: Leaving directory `/afs/cern.ch/na62/offline/NA62FW/dev/rcurrent/NA62Reconstruction/build-slc6/CMakeFiles/CMakeTmp'
gmake[1]: Leaving directory `/afs/cern.ch/na62/offline/NA62FW/dev/rcurrent/NA62Reconstruction/build-slc6/CMakeFiles/CMakeTmp'


    Feature record: CXX_FEATURE:0cxx_aggregate_default_initializers
    Feature record: CXX_FEATURE:0cxx_alias_templates
    Feature record: CXX_FEATURE:0cxx_alignas
    Feature record: CXX_FEATURE:0cxx_alignof
    Feature record: CXX_FEATURE:0cxx_attributes
    Feature record: CXX_FEATURE:0cxx_attribute_deprecated
    Feature record: CXX_FEATURE:0cxx_auto_type
    Feature record: CXX_FEATURE:0cxx_binary_literals
    Feature record: CXX_FEATURE:0cxx_constexpr
    Feature record: CXX_FEATURE:0cxx_contextual_conversions
    Feature record: CXX_FEATURE:0cxx_decltype
    Feature record: CXX_FEATURE:0cxx_decltype_auto
    Feature record: CXX_FEATURE:0cxx_decltype_incomplete_return_types
    Feature record: CXX_FEATURE:0cxx_default_function_template_args
    Feature record: CXX_FEATURE:0cxx_defaulted_functions
    Feature record: CXX_FEATURE:0cxx_defaulted_move_initializers
    Feature record: CXX_FEATURE:0cxx_delegating_constructors
    Feature record: CXX_FEATURE:0cxx_deleted_functions
    Feature record: CXX_FEATURE:0cxx_digit_separators
    Feature record: CXX_FEATURE:0cxx_enum_forward_declarations
    Feature record: CXX_FEATURE:0cxx_explicit_conversions
    Feature record: CXX_FEATURE:0cxx_extended_friend_declarations
    Feature record: CXX_FEATURE:0cxx_extern_templates
    Feature record: CXX_FEATURE:0cxx_final
    Feature record: CXX_FEATURE:0cxx_func_identifier
    Feature record: CXX_FEATURE:0cxx_generalized_initializers
    Feature record: CXX_FEATURE:0cxx_generic_lambdas
    Feature record: CXX_FEATURE:0cxx_inheriting_constructors
    Feature record: CXX_FEATURE:0cxx_inline_namespaces
    Feature record: CXX_FEATURE:0cxx_lambdas
    Feature record: CXX_FEATURE:0cxx_lambda_init_captures
    Feature record: CXX_FEATURE:0cxx_local_type_template_args
    Feature record: CXX_FEATURE:0cxx_long_long_type
    Feature record: CXX_FEATURE:0cxx_noexcept
    Feature record: CXX_FEATURE:0cxx_nonstatic_member_init
    Feature record: CXX_FEATURE:0cxx_nullptr
    Feature record: CXX_FEATURE:0cxx_override
    Feature record: CXX_FEATURE:0cxx_range_for
    Feature record: CXX_FEATURE:0cxx_raw_string_literals
    Feature record: CXX_FEATURE:0cxx_reference_qualified_functions
    Feature record: CXX_FEATURE:0cxx_relaxed_constexpr
    Feature record: CXX_FEATURE:0cxx_return_type_deduction
    Feature record: CXX_FEATURE:0cxx_right_angle_brackets
    Feature record: CXX_FEATURE:0cxx_rvalue_references
    Feature record: CXX_FEATURE:0cxx_sizeof_member
    Feature record: CXX_FEATURE:0cxx_static_assert
    Feature record: CXX_FEATURE:0cxx_strong_enums
    Feature record: CXX_FEATURE:1cxx_template_template_parameters
    Feature record: CXX_FEATURE:0cxx_thread_local
    Feature record: CXX_FEATURE:0cxx_trailing_return_types
    Feature record: CXX_FEATURE:0cxx_unicode_literals
    Feature record: CXX_FEATURE:0cxx_uniform_initialization
    Feature record: CXX_FEATURE:0cxx_unrestricted_unions
    Feature record: CXX_FEATURE:0cxx_user_literals
    Feature record: CXX_FEATURE:0cxx_variable_templates
    Feature record: CXX_FEATURE:0cxx_variadic_macros
    Feature record: CXX_FEATURE:0cxx_variadic_templates
Determining if the Fortran compiler works passed with the following output:
Change Dir: /afs/cern.ch/na62/offline/NA62FW/dev/rcurrent/NA62Reconstruction/build-slc6/CMakeFiles/CMakeTmp

Run Build Command:"/usr/bin/gmake" "cmTC_9dd2c/fast"
gmake[1]: Entering directory `/afs/cern.ch/na62/offline/NA62FW/dev/rcurrent/NA62Reconstruction/build-slc6/CMakeFiles/CMakeTmp'
/usr/bin/gmake -f CMakeFiles/cmTC_9dd2c.dir/build.make CMakeFiles/cmTC_9dd2c.dir/build
gmake[2]: Entering directory `/afs/cern.ch/na62/offline/NA62FW/dev/rcurrent/NA62Reconstruction/build-slc6/CMakeFiles/CMakeTmp'
Building Fortran object CMakeFiles/cmTC_9dd2c.dir/testFortranCompiler.f.o
/cvmfs/sft.cern.ch/lcg/releases/LCG_86/gcc/4.9.3/x86_64-slc6/bin/gfortran     -c /afs/cern.ch/na62/offline/NA62FW/dev/rcurrent/NA62Reconstruction/build-slc6/CMakeFiles/CMakeTmp/testFortranCompiler.f -o CMakeFiles/cmTC_9dd2c.dir/testFortranCompiler.f.o
Linking Fortran executable cmTC_9dd2c
/cvmfs/sft.cern.ch/lcg/releases/CMake/3.5.2-a9b03/x86_64-slc6-gcc49-opt/bin/cmake -E cmake_link_script CMakeFiles/cmTC_9dd2c.dir/link.txt --verbose=1
/cvmfs/sft.cern.ch/lcg/releases/LCG_86/gcc/4.9.3/x86_64-slc6/bin/gfortran       CMakeFiles/cmTC_9dd2c.dir/testFortranCompiler.f.o  -o cmTC_9dd2c  
gmake[2]: Leaving directory `/afs/cern.ch/na62/offline/NA62FW/dev/rcurrent/NA62Reconstruction/build-slc6/CMakeFiles/CMakeTmp'
gmake[1]: Leaving directory `/afs/cern.ch/na62/offline/NA62FW/dev/rcurrent/NA62Reconstruction/build-slc6/CMakeFiles/CMakeTmp'


Detecting Fortran compiler ABI info compiled with the following output:
Change Dir: /afs/cern.ch/na62/offline/NA62FW/dev/rcurrent/NA62Reconstruction/build-slc6/CMakeFiles/CMakeTmp

Run Build Command:"/usr/bin/gmake" "cmTC_ef40f/fast"
gmake[1]: Entering directory `/afs/cern.ch/na62/offline/NA62FW/dev/rcurrent/NA62Reconstruction/build-slc6/CMakeFiles/CMakeTmp'
/usr/bin/gmake -f CMakeFiles/cmTC_ef40f.dir/build.make CMakeFiles/cmTC_ef40f.dir/build
gmake[2]: Entering directory `/afs/cern.ch/na62/offline/NA62FW/dev/rcurrent/NA62Reconstruction/build-slc6/CMakeFiles/CMakeTmp'
Building Fortran object CMakeFiles/cmTC_ef40f.dir/CMakeFortranCompilerABI.F.o
/cvmfs/sft.cern.ch/lcg/releases/LCG_86/gcc/4.9.3/x86_64-slc6/bin/gfortran     -c /cvmfs/sft.cern.ch/lcg/releases/CMake/3.5.2-a9b03/x86_64-slc6-gcc49-opt/share/cmake-3.5/Modules/CMakeFortranCompilerABI.F -o CMakeFiles/cmTC_ef40f.dir/CMakeFortranCompilerABI.F.o
Linking Fortran executable cmTC_ef40f
/cvmfs/sft.cern.ch/lcg/releases/CMake/3.5.2-a9b03/x86_64-slc6-gcc49-opt/bin/cmake -E cmake_link_script CMakeFiles/cmTC_ef40f.dir/link.txt --verbose=1
/cvmfs/sft.cern.ch/lcg/releases/LCG_86/gcc/4.9.3/x86_64-slc6/bin/gfortran    -v   CMakeFiles/cmTC_ef40f.dir/CMakeFortranCompilerABI.F.o  -o cmTC_ef40f   
Driving: /cvmfs/sft.cern.ch/lcg/releases/LCG_86/gcc/4.9.3/x86_64-slc6/bin/gfortran -v CMakeFiles/cmTC_ef40f.dir/CMakeFortranCompilerABI.F.o -o cmTC_ef40f -l gfortran -l m -shared-libgcc
Using built-in specs.
COLLECT_GCC=/cvmfs/sft.cern.ch/lcg/releases/LCG_86/gcc/4.9.3/x86_64-slc6/bin/gfortran
COLLECT_LTO_WRAPPER=/cvmfs/sft.cern.ch/lcg/contrib/gcc/4.9.3/x86_64-slc6/bin/../libexec/gcc/x86_64-unknown-linux-gnu/4.9.3/lto-wrapper
Target: x86_64-unknown-linux-gnu
Configured with: ../gcc-4.9.3/configure --prefix=/build/pmendez-sftnight/install-493/ --with-system-zlib --disable-multilib --enable-languages=all
Thread model: posix
gcc version 4.9.3 (GCC) 
Reading specs from /cvmfs/sft.cern.ch/lcg/contrib/gcc/4.9.3/x86_64-slc6/bin/../lib/gcc/x86_64-unknown-linux-gnu/4.9.3/../../../../lib64/libgfortran.spec
rename spec lib to liborig
COLLECT_GCC_OPTIONS='-v' '-o' 'cmTC_ef40f' '-shared-libgcc' '-mtune=generic' '-march=x86-64'
COMPILER_PATH=/cvmfs/sft.cern.ch/lcg/contrib/gcc/4.9.3/x86_64-slc6/bin/../libexec/gcc/x86_64-unknown-linux-gnu/4.9.3/:/cvmfs/sft.cern.ch/lcg/contrib/gcc/4.9.3/x86_64-slc6/bin/../libexec/gcc/:/cvmfs/sft.cern.ch/lcg/releases/LCG_86/gcc/4.9.3/x86_64-slc6/lib/gcc/x86_64-unknown-linux-gnu/4.9.3/
LIBRARY_PATH=/cvmfs/sft.cern.ch/lcg/contrib/gcc/4.9.3/x86_64-slc6/bin/../lib/gcc/x86_64-unknown-linux-gnu/4.9.3/:/cvmfs/sft.cern.ch/lcg/contrib/gcc/4.9.3/x86_64-slc6/bin/../lib/gcc/:/cvmfs/sft.cern.ch/lcg/contrib/gcc/4.9.3/x86_64-slc6/bin/../lib/gcc/x86_64-unknown-linux-gnu/4.9.3/../../../../lib64/:/lib/../lib64/:/usr/lib/../lib64/:/cvmfs/sft.cern.ch/lcg/contrib/gcc/4.9.3/x86_64-slc6/bin/../lib/gcc/x86_64-unknown-linux-gnu/4.9.3/../../../:/lib/:/usr/lib/
COLLECT_GCC_OPTIONS='-v' '-o' 'cmTC_ef40f' '-shared-libgcc' '-mtune=generic' '-march=x86-64'
 /cvmfs/sft.cern.ch/lcg/contrib/gcc/4.9.3/x86_64-slc6/bin/../libexec/gcc/x86_64-unknown-linux-gnu/4.9.3/collect2 --eh-frame-hdr -m elf_x86_64 -dynamic-linker /lib64/ld-linux-x86-64.so.2 -o cmTC_ef40f /usr/lib/../lib64/crt1.o /usr/lib/../lib64/crti.o /cvmfs/sft.cern.ch/lcg/contrib/gcc/4.9.3/x86_64-slc6/bin/../lib/gcc/x86_64-unknown-linux-gnu/4.9.3/crtbegin.o -L/cvmfs/sft.cern.ch/lcg/contrib/gcc/4.9.3/x86_64-slc6/bin/../lib/gcc/x86_64-unknown-linux-gnu/4.9.3 -L/cvmfs/sft.cern.ch/lcg/contrib/gcc/4.9.3/x86_64-slc6/bin/../lib/gcc -L/cvmfs/sft.cern.ch/lcg/contrib/gcc/4.9.3/x86_64-slc6/bin/../lib/gcc/x86_64-unknown-linux-gnu/4.9.3/../../../../lib64 -L/lib/../lib64 -L/usr/lib/../lib64 -L/cvmfs/sft.cern.ch/lcg/contrib/gcc/4.9.3/x86_64-slc6/bin/../lib/gcc/x86_64-unknown-linux-gnu/4.9.3/../../.. CMakeFiles/cmTC_ef40f.dir/CMakeFortranCompilerABI.F.o -lgfortran -lm -lgcc_s -lgcc -lquadmath -lm -lgcc_s -lgcc -lc -lgcc_s -lgcc /cvmfs/sft.cern.ch/lcg/contrib/gcc/4.9.3/x86_64-slc6/bin/../lib/gcc/x86_64-unknown-linux-gnu/4.9.3/crtend.o /usr/lib/../lib64/crtn.o
gmake[2]: Leaving directory `/afs/cern.ch/na62/offline/NA62FW/dev/rcurrent/NA62Reconstruction/build-slc6/CMakeFiles/CMakeTmp'
gmake[1]: Leaving directory `/afs/cern.ch/na62/offline/NA62FW/dev/rcurrent/NA62Reconstruction/build-slc6/CMakeFiles/CMakeTmp'


Parsed Fortran implicit link information from above output:
  link line regex: [^( *|.*[/\])(ld|([^/\]+-)?ld|collect2)[^/\]*( |$)]
  ignore line: [Change Dir: /afs/cern.ch/na62/offline/NA62FW/dev/rcurrent/NA62Reconstruction/build-slc6/CMakeFiles/CMakeTmp]
  ignore line: []
  ignore line: [Run Build Command:"/usr/bin/gmake" "cmTC_ef40f/fast"]
  ignore line: [gmake[1]: Entering directory `/afs/cern.ch/na62/offline/NA62FW/dev/rcurrent/NA62Reconstruction/build-slc6/CMakeFiles/CMakeTmp']
  ignore line: [/usr/bin/gmake -f CMakeFiles/cmTC_ef40f.dir/build.make CMakeFiles/cmTC_ef40f.dir/build]
  ignore line: [gmake[2]: Entering directory `/afs/cern.ch/na62/offline/NA62FW/dev/rcurrent/NA62Reconstruction/build-slc6/CMakeFiles/CMakeTmp']
  ignore line: [Building Fortran object CMakeFiles/cmTC_ef40f.dir/CMakeFortranCompilerABI.F.o]
  ignore line: [/cvmfs/sft.cern.ch/lcg/releases/LCG_86/gcc/4.9.3/x86_64-slc6/bin/gfortran     -c /cvmfs/sft.cern.ch/lcg/releases/CMake/3.5.2-a9b03/x86_64-slc6-gcc49-opt/share/cmake-3.5/Modules/CMakeFortranCompilerABI.F -o CMakeFiles/cmTC_ef40f.dir/CMakeFortranCompilerABI.F.o]
  ignore line: [Linking Fortran executable cmTC_ef40f]
  ignore line: [/cvmfs/sft.cern.ch/lcg/releases/CMake/3.5.2-a9b03/x86_64-slc6-gcc49-opt/bin/cmake -E cmake_link_script CMakeFiles/cmTC_ef40f.dir/link.txt --verbose=1]
  ignore line: [/cvmfs/sft.cern.ch/lcg/releases/LCG_86/gcc/4.9.3/x86_64-slc6/bin/gfortran    -v   CMakeFiles/cmTC_ef40f.dir/CMakeFortranCompilerABI.F.o  -o cmTC_ef40f   ]
  ignore line: [Driving: /cvmfs/sft.cern.ch/lcg/releases/LCG_86/gcc/4.9.3/x86_64-slc6/bin/gfortran -v CMakeFiles/cmTC_ef40f.dir/CMakeFortranCompilerABI.F.o -o cmTC_ef40f -l gfortran -l m -shared-libgcc]
  ignore line: [Using built-in specs.]
  ignore line: [COLLECT_GCC=/cvmfs/sft.cern.ch/lcg/releases/LCG_86/gcc/4.9.3/x86_64-slc6/bin/gfortran]
  ignore line: [COLLECT_LTO_WRAPPER=/cvmfs/sft.cern.ch/lcg/contrib/gcc/4.9.3/x86_64-slc6/bin/../libexec/gcc/x86_64-unknown-linux-gnu/4.9.3/lto-wrapper]
  ignore line: [Target: x86_64-unknown-linux-gnu]
  ignore line: [Configured with: ../gcc-4.9.3/configure --prefix=/build/pmendez-sftnight/install-493/ --with-system-zlib --disable-multilib --enable-languages=all]
  ignore line: [Thread model: posix]
  ignore line: [gcc version 4.9.3 (GCC) ]
  ignore line: [Reading specs from /cvmfs/sft.cern.ch/lcg/contrib/gcc/4.9.3/x86_64-slc6/bin/../lib/gcc/x86_64-unknown-linux-gnu/4.9.3/../../../../lib64/libgfortran.spec]
  ignore line: [rename spec lib to liborig]
  ignore line: [COLLECT_GCC_OPTIONS='-v' '-o' 'cmTC_ef40f' '-shared-libgcc' '-mtune=generic' '-march=x86-64']
  ignore line: [COMPILER_PATH=/cvmfs/sft.cern.ch/lcg/contrib/gcc/4.9.3/x86_64-slc6/bin/../libexec/gcc/x86_64-unknown-linux-gnu/4.9.3/:/cvmfs/sft.cern.ch/lcg/contrib/gcc/4.9.3/x86_64-slc6/bin/../libexec/gcc/:/cvmfs/sft.cern.ch/lcg/releases/LCG_86/gcc/4.9.3/x86_64-slc6/lib/gcc/x86_64-unknown-linux-gnu/4.9.3/]
  ignore line: [LIBRARY_PATH=/cvmfs/sft.cern.ch/lcg/contrib/gcc/4.9.3/x86_64-slc6/bin/../lib/gcc/x86_64-unknown-linux-gnu/4.9.3/:/cvmfs/sft.cern.ch/lcg/contrib/gcc/4.9.3/x86_64-slc6/bin/../lib/gcc/:/cvmfs/sft.cern.ch/lcg/contrib/gcc/4.9.3/x86_64-slc6/bin/../lib/gcc/x86_64-unknown-linux-gnu/4.9.3/../../../../lib64/:/lib/../lib64/:/usr/lib/../lib64/:/cvmfs/sft.cern.ch/lcg/contrib/gcc/4.9.3/x86_64-slc6/bin/../lib/gcc/x86_64-unknown-linux-gnu/4.9.3/../../../:/lib/:/usr/lib/]
  ignore line: [COLLECT_GCC_OPTIONS='-v' '-o' 'cmTC_ef40f' '-shared-libgcc' '-mtune=generic' '-march=x86-64']
  link line: [ /cvmfs/sft.cern.ch/lcg/contrib/gcc/4.9.3/x86_64-slc6/bin/../libexec/gcc/x86_64-unknown-linux-gnu/4.9.3/collect2 --eh-frame-hdr -m elf_x86_64 -dynamic-linker /lib64/ld-linux-x86-64.so.2 -o cmTC_ef40f /usr/lib/../lib64/crt1.o /usr/lib/../lib64/crti.o /cvmfs/sft.cern.ch/lcg/contrib/gcc/4.9.3/x86_64-slc6/bin/../lib/gcc/x86_64-unknown-linux-gnu/4.9.3/crtbegin.o -L/cvmfs/sft.cern.ch/lcg/contrib/gcc/4.9.3/x86_64-slc6/bin/../lib/gcc/x86_64-unknown-linux-gnu/4.9.3 -L/cvmfs/sft.cern.ch/lcg/contrib/gcc/4.9.3/x86_64-slc6/bin/../lib/gcc -L/cvmfs/sft.cern.ch/lcg/contrib/gcc/4.9.3/x86_64-slc6/bin/../lib/gcc/x86_64-unknown-linux-gnu/4.9.3/../../../../lib64 -L/lib/../lib64 -L/usr/lib/../lib64 -L/cvmfs/sft.cern.ch/lcg/contrib/gcc/4.9.3/x86_64-slc6/bin/../lib/gcc/x86_64-unknown-linux-gnu/4.9.3/../../.. CMakeFiles/cmTC_ef40f.dir/CMakeFortranCompilerABI.F.o -lgfortran -lm -lgcc_s -lgcc -lquadmath -lm -lgcc_s -lgcc -lc -lgcc_s -lgcc /cvmfs/sft.cern.ch/lcg/contrib/gcc/4.9.3/x86_64-slc6/bin/../lib/gcc/x86_64-unknown-linux-gnu/4.9.3/crtend.o /usr/lib/../lib64/crtn.o]
    arg [/cvmfs/sft.cern.ch/lcg/contrib/gcc/4.9.3/x86_64-slc6/bin/../libexec/gcc/x86_64-unknown-linux-gnu/4.9.3/collect2] ==> ignore
    arg [--eh-frame-hdr] ==> ignore
    arg [-m] ==> ignore
    arg [elf_x86_64] ==> ignore
    arg [-dynamic-linker] ==> ignore
    arg [/lib64/ld-linux-x86-64.so.2] ==> ignore
    arg [-o] ==> ignore
    arg [cmTC_ef40f] ==> ignore
    arg [/usr/lib/../lib64/crt1.o] ==> ignore
    arg [/usr/lib/../lib64/crti.o] ==> ignore
    arg [/cvmfs/sft.cern.ch/lcg/contrib/gcc/4.9.3/x86_64-slc6/bin/../lib/gcc/x86_64-unknown-linux-gnu/4.9.3/crtbegin.o] ==> ignore
    arg [-L/cvmfs/sft.cern.ch/lcg/contrib/gcc/4.9.3/x86_64-slc6/bin/../lib/gcc/x86_64-unknown-linux-gnu/4.9.3] ==> dir [/cvmfs/sft.cern.ch/lcg/contrib/gcc/4.9.3/x86_64-slc6/bin/../lib/gcc/x86_64-unknown-linux-gnu/4.9.3]
    arg [-L/cvmfs/sft.cern.ch/lcg/contrib/gcc/4.9.3/x86_64-slc6/bin/../lib/gcc] ==> dir [/cvmfs/sft.cern.ch/lcg/contrib/gcc/4.9.3/x86_64-slc6/bin/../lib/gcc]
    arg [-L/cvmfs/sft.cern.ch/lcg/contrib/gcc/4.9.3/x86_64-slc6/bin/../lib/gcc/x86_64-unknown-linux-gnu/4.9.3/../../../../lib64] ==> dir [/cvmfs/sft.cern.ch/lcg/contrib/gcc/4.9.3/x86_64-slc6/bin/../lib/gcc/x86_64-unknown-linux-gnu/4.9.3/../../../../lib64]
    arg [-L/lib/../lib64] ==> dir [/lib/../lib64]
    arg [-L/usr/lib/../lib64] ==> dir [/usr/lib/../lib64]
    arg [-L/cvmfs/sft.cern.ch/lcg/contrib/gcc/4.9.3/x86_64-slc6/bin/../lib/gcc/x86_64-unknown-linux-gnu/4.9.3/../../..] ==> dir [/cvmfs/sft.cern.ch/lcg/contrib/gcc/4.9.3/x86_64-slc6/bin/../lib/gcc/x86_64-unknown-linux-gnu/4.9.3/../../..]
    arg [CMakeFiles/cmTC_ef40f.dir/CMakeFortranCompilerABI.F.o] ==> ignore
    arg [-lgfortran] ==> lib [gfortran]
    arg [-lm] ==> lib [m]
    arg [-lgcc_s] ==> lib [gcc_s]
    arg [-lgcc] ==> lib [gcc]
    arg [-lquadmath] ==> lib [quadmath]
    arg [-lm] ==> lib [m]
    arg [-lgcc_s] ==> lib [gcc_s]
    arg [-lgcc] ==> lib [gcc]
    arg [-lc] ==> lib [c]
    arg [-lgcc_s] ==> lib [gcc_s]
    arg [-lgcc] ==> lib [gcc]
    arg [/cvmfs/sft.cern.ch/lcg/contrib/gcc/4.9.3/x86_64-slc6/bin/../lib/gcc/x86_64-unknown-linux-gnu/4.9.3/crtend.o] ==> ignore
    arg [/usr/lib/../lib64/crtn.o] ==> ignore
  remove lib [gcc_s]
  remove lib [gcc]
  remove lib [gcc_s]
  remove lib [gcc]
  remove lib [gcc_s]
  remove lib [gcc]
  collapse library dir [/cvmfs/sft.cern.ch/lcg/contrib/gcc/4.9.3/x86_64-slc6/bin/../lib/gcc/x86_64-unknown-linux-gnu/4.9.3] ==> [/cvmfs/sft.cern.ch/lcg/contrib/gcc/4.9.3/x86_64-slc6/lib/gcc/x86_64-unknown-linux-gnu/4.9.3]
  collapse library dir [/cvmfs/sft.cern.ch/lcg/contrib/gcc/4.9.3/x86_64-slc6/bin/../lib/gcc] ==> [/cvmfs/sft.cern.ch/lcg/contrib/gcc/4.9.3/x86_64-slc6/lib/gcc]
  collapse library dir [/cvmfs/sft.cern.ch/lcg/contrib/gcc/4.9.3/x86_64-slc6/bin/../lib/gcc/x86_64-unknown-linux-gnu/4.9.3/../../../../lib64] ==> [/cvmfs/sft.cern.ch/lcg/contrib/gcc/4.9.3/x86_64-slc6/lib64]
  collapse library dir [/lib/../lib64] ==> [/lib64]
  collapse library dir [/usr/lib/../lib64] ==> [/usr/lib64]
  collapse library dir [/cvmfs/sft.cern.ch/lcg/contrib/gcc/4.9.3/x86_64-slc6/bin/../lib/gcc/x86_64-unknown-linux-gnu/4.9.3/../../..] ==> [/cvmfs/sft.cern.ch/lcg/contrib/gcc/4.9.3/x86_64-slc6/lib]
  implicit libs: [gfortran;m;quadmath;m;c]
  implicit dirs: [/cvmfs/sft.cern.ch/lcg/contrib/gcc/4.9.3/x86_64-slc6/lib/gcc/x86_64-unknown-linux-gnu/4.9.3;/cvmfs/sft.cern.ch/lcg/contrib/gcc/4.9.3/x86_64-slc6/lib/gcc;/cvmfs/sft.cern.ch/lcg/contrib/gcc/4.9.3/x86_64-slc6/lib64;/lib64;/usr/lib64;/cvmfs/sft.cern.ch/lcg/contrib/gcc/4.9.3/x86_64-slc6/lib]
  implicit fwks: []


Determining if the Fortran compiler supports Fortran 90 passed with the following output:
Change Dir: /afs/cern.ch/na62/offline/NA62FW/dev/rcurrent/NA62Reconstruction/build-slc6/CMakeFiles/CMakeTmp

Run Build Command:"/usr/bin/gmake" "cmTC_79cf7/fast"
gmake[1]: Entering directory `/afs/cern.ch/na62/offline/NA62FW/dev/rcurrent/NA62Reconstruction/build-slc6/CMakeFiles/CMakeTmp'
/usr/bin/gmake -f CMakeFiles/cmTC_79cf7.dir/build.make CMakeFiles/cmTC_79cf7.dir/build
gmake[2]: Entering directory `/afs/cern.ch/na62/offline/NA62FW/dev/rcurrent/NA62Reconstruction/build-slc6/CMakeFiles/CMakeTmp'
Building Fortran object CMakeFiles/cmTC_79cf7.dir/testFortranCompilerF90.f90.o
/cvmfs/sft.cern.ch/lcg/releases/LCG_86/gcc/4.9.3/x86_64-slc6/bin/gfortran     -c /afs/cern.ch/na62/offline/NA62FW/dev/rcurrent/NA62Reconstruction/build-slc6/CMakeFiles/CMakeTmp/testFortranCompilerF90.f90 -o CMakeFiles/cmTC_79cf7.dir/testFortranCompilerF90.f90.o
Linking Fortran executable cmTC_79cf7
/cvmfs/sft.cern.ch/lcg/releases/CMake/3.5.2-a9b03/x86_64-slc6-gcc49-opt/bin/cmake -E cmake_link_script CMakeFiles/cmTC_79cf7.dir/link.txt --verbose=1
/cvmfs/sft.cern.ch/lcg/releases/LCG_86/gcc/4.9.3/x86_64-slc6/bin/gfortran       CMakeFiles/cmTC_79cf7.dir/testFortranCompilerF90.f90.o  -o cmTC_79cf7  
gmake[2]: Leaving directory `/afs/cern.ch/na62/offline/NA62FW/dev/rcurrent/NA62Reconstruction/build-slc6/CMakeFiles/CMakeTmp'
gmake[1]: Leaving directory `/afs/cern.ch/na62/offline/NA62FW/dev/rcurrent/NA62Reconstruction/build-slc6/CMakeFiles/CMakeTmp'


